This file contains any messages produced by compilers while
running configure, to aid debugging if configure makes a mistake.

It was created by BitcoinClassic Core configure 1.0.0, which was
generated by GNU Autoconf 2.69.  Invocation command line was

  $ ./configure --disable-tests --disable-bench --with-unsupported-ssl

## --------- ##
## Platform. ##
## --------- ##

hostname = bld
uname -m = x86_64
uname -r = 4.15.0-70-generic
uname -s = Linux
uname -v = #79-Ubuntu SMP Tue Nov 12 10:36:11 UTC 2019

/usr/bin/uname -p = unknown
/bin/uname -X     = unknown

/bin/arch              = unknown
/usr/bin/arch -k       = unknown
/usr/convex/getsysinfo = unknown
/usr/bin/hostinfo      = unknown
/bin/machine           = unknown
/usr/bin/oslevel       = unknown
/bin/universe          = unknown

PATH: /usr/bin
PATH: /bin


## ----------- ##
## Core tests. ##
## ----------- ##

configure:3053: loading site script /home/administrator/walletbuilders/build_environment/pivx/3.3.0/depends/x86_64-w64-linux/share/config.site
| depends_prefix="`dirname ${ac_site_file}`/.."
| 
| cross_compiling=maybe
| host_alias=x86_64-w64-linux
| ac_tool_prefix=${host_alias}-
| 
| if test -z $with_boost; then
|   with_boost=$depends_prefix
| fi
| if test -z $with_qt_plugindir; then
|   with_qt_plugindir=$depends_prefix/plugins
| fi
| if test -z $with_qt_translationdir; then
|   with_qt_translationdir=$depends_prefix/translations
| fi
| if test -z $with_qt_bindir && test -z ""; then
|   with_qt_bindir=$depends_prefix/native/bin
| fi
| if test -z $with_protoc_bindir && test -z ""; then
|   with_protoc_bindir=$depends_prefix/native/bin
| fi
| 
| 
| if test -z $enable_wallet && test -n ""; then
|   enable_wallet=no
| fi
| 
| if test -z $with_miniupnpc && test -n ""; then
|   with_miniupnpc=no
| fi
| 
| if test -z $with_gui && test -n ""; then
|   with_gui=no
| fi
| 
| if test -z $enable_zmq && test -n ""; then
|   enable_zmq=no
| fi
| 
| if test xlinux = xdarwin; then
|   BREW=no
|   PORT=no
| fi
| 
| if test xlinux = xmingw32; then
|   if test -z $with_qt_incdir; then
|     with_qt_incdir=$depends_prefix/include
|   fi
|   if test -z $with_qt_libdir; then
|     with_qt_libdir=$depends_prefix/lib
|   fi
| fi
| 
| PATH=$depends_prefix/native/bin:$PATH
| PKG_CONFIG="`which pkg-config` --static"
| 
| # These two need to remain exported because pkg-config does not see them
| # otherwise. That means they must be unexported at the end of configure.ac to
| # avoid ruining the cache. Sigh.
| export PKG_CONFIG_PATH=$depends_prefix/share/pkgconfig:$depends_prefix/lib/pkgconfig
| if test -z ""; then
|   export PKGCONFIG_LIBDIR=
| fi
| 
| CPPFLAGS="-I$depends_prefix/include/ $CPPFLAGS"
| LDFLAGS="-L$depends_prefix/lib $LDFLAGS"
| 
| if test -n "gcc -m64" -a -z "${CC}"; then
|   CC="gcc -m64"
| fi
| if test -n "g++ -m64" -a -z "${CXX}"; then
|   CXX="g++ -m64"
| fi
| PYTHONPATH=$depends_prefix/native/lib/python3/dist-packages:$PYTHONPATH
| 
| if test -n "ar"; then
|   AR=ar
|   ac_cv_path_ac_pt_AR=${AR}
| fi
| 
| if test -n "ranlib"; then
|   RANLIB=ranlib
|   ac_cv_path_ac_pt_RANLIB=${RANLIB}
| fi
| 
| if test -n "nm"; then
|   NM=nm
|   ac_cv_path_ac_pt_NM=${NM}
| fi
| 
| if test -n ""; then
|   enable_reduce_exports=no
| fi
| 
| if test -n "-pipe -O2"; then
|   CFLAGS="-pipe -O2 $CFLAGS"
| fi
| if test -n "-pipe -O2"; then
|   CXXFLAGS="-pipe -O2 $CXXFLAGS"
| fi
| if test -n ""; then
|   CPPFLAGS=" $CPPFLAGS"
| fi
| if test -n ""; then
|   LDFLAGS=" $LDFLAGS"
| fi
configure:3197: checking build system type
configure:3211: result: x86_64-pc-linux-gnu
configure:3231: checking host system type
configure:3244: result: x86_64-w64-linux-gnu
configure:3287: checking for a BSD-compatible install
configure:3355: result: /usr/bin/install -c
configure:3366: checking whether build environment is sane
configure:3421: result: yes
configure:3480: checking for x86_64-w64-linux-strip
configure:3510: result: no
configure:3520: checking for strip
configure:3536: found /usr/bin/strip
configure:3547: result: strip
configure:3572: checking for a thread-safe mkdir -p
configure:3611: result: /bin/mkdir -p
configure:3618: checking for gawk
configure:3634: found /usr/bin/gawk
configure:3645: result: gawk
configure:3656: checking whether make sets $(MAKE)
configure:3678: result: yes
configure:3707: checking whether make supports nested variables
configure:3724: result: yes
configure:3843: checking whether to enable maintainer-specific portions of Makefiles
configure:3852: result: yes
configure:3877: checking whether make supports nested variables
configure:3894: result: yes
configure:4023: checking for C++ compiler version
configure:4032: g++ -m64 --version >&5
g++ (Ubuntu 7.4.0-1ubuntu1~18.04.1) 7.4.0
Copyright (C) 2017 Free Software Foundation, Inc.
This is free software; see the source for copying conditions.  There is NO
warranty; not even for MERCHANTABILITY or FITNESS FOR A PARTICULAR PURPOSE.

configure:4043: $? = 0
configure:4032: g++ -m64 -v >&5
Using built-in specs.
COLLECT_GCC=g++
COLLECT_LTO_WRAPPER=/usr/lib/gcc/x86_64-linux-gnu/7/lto-wrapper
OFFLOAD_TARGET_NAMES=nvptx-none
OFFLOAD_TARGET_DEFAULT=1
Target: x86_64-linux-gnu
Configured with: ../src/configure -v --with-pkgversion='Ubuntu 7.4.0-1ubuntu1~18.04.1' --with-bugurl=file:///usr/share/doc/gcc-7/README.Bugs --enable-languages=c,ada,c++,go,brig,d,fortran,objc,obj-c++ --prefix=/usr --with-gcc-major-version-only --program-suffix=-7 --program-prefix=x86_64-linux-gnu- --enable-shared --enable-linker-build-id --libexecdir=/usr/lib --without-included-gettext --enable-threads=posix --libdir=/usr/lib --enable-nls --with-sysroot=/ --enable-clocale=gnu --enable-libstdcxx-debug --enable-libstdcxx-time=yes --with-default-libstdcxx-abi=new --enable-gnu-unique-object --disable-vtable-verify --enable-libmpx --enable-plugin --enable-default-pie --with-system-zlib --with-target-system-zlib --enable-objc-gc=auto --enable-multiarch --disable-werror --with-arch-32=i686 --with-abi=m64 --with-multilib-list=m32,m64,mx32 --enable-multilib --with-tune=generic --enable-offload-targets=nvptx-none --without-cuda-driver --enable-checking=release --build=x86_64-linux-gnu --host=x86_64-linux-gnu --target=x86_64-linux-gnu
Thread model: posix
gcc version 7.4.0 (Ubuntu 7.4.0-1ubuntu1~18.04.1) 
configure:4043: $? = 0
configure:4032: g++ -m64 -V >&5
g++: error: unrecognized command line option '-V'
g++: fatal error: no input files
compilation terminated.
configure:4043: $? = 1
configure:4032: g++ -m64 -qversion >&5
g++: error: unrecognized command line option '-qversion'; did you mean '--version'?
g++: fatal error: no input files
compilation terminated.
configure:4043: $? = 1
configure:4063: checking whether the C++ compiler works
configure:4085: g++ -m64 -pipe -O2  -I/home/administrator/walletbuilders/build_environment/pivx/3.3.0/depends/x86_64-w64-linux/share/../include/  -L/home/administrator/walletbuilders/build_environment/pivx/3.3.0/depends/x86_64-w64-linux/share/../lib  conftest.cpp  >&5
configure:4089: $? = 0
configure:4137: result: yes
configure:4140: checking for C++ compiler default output file name
configure:4142: result: a.out
configure:4148: checking for suffix of executables
configure:4155: g++ -m64 -o conftest -pipe -O2  -I/home/administrator/walletbuilders/build_environment/pivx/3.3.0/depends/x86_64-w64-linux/share/../include/  -L/home/administrator/walletbuilders/build_environment/pivx/3.3.0/depends/x86_64-w64-linux/share/../lib  conftest.cpp  >&5
configure:4159: $? = 0
configure:4181: result: 
configure:4203: checking whether we are cross compiling
configure:4211: g++ -m64 -o conftest -pipe -O2  -I/home/administrator/walletbuilders/build_environment/pivx/3.3.0/depends/x86_64-w64-linux/share/../include/  -L/home/administrator/walletbuilders/build_environment/pivx/3.3.0/depends/x86_64-w64-linux/share/../lib  conftest.cpp  >&5
configure:4215: $? = 0
configure:4222: ./conftest
configure:4226: $? = 0
configure:4241: result: no
configure:4246: checking for suffix of object files
configure:4268: g++ -m64 -c -pipe -O2  -I/home/administrator/walletbuilders/build_environment/pivx/3.3.0/depends/x86_64-w64-linux/share/../include/  conftest.cpp >&5
configure:4272: $? = 0
configure:4293: result: o
configure:4297: checking whether we are using the GNU C++ compiler
configure:4316: g++ -m64 -c -pipe -O2  -I/home/administrator/walletbuilders/build_environment/pivx/3.3.0/depends/x86_64-w64-linux/share/../include/  conftest.cpp >&5
configure:4316: $? = 0
configure:4325: result: yes
configure:4334: checking whether g++ -m64 accepts -g
configure:4354: g++ -m64 -c -g -I/home/administrator/walletbuilders/build_environment/pivx/3.3.0/depends/x86_64-w64-linux/share/../include/  conftest.cpp >&5
configure:4354: $? = 0
configure:4395: result: yes
configure:4429: checking for style of include used by make
configure:4457: result: GNU
configure:4483: checking dependency style of g++ -m64
configure:4594: result: gcc3
configure:4632: checking whether g++ -m64 supports C++11 features with -std=c++11
configure:4928: g++ -m64 -std=c++11 -c -pipe -O2  -I/home/administrator/walletbuilders/build_environment/pivx/3.3.0/depends/x86_64-w64-linux/share/../include/  conftest.cpp >&5
configure:4928: $? = 0
configure:4937: result: yes
configure:4981: checking whether std::atomic can be used without link library
configure:4999: g++ -m64 -std=c++11 -o conftest -pipe -O2  -I/home/administrator/walletbuilders/build_environment/pivx/3.3.0/depends/x86_64-w64-linux/share/../include/  -L/home/administrator/walletbuilders/build_environment/pivx/3.3.0/depends/x86_64-w64-linux/share/../lib  conftest.cpp  >&5
configure:4999: $? = 0
configure:5001: result: yes
configure:5070: checking for x86_64-w64-linux-g++
configure:5097: result: g++ -m64 -std=c++11
configure:5166: checking for Objective C++ compiler version
configure:5175: g++ -m64 -std=c++11 --version >&5
g++ (Ubuntu 7.4.0-1ubuntu1~18.04.1) 7.4.0
Copyright (C) 2017 Free Software Foundation, Inc.
This is free software; see the source for copying conditions.  There is NO
warranty; not even for MERCHANTABILITY or FITNESS FOR A PARTICULAR PURPOSE.

configure:5186: $? = 0
configure:5175: g++ -m64 -std=c++11 -v >&5
Using built-in specs.
COLLECT_GCC=g++
COLLECT_LTO_WRAPPER=/usr/lib/gcc/x86_64-linux-gnu/7/lto-wrapper
OFFLOAD_TARGET_NAMES=nvptx-none
OFFLOAD_TARGET_DEFAULT=1
Target: x86_64-linux-gnu
Configured with: ../src/configure -v --with-pkgversion='Ubuntu 7.4.0-1ubuntu1~18.04.1' --with-bugurl=file:///usr/share/doc/gcc-7/README.Bugs --enable-languages=c,ada,c++,go,brig,d,fortran,objc,obj-c++ --prefix=/usr --with-gcc-major-version-only --program-suffix=-7 --program-prefix=x86_64-linux-gnu- --enable-shared --enable-linker-build-id --libexecdir=/usr/lib --without-included-gettext --enable-threads=posix --libdir=/usr/lib --enable-nls --with-sysroot=/ --enable-clocale=gnu --enable-libstdcxx-debug --enable-libstdcxx-time=yes --with-default-libstdcxx-abi=new --enable-gnu-unique-object --disable-vtable-verify --enable-libmpx --enable-plugin --enable-default-pie --with-system-zlib --with-target-system-zlib --enable-objc-gc=auto --enable-multiarch --disable-werror --with-arch-32=i686 --with-abi=m64 --with-multilib-list=m32,m64,mx32 --enable-multilib --with-tune=generic --enable-offload-targets=nvptx-none --without-cuda-driver --enable-checking=release --build=x86_64-linux-gnu --host=x86_64-linux-gnu --target=x86_64-linux-gnu
Thread model: posix
gcc version 7.4.0 (Ubuntu 7.4.0-1ubuntu1~18.04.1) 
configure:5186: $? = 0
configure:5175: g++ -m64 -std=c++11 -V >&5
g++: error: unrecognized command line option '-V'
g++: fatal error: no input files
compilation terminated.
configure:5186: $? = 1
configure:5175: g++ -m64 -std=c++11 -qversion >&5
g++: error: unrecognized command line option '-qversion'; did you mean '--version'?
g++: fatal error: no input files
compilation terminated.
configure:5186: $? = 1
configure:5190: checking whether we are using the GNU Objective C++ compiler
configure:5209: g++ -m64 -std=c++11 -c  -I/home/administrator/walletbuilders/build_environment/pivx/3.3.0/depends/x86_64-w64-linux/share/../include/  conftest.mm >&5
g++: error trying to exec 'cc1objplus': execvp: No such file or directory
configure:5209: $? = 1
configure: failed program was:
| /* confdefs.h */
| #define PACKAGE_NAME "BitcoinClassic Core"
| #define PACKAGE_TARNAME "bitcoinclassic"
| #define PACKAGE_VERSION "1.0.0"
| #define PACKAGE_STRING "BitcoinClassic Core 1.0.0"
| #define PACKAGE_BUGREPORT "www.bitcoinclassic.org"
| #define PACKAGE_URL ""
| #define HAVE_CXX11 1
| /* end confdefs.h.  */
| 
| int
| main ()
| {
| #ifndef __GNUC__
|        choke me
| #endif
| 
|   ;
|   return 0;
| }
configure:5218: result: no
configure:5227: checking whether g++ -m64 -std=c++11 accepts -g
configure:5247: g++ -m64 -std=c++11 -c -g -I/home/administrator/walletbuilders/build_environment/pivx/3.3.0/depends/x86_64-w64-linux/share/../include/  conftest.mm >&5
g++: error trying to exec 'cc1objplus': execvp: No such file or directory
configure:5247: $? = 1
configure: failed program was:
| /* confdefs.h */
| #define PACKAGE_NAME "BitcoinClassic Core"
| #define PACKAGE_TARNAME "bitcoinclassic"
| #define PACKAGE_VERSION "1.0.0"
| #define PACKAGE_STRING "BitcoinClassic Core 1.0.0"
| #define PACKAGE_BUGREPORT "www.bitcoinclassic.org"
| #define PACKAGE_URL ""
| #define HAVE_CXX11 1
| /* end confdefs.h.  */
| 
| int
| main ()
| {
| 
|   ;
|   return 0;
| }
configure:5262: g++ -m64 -std=c++11 -c  -I/home/administrator/walletbuilders/build_environment/pivx/3.3.0/depends/x86_64-w64-linux/share/../include/  conftest.mm >&5
g++: error trying to exec 'cc1objplus': execvp: No such file or directory
configure:5262: $? = 1
configure: failed program was:
| /* confdefs.h */
| #define PACKAGE_NAME "BitcoinClassic Core"
| #define PACKAGE_TARNAME "bitcoinclassic"
| #define PACKAGE_VERSION "1.0.0"
| #define PACKAGE_STRING "BitcoinClassic Core 1.0.0"
| #define PACKAGE_BUGREPORT "www.bitcoinclassic.org"
| #define PACKAGE_URL ""
| #define HAVE_CXX11 1
| /* end confdefs.h.  */
| 
| int
| main ()
| {
| 
|   ;
|   return 0;
| }
configure:5278: g++ -m64 -std=c++11 -c -g -I/home/administrator/walletbuilders/build_environment/pivx/3.3.0/depends/x86_64-w64-linux/share/../include/  conftest.mm >&5
g++: error trying to exec 'cc1objplus': execvp: No such file or directory
configure:5278: $? = 1
configure: failed program was:
| /* confdefs.h */
| #define PACKAGE_NAME "BitcoinClassic Core"
| #define PACKAGE_TARNAME "bitcoinclassic"
| #define PACKAGE_VERSION "1.0.0"
| #define PACKAGE_STRING "BitcoinClassic Core 1.0.0"
| #define PACKAGE_BUGREPORT "www.bitcoinclassic.org"
| #define PACKAGE_URL ""
| #define HAVE_CXX11 1
| /* end confdefs.h.  */
| 
| int
| main ()
| {
| 
|   ;
|   return 0;
| }
configure:5288: result: no
configure:5313: checking dependency style of g++ -m64 -std=c++11
configure:5422: result: gcc3
configure:5485: checking how to print strings
configure:5512: result: printf
configure:5541: checking for x86_64-w64-linux-gcc
configure:5568: result: gcc -m64
configure:5837: checking for C compiler version
configure:5846: gcc -m64 --version >&5
gcc (Ubuntu 7.4.0-1ubuntu1~18.04.1) 7.4.0
Copyright (C) 2017 Free Software Foundation, Inc.
This is free software; see the source for copying conditions.  There is NO
warranty; not even for MERCHANTABILITY or FITNESS FOR A PARTICULAR PURPOSE.

configure:5857: $? = 0
configure:5846: gcc -m64 -v >&5
Using built-in specs.
COLLECT_GCC=gcc
COLLECT_LTO_WRAPPER=/usr/lib/gcc/x86_64-linux-gnu/7/lto-wrapper
OFFLOAD_TARGET_NAMES=nvptx-none
OFFLOAD_TARGET_DEFAULT=1
Target: x86_64-linux-gnu
Configured with: ../src/configure -v --with-pkgversion='Ubuntu 7.4.0-1ubuntu1~18.04.1' --with-bugurl=file:///usr/share/doc/gcc-7/README.Bugs --enable-languages=c,ada,c++,go,brig,d,fortran,objc,obj-c++ --prefix=/usr --with-gcc-major-version-only --program-suffix=-7 --program-prefix=x86_64-linux-gnu- --enable-shared --enable-linker-build-id --libexecdir=/usr/lib --without-included-gettext --enable-threads=posix --libdir=/usr/lib --enable-nls --with-sysroot=/ --enable-clocale=gnu --enable-libstdcxx-debug --enable-libstdcxx-time=yes --with-default-libstdcxx-abi=new --enable-gnu-unique-object --disable-vtable-verify --enable-libmpx --enable-plugin --enable-default-pie --with-system-zlib --with-target-system-zlib --enable-objc-gc=auto --enable-multiarch --disable-werror --with-arch-32=i686 --with-abi=m64 --with-multilib-list=m32,m64,mx32 --enable-multilib --with-tune=generic --enable-offload-targets=nvptx-none --without-cuda-driver --enable-checking=release --build=x86_64-linux-gnu --host=x86_64-linux-gnu --target=x86_64-linux-gnu
Thread model: posix
gcc version 7.4.0 (Ubuntu 7.4.0-1ubuntu1~18.04.1) 
configure:5857: $? = 0
configure:5846: gcc -m64 -V >&5
gcc: error: unrecognized command line option '-V'
gcc: fatal error: no input files
compilation terminated.
configure:5857: $? = 1
configure:5846: gcc -m64 -qversion >&5
gcc: error: unrecognized command line option '-qversion'; did you mean '--version'?
gcc: fatal error: no input files
compilation terminated.
configure:5857: $? = 1
configure:5861: checking whether we are using the GNU C compiler
configure:5880: gcc -m64 -c -pipe -O2  -I/home/administrator/walletbuilders/build_environment/pivx/3.3.0/depends/x86_64-w64-linux/share/../include/  conftest.c >&5
configure:5880: $? = 0
configure:5889: result: yes
configure:5898: checking whether gcc -m64 accepts -g
configure:5918: gcc -m64 -c -g -I/home/administrator/walletbuilders/build_environment/pivx/3.3.0/depends/x86_64-w64-linux/share/../include/  conftest.c >&5
configure:5918: $? = 0
configure:5959: result: yes
configure:5976: checking for gcc -m64 option to accept ISO C89
configure:6039: gcc -m64  -c -pipe -O2  -I/home/administrator/walletbuilders/build_environment/pivx/3.3.0/depends/x86_64-w64-linux/share/../include/  conftest.c >&5
configure:6039: $? = 0
configure:6052: result: none needed
configure:6077: checking whether gcc -m64 understands -c and -o together
configure:6099: gcc -m64 -c conftest.c -o conftest2.o
configure:6102: $? = 0
configure:6099: gcc -m64 -c conftest.c -o conftest2.o
configure:6102: $? = 0
configure:6114: result: yes
configure:6133: checking dependency style of gcc -m64
configure:6244: result: gcc3
configure:6259: checking for a sed that does not truncate output
configure:6323: result: /bin/sed
configure:6341: checking for grep that handles long lines and -e
configure:6399: result: /bin/grep
configure:6404: checking for egrep
configure:6466: result: /bin/grep -E
configure:6471: checking for fgrep
configure:6533: result: /bin/grep -F
configure:6568: checking for ld used by gcc -m64
configure:6635: result: /usr/bin/ld
configure:6642: checking if the linker (/usr/bin/ld) is GNU ld
configure:6657: result: yes
configure:6669: checking for BSD- or MS-compatible name lister (nm)
configure:6723: result: nm
configure:6853: checking the name lister (nm) interface
configure:6860: gcc -m64 -c -pipe -O2  -I/home/administrator/walletbuilders/build_environment/pivx/3.3.0/depends/x86_64-w64-linux/share/../include/  conftest.c >&5
configure:6863: nm "conftest.o"
configure:6866: output
0000000000000000 B some_variable
configure:6873: result: BSD nm
configure:6876: checking whether ln -s works
configure:6880: result: yes
configure:6888: checking the maximum length of command line arguments
configure:7019: result: 1572864
configure:7067: checking how to convert x86_64-pc-linux-gnu file names to x86_64-w64-linux-gnu format
configure:7107: result: func_convert_file_noop
configure:7114: checking how to convert x86_64-pc-linux-gnu file names to toolchain format
configure:7134: result: func_convert_file_noop
configure:7141: checking for /usr/bin/ld option to reload object files
configure:7148: result: -r
configure:7182: checking for x86_64-w64-linux-objdump
configure:7212: result: no
configure:7222: checking for objdump
configure:7238: found /usr/bin/objdump
configure:7249: result: objdump
configure:7281: checking how to recognize dependent libraries
configure:7481: result: pass_all
configure:7526: checking for x86_64-w64-linux-dlltool
configure:7556: result: no
configure:7566: checking for dlltool
configure:7596: result: no
configure:7626: checking how to associate runtime and link libraries
configure:7653: result: printf %s\n
configure:7670: checking for x86_64-w64-linux-ar
configure:7697: result: ar
configure:7778: checking for archiver @FILE support
configure:7795: gcc -m64 -c -pipe -O2  -I/home/administrator/walletbuilders/build_environment/pivx/3.3.0/depends/x86_64-w64-linux/share/../include/  conftest.c >&5
configure:7795: $? = 0
configure:7798: ar cru libconftest.a @conftest.lst >&5
ar: `u' modifier ignored since `D' is the default (see `U')
configure:7801: $? = 0
configure:7806: ar cru libconftest.a @conftest.lst >&5
ar: `u' modifier ignored since `D' is the default (see `U')
ar: conftest.o: No such file or directory
configure:7809: $? = 1
configure:7821: result: @
configure:7839: checking for x86_64-w64-linux-strip
configure:7866: result: strip
configure:7938: checking for x86_64-w64-linux-ranlib
configure:7965: result: ranlib
configure:8107: checking command to parse nm output from gcc -m64 object
configure:8260: gcc -m64 -c -pipe -O2  -I/home/administrator/walletbuilders/build_environment/pivx/3.3.0/depends/x86_64-w64-linux/share/../include/  conftest.c >&5
configure:8263: $? = 0
configure:8267: nm conftest.o \| sed -n -e 's/^.*[ ]\([ABCDGIRSTW][ABCDGIRSTW]*\)[ ][ ]*\([_A-Za-z][_A-Za-z0-9]*\)$/\1 \2 \2/p' | sed '/ __gnu_lto/d' \> conftest.nm
configure:8270: $? = 0
configure:8336: gcc -m64 -o conftest -pipe -O2  -I/home/administrator/walletbuilders/build_environment/pivx/3.3.0/depends/x86_64-w64-linux/share/../include/  -L/home/administrator/walletbuilders/build_environment/pivx/3.3.0/depends/x86_64-w64-linux/share/../lib  conftest.c conftstm.o >&5
configure:8339: $? = 0
configure:8377: result: ok
configure:8424: checking for sysroot
configure:8454: result: no
configure:8461: checking for a working dd
configure:8499: result: /bin/dd
configure:8503: checking how to truncate binary pipes
configure:8518: result: /bin/dd bs=4096 count=1
configure:8654: gcc -m64 -c -pipe -O2  -I/home/administrator/walletbuilders/build_environment/pivx/3.3.0/depends/x86_64-w64-linux/share/../include/  conftest.c >&5
configure:8657: $? = 0
configure:8807: checking for x86_64-w64-linux-mt
configure:8837: result: no
configure:8847: checking for mt
configure:8863: found /bin/mt
configure:8874: result: mt
configure:8897: checking if mt is a manifest tool
configure:8903: mt '-?'
configure:8911: result: no
configure:9588: checking how to run the C preprocessor
configure:9619: gcc -m64 -E -I/home/administrator/walletbuilders/build_environment/pivx/3.3.0/depends/x86_64-w64-linux/share/../include/  conftest.c
configure:9619: $? = 0
configure:9633: gcc -m64 -E -I/home/administrator/walletbuilders/build_environment/pivx/3.3.0/depends/x86_64-w64-linux/share/../include/  conftest.c
conftest.c:10:10: fatal error: ac_nonexistent.h: No such file or directory
 #include <ac_nonexistent.h>
          ^~~~~~~~~~~~~~~~~~
compilation terminated.
configure:9633: $? = 1
configure: failed program was:
| /* confdefs.h */
| #define PACKAGE_NAME "BitcoinClassic Core"
| #define PACKAGE_TARNAME "bitcoinclassic"
| #define PACKAGE_VERSION "1.0.0"
| #define PACKAGE_STRING "BitcoinClassic Core 1.0.0"
| #define PACKAGE_BUGREPORT "www.bitcoinclassic.org"
| #define PACKAGE_URL ""
| #define HAVE_CXX11 1
| /* end confdefs.h.  */
| #include <ac_nonexistent.h>
configure:9658: result: gcc -m64 -E
configure:9678: gcc -m64 -E -I/home/administrator/walletbuilders/build_environment/pivx/3.3.0/depends/x86_64-w64-linux/share/../include/  conftest.c
configure:9678: $? = 0
configure:9692: gcc -m64 -E -I/home/administrator/walletbuilders/build_environment/pivx/3.3.0/depends/x86_64-w64-linux/share/../include/  conftest.c
conftest.c:10:10: fatal error: ac_nonexistent.h: No such file or directory
 #include <ac_nonexistent.h>
          ^~~~~~~~~~~~~~~~~~
compilation terminated.
configure:9692: $? = 1
configure: failed program was:
| /* confdefs.h */
| #define PACKAGE_NAME "BitcoinClassic Core"
| #define PACKAGE_TARNAME "bitcoinclassic"
| #define PACKAGE_VERSION "1.0.0"
| #define PACKAGE_STRING "BitcoinClassic Core 1.0.0"
| #define PACKAGE_BUGREPORT "www.bitcoinclassic.org"
| #define PACKAGE_URL ""
| #define HAVE_CXX11 1
| /* end confdefs.h.  */
| #include <ac_nonexistent.h>
configure:9721: checking for ANSI C header files
configure:9741: gcc -m64 -c -pipe -O2  -I/home/administrator/walletbuilders/build_environment/pivx/3.3.0/depends/x86_64-w64-linux/share/../include/  conftest.c >&5
configure:9741: $? = 0
configure:9814: gcc -m64 -o conftest -pipe -O2  -I/home/administrator/walletbuilders/build_environment/pivx/3.3.0/depends/x86_64-w64-linux/share/../include/  -L/home/administrator/walletbuilders/build_environment/pivx/3.3.0/depends/x86_64-w64-linux/share/../lib  conftest.c  >&5
configure:9814: $? = 0
configure:9814: ./conftest
configure:9814: $? = 0
configure:9825: result: yes
configure:9838: checking for sys/types.h
configure:9838: gcc -m64 -c -pipe -O2  -I/home/administrator/walletbuilders/build_environment/pivx/3.3.0/depends/x86_64-w64-linux/share/../include/  conftest.c >&5
configure:9838: $? = 0
configure:9838: result: yes
configure:9838: checking for sys/stat.h
configure:9838: gcc -m64 -c -pipe -O2  -I/home/administrator/walletbuilders/build_environment/pivx/3.3.0/depends/x86_64-w64-linux/share/../include/  conftest.c >&5
configure:9838: $? = 0
configure:9838: result: yes
configure:9838: checking for stdlib.h
configure:9838: gcc -m64 -c -pipe -O2  -I/home/administrator/walletbuilders/build_environment/pivx/3.3.0/depends/x86_64-w64-linux/share/../include/  conftest.c >&5
configure:9838: $? = 0
configure:9838: result: yes
configure:9838: checking for string.h
configure:9838: gcc -m64 -c -pipe -O2  -I/home/administrator/walletbuilders/build_environment/pivx/3.3.0/depends/x86_64-w64-linux/share/../include/  conftest.c >&5
configure:9838: $? = 0
configure:9838: result: yes
configure:9838: checking for memory.h
configure:9838: gcc -m64 -c -pipe -O2  -I/home/administrator/walletbuilders/build_environment/pivx/3.3.0/depends/x86_64-w64-linux/share/../include/  conftest.c >&5
configure:9838: $? = 0
configure:9838: result: yes
configure:9838: checking for strings.h
configure:9838: gcc -m64 -c -pipe -O2  -I/home/administrator/walletbuilders/build_environment/pivx/3.3.0/depends/x86_64-w64-linux/share/../include/  conftest.c >&5
configure:9838: $? = 0
configure:9838: result: yes
configure:9838: checking for inttypes.h
configure:9838: gcc -m64 -c -pipe -O2  -I/home/administrator/walletbuilders/build_environment/pivx/3.3.0/depends/x86_64-w64-linux/share/../include/  conftest.c >&5
configure:9838: $? = 0
configure:9838: result: yes
configure:9838: checking for stdint.h
configure:9838: gcc -m64 -c -pipe -O2  -I/home/administrator/walletbuilders/build_environment/pivx/3.3.0/depends/x86_64-w64-linux/share/../include/  conftest.c >&5
configure:9838: $? = 0
configure:9838: result: yes
configure:9838: checking for unistd.h
configure:9838: gcc -m64 -c -pipe -O2  -I/home/administrator/walletbuilders/build_environment/pivx/3.3.0/depends/x86_64-w64-linux/share/../include/  conftest.c >&5
configure:9838: $? = 0
configure:9838: result: yes
configure:9852: checking for dlfcn.h
configure:9852: gcc -m64 -c -pipe -O2  -I/home/administrator/walletbuilders/build_environment/pivx/3.3.0/depends/x86_64-w64-linux/share/../include/  conftest.c >&5
configure:9852: $? = 0
configure:9852: result: yes
configure:10117: checking for objdir
configure:10132: result: .libs
configure:10396: checking if gcc -m64 supports -fno-rtti -fno-exceptions
configure:10414: gcc -m64 -c -pipe -O2  -I/home/administrator/walletbuilders/build_environment/pivx/3.3.0/depends/x86_64-w64-linux/share/../include/  -fno-rtti -fno-exceptions conftest.c >&5
cc1: warning: command line option '-fno-rtti' is valid for C++/ObjC++ but not for C
configure:10418: $? = 0
configure:10431: result: no
configure:10789: checking for gcc -m64 option to produce PIC
configure:10796: result: -fPIC -DPIC
configure:10804: checking if gcc -m64 PIC flag -fPIC -DPIC works
configure:10822: gcc -m64 -c -pipe -O2  -I/home/administrator/walletbuilders/build_environment/pivx/3.3.0/depends/x86_64-w64-linux/share/../include/  -fPIC -DPIC -DPIC conftest.c >&5
configure:10826: $? = 0
configure:10839: result: yes
configure:10868: checking if gcc -m64 static flag -static works
configure:10896: result: yes
configure:10911: checking if gcc -m64 supports -c -o file.o
configure:10932: gcc -m64 -c -pipe -O2  -I/home/administrator/walletbuilders/build_environment/pivx/3.3.0/depends/x86_64-w64-linux/share/../include/  -o out/conftest2.o conftest.c >&5
configure:10936: $? = 0
configure:10958: result: yes
configure:10966: checking if gcc -m64 supports -c -o file.o
configure:11013: result: yes
configure:11046: checking whether the gcc -m64 linker (/usr/bin/ld -m elf_x86_64) supports shared libraries
configure:12309: result: yes
configure:12346: checking whether -lc should be explicitly linked in
configure:12354: gcc -m64 -c -pipe -O2  -I/home/administrator/walletbuilders/build_environment/pivx/3.3.0/depends/x86_64-w64-linux/share/../include/  conftest.c >&5
configure:12357: $? = 0
configure:12372: gcc -m64 -shared  -fPIC -DPIC conftest.o  -v -Wl,-soname -Wl,conftest -o conftest 2\>\&1 \| /bin/grep  -lc  \>/dev/null 2\>\&1
configure:12375: $? = 0
configure:12389: result: no
configure:12549: checking dynamic linker characteristics
configure:13130: gcc -m64 -o conftest -pipe -O2  -I/home/administrator/walletbuilders/build_environment/pivx/3.3.0/depends/x86_64-w64-linux/share/../include/  -L/home/administrator/walletbuilders/build_environment/pivx/3.3.0/depends/x86_64-w64-linux/share/../lib  -Wl,-rpath -Wl,/foo conftest.c  >&5
configure:13130: $? = 0
configure:13379: result: GNU/Linux ld.so
configure:13501: checking how to hardcode library paths into programs
configure:13526: result: immediate
configure:14074: checking whether stripping libraries is possible
configure:14079: result: yes
configure:14114: checking if libtool supports shared libraries
configure:14116: result: yes
configure:14119: checking whether to build shared libraries
configure:14144: result: yes
configure:14147: checking whether to build static libraries
configure:14151: result: yes
configure:14174: checking how to run the C++ preprocessor
configure:14201: g++ -m64 -std=c++11 -E -I/home/administrator/walletbuilders/build_environment/pivx/3.3.0/depends/x86_64-w64-linux/share/../include/  conftest.cpp
configure:14201: $? = 0
configure:14215: g++ -m64 -std=c++11 -E -I/home/administrator/walletbuilders/build_environment/pivx/3.3.0/depends/x86_64-w64-linux/share/../include/  conftest.cpp
conftest.cpp:22:10: fatal error: ac_nonexistent.h: No such file or directory
 #include <ac_nonexistent.h>
          ^~~~~~~~~~~~~~~~~~
compilation terminated.
configure:14215: $? = 1
configure: failed program was:
| /* confdefs.h */
| #define PACKAGE_NAME "BitcoinClassic Core"
| #define PACKAGE_TARNAME "bitcoinclassic"
| #define PACKAGE_VERSION "1.0.0"
| #define PACKAGE_STRING "BitcoinClassic Core 1.0.0"
| #define PACKAGE_BUGREPORT "www.bitcoinclassic.org"
| #define PACKAGE_URL ""
| #define HAVE_CXX11 1
| #define STDC_HEADERS 1
| #define HAVE_SYS_TYPES_H 1
| #define HAVE_SYS_STAT_H 1
| #define HAVE_STDLIB_H 1
| #define HAVE_STRING_H 1
| #define HAVE_MEMORY_H 1
| #define HAVE_STRINGS_H 1
| #define HAVE_INTTYPES_H 1
| #define HAVE_STDINT_H 1
| #define HAVE_UNISTD_H 1
| #define HAVE_DLFCN_H 1
| #define LT_OBJDIR ".libs/"
| /* end confdefs.h.  */
| #include <ac_nonexistent.h>
configure:14240: result: g++ -m64 -std=c++11 -E
configure:14260: g++ -m64 -std=c++11 -E -I/home/administrator/walletbuilders/build_environment/pivx/3.3.0/depends/x86_64-w64-linux/share/../include/  conftest.cpp
configure:14260: $? = 0
configure:14274: g++ -m64 -std=c++11 -E -I/home/administrator/walletbuilders/build_environment/pivx/3.3.0/depends/x86_64-w64-linux/share/../include/  conftest.cpp
conftest.cpp:22:10: fatal error: ac_nonexistent.h: No such file or directory
 #include <ac_nonexistent.h>
          ^~~~~~~~~~~~~~~~~~
compilation terminated.
configure:14274: $? = 1
configure: failed program was:
| /* confdefs.h */
| #define PACKAGE_NAME "BitcoinClassic Core"
| #define PACKAGE_TARNAME "bitcoinclassic"
| #define PACKAGE_VERSION "1.0.0"
| #define PACKAGE_STRING "BitcoinClassic Core 1.0.0"
| #define PACKAGE_BUGREPORT "www.bitcoinclassic.org"
| #define PACKAGE_URL ""
| #define HAVE_CXX11 1
| #define STDC_HEADERS 1
| #define HAVE_SYS_TYPES_H 1
| #define HAVE_SYS_STAT_H 1
| #define HAVE_STDLIB_H 1
| #define HAVE_STRING_H 1
| #define HAVE_MEMORY_H 1
| #define HAVE_STRINGS_H 1
| #define HAVE_INTTYPES_H 1
| #define HAVE_STDINT_H 1
| #define HAVE_UNISTD_H 1
| #define HAVE_DLFCN_H 1
| #define LT_OBJDIR ".libs/"
| /* end confdefs.h.  */
| #include <ac_nonexistent.h>
configure:14436: checking for ld used by g++ -m64 -std=c++11
configure:14503: result: /usr/bin/ld -m elf_x86_64
configure:14510: checking if the linker (/usr/bin/ld -m elf_x86_64) is GNU ld
configure:14525: result: yes
configure:14580: checking whether the g++ -m64 -std=c++11 linker (/usr/bin/ld -m elf_x86_64) supports shared libraries
configure:15653: result: yes
configure:15689: g++ -m64 -std=c++11 -c -pipe -O2  -I/home/administrator/walletbuilders/build_environment/pivx/3.3.0/depends/x86_64-w64-linux/share/../include/  conftest.cpp >&5
configure:15692: $? = 0
configure:16173: checking for g++ -m64 -std=c++11 option to produce PIC
configure:16180: result: -fPIC -DPIC
configure:16188: checking if g++ -m64 -std=c++11 PIC flag -fPIC -DPIC works
configure:16206: g++ -m64 -std=c++11 -c -pipe -O2  -I/home/administrator/walletbuilders/build_environment/pivx/3.3.0/depends/x86_64-w64-linux/share/../include/  -fPIC -DPIC -DPIC conftest.cpp >&5
configure:16210: $? = 0
configure:16223: result: yes
configure:16246: checking if g++ -m64 -std=c++11 static flag -static works
configure:16274: result: yes
configure:16286: checking if g++ -m64 -std=c++11 supports -c -o file.o
configure:16307: g++ -m64 -std=c++11 -c -pipe -O2  -I/home/administrator/walletbuilders/build_environment/pivx/3.3.0/depends/x86_64-w64-linux/share/../include/  -o out/conftest2.o conftest.cpp >&5
configure:16311: $? = 0
configure:16333: result: yes
configure:16338: checking if g++ -m64 -std=c++11 supports -c -o file.o
configure:16385: result: yes
configure:16415: checking whether the g++ -m64 -std=c++11 linker (/usr/bin/ld -m elf_x86_64) supports shared libraries
configure:16458: result: yes
configure:16599: checking dynamic linker characteristics
configure:17356: result: GNU/Linux ld.so
configure:17421: checking how to hardcode library paths into programs
configure:17446: result: immediate
configure:17511: checking for x86_64-w64-linux-ar
configure:17544: result: no
configure:17554: checking for ar
configure:17584: result: ar
configure:17609: checking for x86_64-w64-linux-ranlib
configure:17642: result: no
configure:17652: checking for ranlib
configure:17682: result: ranlib
configure:17707: checking for x86_64-w64-linux-strip
configure:17740: result: no
configure:17750: checking for strip
configure:17768: found /usr/bin/strip
configure:17780: result: /usr/bin/strip
configure:17805: checking for x86_64-w64-linux-gcov
configure:17838: result: no
configure:17848: checking for gcov
configure:17866: found /usr/bin/gcov
configure:17878: result: /usr/bin/gcov
configure:17902: checking for lcov
configure:17935: result: no
configure:17944: checking for python3.5
configure:17977: result: no
configure:17944: checking for python3.6
configure:17962: found /usr/bin/python3.6
configure:17974: result: /usr/bin/python3.6
configure:17987: checking for genhtml
configure:18020: result: no
configure:18027: checking for git
configure:18045: found /usr/bin/git
configure:18057: result: /usr/bin/git
configure:18067: checking for ccache
configure:18100: result: no
configure:18107: checking for xgettext
configure:18140: result: no
configure:18147: checking for hexdump
configure:18165: found /usr/bin/hexdump
configure:18177: result: /usr/bin/hexdump
configure:18188: checking for x86_64-w64-linux-readelf
configure:18221: result: no
configure:18231: checking for readelf
configure:18249: found /usr/bin/readelf
configure:18261: result: /usr/bin/readelf
configure:18286: checking for x86_64-w64-linux-c++filt
configure:18319: result: no
configure:18329: checking for c++filt
configure:18347: found /usr/bin/c++filt
configure:18359: result: /usr/bin/c++filt
configure:18384: checking for x86_64-w64-linux-objcopy
configure:18417: result: no
configure:18427: checking for objcopy
configure:18445: found /usr/bin/objcopy
configure:18457: result: /usr/bin/objcopy
configure:18481: checking for doxygen
configure:18499: found /usr/bin/doxygen
configure:18511: result: /usr/bin/doxygen
configure:18753: checking whether C++ compiler accepts -Werror
configure:18772: g++ -m64 -std=c++11 -c -pipe -O2   -Werror -I/home/administrator/walletbuilders/build_environment/pivx/3.3.0/depends/x86_64-w64-linux/share/../include/  conftest.cpp >&5
configure:18772: $? = 0
configure:18780: result: yes
configure:19718: checking whether C++ compiler accepts -msse4.2
configure:19737: g++ -m64 -std=c++11 -c -pipe -O2  -Werror -msse4.2 -I/home/administrator/walletbuilders/build_environment/pivx/3.3.0/depends/x86_64-w64-linux/share/../include/  conftest.cpp >&5
configure:19737: $? = 0
configure:19746: result: yes
configure:19755: checking whether C++ compiler accepts -msse4.1
configure:19774: g++ -m64 -std=c++11 -c -pipe -O2  -Werror -msse4.1 -I/home/administrator/walletbuilders/build_environment/pivx/3.3.0/depends/x86_64-w64-linux/share/../include/  conftest.cpp >&5
configure:19774: $? = 0
configure:19783: result: yes
configure:19792: checking whether C++ compiler accepts -mavx -mavx2
configure:19811: g++ -m64 -std=c++11 -c -pipe -O2  -Werror -mavx -mavx2 -I/home/administrator/walletbuilders/build_environment/pivx/3.3.0/depends/x86_64-w64-linux/share/../include/  conftest.cpp >&5
configure:19811: $? = 0
configure:19820: result: yes
configure:19829: checking whether C++ compiler accepts -msse4 -msha
configure:19848: g++ -m64 -std=c++11 -c -pipe -O2  -Werror -msse4 -msha -I/home/administrator/walletbuilders/build_environment/pivx/3.3.0/depends/x86_64-w64-linux/share/../include/  conftest.cpp >&5
configure:19848: $? = 0
configure:19857: result: yes
configure:19868: checking for assembler crc32 support
configure:19894: g++ -m64 -std=c++11 -c -pipe -O2  -msse4.2 -I/home/administrator/walletbuilders/build_environment/pivx/3.3.0/depends/x86_64-w64-linux/share/../include/  conftest.cpp >&5
configure:19894: $? = 0
configure:19895: result: yes
configure:19907: checking for SSE4.1 intrinsics
configure:19926: g++ -m64 -std=c++11 -c -pipe -O2  -msse4.1 -I/home/administrator/walletbuilders/build_environment/pivx/3.3.0/depends/x86_64-w64-linux/share/../include/  conftest.cpp >&5
configure:19926: $? = 0
configure:19927: result: yes
configure:19941: checking for AVX2 intrinsics
configure:19960: g++ -m64 -std=c++11 -c -pipe -O2  -mavx -mavx2 -I/home/administrator/walletbuilders/build_environment/pivx/3.3.0/depends/x86_64-w64-linux/share/../include/  conftest.cpp >&5
configure:19960: $? = 0
configure:19961: result: yes
configure:19975: checking for SHA-NI intrinsics
configure:19996: g++ -m64 -std=c++11 -c -pipe -O2  -msse4 -msha -I/home/administrator/walletbuilders/build_environment/pivx/3.3.0/depends/x86_64-w64-linux/share/../include/  conftest.cpp >&5
configure:19996: $? = 0
configure:19997: result: yes
configure:21659: checking for x86_64-w64-linux-pkg-config
configure:21689: result: /usr/bin/pkg-config --static
configure:21757: checking pkg-config is at least version 0.9.0
configure:21760: result: yes
configure:21875: checking whether byte ordering is bigendian
configure:21890: g++ -m64 -std=c++11 -c -pipe -O2  -I/home/administrator/walletbuilders/build_environment/pivx/3.3.0/depends/x86_64-w64-linux/share/../include/  -DHAVE_BUILD_INFO -D__STDC_FORMAT_MACROS conftest.cpp >&5
conftest.cpp:27:9: error: expected unqualified-id before 'not' token
         not a universal capable compiler
         ^~~
configure:21890: $? = 1
configure: failed program was:
| /* confdefs.h */
| #define PACKAGE_NAME "BitcoinClassic Core"
| #define PACKAGE_TARNAME "bitcoinclassic"
| #define PACKAGE_VERSION "1.0.0"
| #define PACKAGE_STRING "BitcoinClassic Core 1.0.0"
| #define PACKAGE_BUGREPORT "www.bitcoinclassic.org"
| #define PACKAGE_URL ""
| #define HAVE_CXX11 1
| #define STDC_HEADERS 1
| #define HAVE_SYS_TYPES_H 1
| #define HAVE_SYS_STAT_H 1
| #define HAVE_STDLIB_H 1
| #define HAVE_STRING_H 1
| #define HAVE_MEMORY_H 1
| #define HAVE_STRINGS_H 1
| #define HAVE_INTTYPES_H 1
| #define HAVE_STDINT_H 1
| #define HAVE_UNISTD_H 1
| #define HAVE_DLFCN_H 1
| #define LT_OBJDIR ".libs/"
| #define USE_ASM 1
| #define ENABLE_SSE41 1
| #define ENABLE_AVX2 1
| #define ENABLE_SHANI 1
| /* end confdefs.h.  */
| #ifndef __APPLE_CC__
| 	       not a universal capable compiler
| 	     #endif
| 	     typedef int dummy;
| 
configure:21935: g++ -m64 -std=c++11 -c -pipe -O2  -I/home/administrator/walletbuilders/build_environment/pivx/3.3.0/depends/x86_64-w64-linux/share/../include/  -DHAVE_BUILD_INFO -D__STDC_FORMAT_MACROS conftest.cpp >&5
configure:21935: $? = 0
configure:21953: g++ -m64 -std=c++11 -c -pipe -O2  -I/home/administrator/walletbuilders/build_environment/pivx/3.3.0/depends/x86_64-w64-linux/share/../include/  -DHAVE_BUILD_INFO -D__STDC_FORMAT_MACROS conftest.cpp >&5
conftest.cpp: In function 'int main()':
conftest.cpp:33:8: error: 'big' was not declared in this scope
    not big endian
        ^~~
configure:21953: $? = 1
configure: failed program was:
| /* confdefs.h */
| #define PACKAGE_NAME "BitcoinClassic Core"
| #define PACKAGE_TARNAME "bitcoinclassic"
| #define PACKAGE_VERSION "1.0.0"
| #define PACKAGE_STRING "BitcoinClassic Core 1.0.0"
| #define PACKAGE_BUGREPORT "www.bitcoinclassic.org"
| #define PACKAGE_URL ""
| #define HAVE_CXX11 1
| #define STDC_HEADERS 1
| #define HAVE_SYS_TYPES_H 1
| #define HAVE_SYS_STAT_H 1
| #define HAVE_STDLIB_H 1
| #define HAVE_STRING_H 1
| #define HAVE_MEMORY_H 1
| #define HAVE_STRINGS_H 1
| #define HAVE_INTTYPES_H 1
| #define HAVE_STDINT_H 1
| #define HAVE_UNISTD_H 1
| #define HAVE_DLFCN_H 1
| #define LT_OBJDIR ".libs/"
| #define USE_ASM 1
| #define ENABLE_SSE41 1
| #define ENABLE_AVX2 1
| #define ENABLE_SHANI 1
| /* end confdefs.h.  */
| #include <sys/types.h>
| 		#include <sys/param.h>
| 
| int
| main ()
| {
| #if BYTE_ORDER != BIG_ENDIAN
| 		 not big endian
| 		#endif
| 
|   ;
|   return 0;
| }
configure:22081: result: no
configure:22283: checking whether gcc -m64 is Clang
configure:22308: result: no
configure:22431: checking whether pthreads work with -pthread
configure:22525: gcc -m64 -o conftest -pipe -O2  -pthread -I/home/administrator/walletbuilders/build_environment/pivx/3.3.0/depends/x86_64-w64-linux/share/../include/  -DHAVE_BUILD_INFO -D__STDC_FORMAT_MACROS -L/home/administrator/walletbuilders/build_environment/pivx/3.3.0/depends/x86_64-w64-linux/share/../lib  conftest.c   >&5
configure:22525: $? = 0
configure:22534: result: yes
configure:22553: checking for joinable pthread attribute
configure:22571: gcc -m64 -o conftest -pipe -O2  -pthread -I/home/administrator/walletbuilders/build_environment/pivx/3.3.0/depends/x86_64-w64-linux/share/../include/  -DHAVE_BUILD_INFO -D__STDC_FORMAT_MACROS -L/home/administrator/walletbuilders/build_environment/pivx/3.3.0/depends/x86_64-w64-linux/share/../lib  conftest.c   >&5
configure:22571: $? = 0
configure:22579: result: PTHREAD_CREATE_JOINABLE
configure:22593: checking whether more special flags are required for pthreads
configure:22606: result: no
configure:22614: checking for PTHREAD_PRIO_INHERIT
configure:22630: gcc -m64 -o conftest -pipe -O2  -pthread -I/home/administrator/walletbuilders/build_environment/pivx/3.3.0/depends/x86_64-w64-linux/share/../include/  -DHAVE_BUILD_INFO -D__STDC_FORMAT_MACROS -L/home/administrator/walletbuilders/build_environment/pivx/3.3.0/depends/x86_64-w64-linux/share/../lib  conftest.c   >&5
configure:22630: $? = 0
configure:22639: result: yes
configure:22752: checking for special C compiler options needed for large files
configure:22797: result: no
configure:22803: checking for _FILE_OFFSET_BITS value needed for large files
configure:22828: g++ -m64 -std=c++11 -c -pipe -O2  -I/home/administrator/walletbuilders/build_environment/pivx/3.3.0/depends/x86_64-w64-linux/share/../include/  -DHAVE_BUILD_INFO -D__STDC_FORMAT_MACROS conftest.cpp >&5
configure:22828: $? = 0
configure:22860: result: no
configure:22946: checking whether strerror_r is declared
configure:22946: g++ -m64 -std=c++11 -c -pipe -O2  -I/home/administrator/walletbuilders/build_environment/pivx/3.3.0/depends/x86_64-w64-linux/share/../include/  -DHAVE_BUILD_INFO -D__STDC_FORMAT_MACROS conftest.cpp >&5
configure:22946: $? = 0
configure:22946: result: yes
configure:22959: checking for strerror_r
configure:22959: g++ -m64 -std=c++11 -o conftest -pipe -O2  -I/home/administrator/walletbuilders/build_environment/pivx/3.3.0/depends/x86_64-w64-linux/share/../include/  -DHAVE_BUILD_INFO -D__STDC_FORMAT_MACROS -L/home/administrator/walletbuilders/build_environment/pivx/3.3.0/depends/x86_64-w64-linux/share/../lib  conftest.cpp  >&5
configure:22959: $? = 0
configure:22959: result: yes
configure:22968: checking whether strerror_r returns char *
configure:22992: g++ -m64 -std=c++11 -c -pipe -O2  -I/home/administrator/walletbuilders/build_environment/pivx/3.3.0/depends/x86_64-w64-linux/share/../include/  -DHAVE_BUILD_INFO -D__STDC_FORMAT_MACROS conftest.cpp >&5
configure:22992: $? = 0
configure:23030: result: yes
configure:23051: checking whether the linker accepts -Wl,--large-address-aware
configure:23070: g++ -m64 -std=c++11 -o conftest -pipe -O2  -I/home/administrator/walletbuilders/build_environment/pivx/3.3.0/depends/x86_64-w64-linux/share/../include/  -DHAVE_BUILD_INFO -D__STDC_FORMAT_MACROS -L/home/administrator/walletbuilders/build_environment/pivx/3.3.0/depends/x86_64-w64-linux/share/../lib   -Wl,--large-address-aware conftest.cpp  >&5
/usr/bin/ld: unrecognized option '--large-address-aware'
/usr/bin/ld: use the --help option for usage information
collect2: error: ld returned 1 exit status
configure:23070: $? = 1
configure: failed program was:
| /* confdefs.h */
| #define PACKAGE_NAME "BitcoinClassic Core"
| #define PACKAGE_TARNAME "bitcoinclassic"
| #define PACKAGE_VERSION "1.0.0"
| #define PACKAGE_STRING "BitcoinClassic Core 1.0.0"
| #define PACKAGE_BUGREPORT "www.bitcoinclassic.org"
| #define PACKAGE_URL ""
| #define HAVE_CXX11 1
| #define STDC_HEADERS 1
| #define HAVE_SYS_TYPES_H 1
| #define HAVE_SYS_STAT_H 1
| #define HAVE_STDLIB_H 1
| #define HAVE_STRING_H 1
| #define HAVE_MEMORY_H 1
| #define HAVE_STRINGS_H 1
| #define HAVE_INTTYPES_H 1
| #define HAVE_STDINT_H 1
| #define HAVE_UNISTD_H 1
| #define HAVE_DLFCN_H 1
| #define LT_OBJDIR ".libs/"
| #define USE_ASM 1
| #define ENABLE_SSE41 1
| #define ENABLE_AVX2 1
| #define ENABLE_SHANI 1
| #define HAVE_PTHREAD_PRIO_INHERIT 1
| #define HAVE_PTHREAD 1
| #define HAVE_DECL_STRERROR_R 1
| #define HAVE_STRERROR_R 1
| #define STRERROR_R_CHAR_P 1
| /* end confdefs.h.  */
| 
| int
| main ()
| {
| 
|   ;
|   return 0;
| }
configure:23079: result: no
configure:23091: checking for __attribute__((visibility))
configure:23115: g++ -m64 -std=c++11 -o conftest -pipe -O2  -I/home/administrator/walletbuilders/build_environment/pivx/3.3.0/depends/x86_64-w64-linux/share/../include/  -DHAVE_BUILD_INFO -D__STDC_FORMAT_MACROS -L/home/administrator/walletbuilders/build_environment/pivx/3.3.0/depends/x86_64-w64-linux/share/../lib  conftest.cpp  >&5
configure:23115: $? = 0
configure:23128: result: yes
configure:23144: checking for __attribute__((dllexport))
configure:23165: g++ -m64 -std=c++11 -o conftest -pipe -O2  -I/home/administrator/walletbuilders/build_environment/pivx/3.3.0/depends/x86_64-w64-linux/share/../include/  -DHAVE_BUILD_INFO -D__STDC_FORMAT_MACROS -L/home/administrator/walletbuilders/build_environment/pivx/3.3.0/depends/x86_64-w64-linux/share/../lib  conftest.cpp  >&5
conftest.cpp:34:62: warning: 'dllexport' attribute directive ignored [-Wattributes]
                     __attribute__((dllexport)) int foo( void ) { return 0; }
                                                              ^
configure:23165: $? = 0
configure:23178: result: no
configure:23194: checking for __attribute__((dllimport))
configure:23215: g++ -m64 -std=c++11 -o conftest -pipe -O2  -I/home/administrator/walletbuilders/build_environment/pivx/3.3.0/depends/x86_64-w64-linux/share/../include/  -DHAVE_BUILD_INFO -D__STDC_FORMAT_MACROS -L/home/administrator/walletbuilders/build_environment/pivx/3.3.0/depends/x86_64-w64-linux/share/../lib  conftest.cpp  >&5
conftest.cpp:34:62: warning: 'dllimport' attribute directive ignored [-Wattributes]
                     int foo( void ) __attribute__((dllimport));
                                                              ^
configure:23215: $? = 0
configure:23228: result: no
configure:23400: checking for library containing clock_gettime
configure:23431: g++ -m64 -std=c++11 -o conftest -pipe -O2  -I/home/administrator/walletbuilders/build_environment/pivx/3.3.0/depends/x86_64-w64-linux/share/../include/  -DHAVE_BUILD_INFO -D__STDC_FORMAT_MACROS -L/home/administrator/walletbuilders/build_environment/pivx/3.3.0/depends/x86_64-w64-linux/share/../lib  conftest.cpp  >&5
configure:23431: $? = 0
configure:23448: result: none required
configure:23580: checking whether C++ compiler accepts -fPIC
configure:23599: g++ -m64 -std=c++11 -c -pipe -O2   -fPIC -I/home/administrator/walletbuilders/build_environment/pivx/3.3.0/depends/x86_64-w64-linux/share/../include/  -DHAVE_BUILD_INFO -D__STDC_FORMAT_MACROS conftest.cpp >&5
configure:23599: $? = 0
configure:23607: result: yes
configure:23619: checking whether C++ compiler accepts -Wstack-protector
configure:23638: g++ -m64 -std=c++11 -c -pipe -O2   -Wstack-protector -I/home/administrator/walletbuilders/build_environment/pivx/3.3.0/depends/x86_64-w64-linux/share/../include/  -DHAVE_BUILD_INFO -D__STDC_FORMAT_MACROS conftest.cpp >&5
configure:23638: $? = 0
configure:23646: result: yes
configure:23654: checking whether C++ compiler accepts -fstack-protector-all
configure:23673: g++ -m64 -std=c++11 -c -pipe -O2   -fstack-protector-all -I/home/administrator/walletbuilders/build_environment/pivx/3.3.0/depends/x86_64-w64-linux/share/../include/  -DHAVE_BUILD_INFO -D__STDC_FORMAT_MACROS conftest.cpp >&5
configure:23673: $? = 0
configure:23681: result: yes
configure:23690: checking whether C++ preprocessor accepts -D_FORTIFY_SOURCE=2
configure:23709: g++ -m64 -std=c++11 -E -I/home/administrator/walletbuilders/build_environment/pivx/3.3.0/depends/x86_64-w64-linux/share/../include/  -DHAVE_BUILD_INFO -D__STDC_FORMAT_MACROS  -D_FORTIFY_SOURCE=2 conftest.cpp
configure:23709: $? = 0
configure:23717: result: yes
configure:23721: checking whether C++ preprocessor accepts -U_FORTIFY_SOURCE
configure:23740: g++ -m64 -std=c++11 -E -I/home/administrator/walletbuilders/build_environment/pivx/3.3.0/depends/x86_64-w64-linux/share/../include/  -DHAVE_BUILD_INFO -D__STDC_FORMAT_MACROS  -U_FORTIFY_SOURCE conftest.cpp
configure:23740: $? = 0
configure:23748: result: yes
configure:23765: checking whether the linker accepts -Wl,--dynamicbase
configure:23784: g++ -m64 -std=c++11 -o conftest -pipe -O2  -I/home/administrator/walletbuilders/build_environment/pivx/3.3.0/depends/x86_64-w64-linux/share/../include/  -DHAVE_BUILD_INFO -D__STDC_FORMAT_MACROS -L/home/administrator/walletbuilders/build_environment/pivx/3.3.0/depends/x86_64-w64-linux/share/../lib   -Wl,--dynamicbase conftest.cpp  >&5
/usr/bin/ld: unrecognized option '--dynamicbase'
/usr/bin/ld: use the --help option for usage information
collect2: error: ld returned 1 exit status
configure:23784: $? = 1
configure: failed program was:
| /* confdefs.h */
| #define PACKAGE_NAME "BitcoinClassic Core"
| #define PACKAGE_TARNAME "bitcoinclassic"
| #define PACKAGE_VERSION "1.0.0"
| #define PACKAGE_STRING "BitcoinClassic Core 1.0.0"
| #define PACKAGE_BUGREPORT "www.bitcoinclassic.org"
| #define PACKAGE_URL ""
| #define HAVE_CXX11 1
| #define STDC_HEADERS 1
| #define HAVE_SYS_TYPES_H 1
| #define HAVE_SYS_STAT_H 1
| #define HAVE_STDLIB_H 1
| #define HAVE_STRING_H 1
| #define HAVE_MEMORY_H 1
| #define HAVE_STRINGS_H 1
| #define HAVE_INTTYPES_H 1
| #define HAVE_STDINT_H 1
| #define HAVE_UNISTD_H 1
| #define HAVE_DLFCN_H 1
| #define LT_OBJDIR ".libs/"
| #define USE_ASM 1
| #define ENABLE_SSE41 1
| #define ENABLE_AVX2 1
| #define ENABLE_SHANI 1
| #define HAVE_PTHREAD_PRIO_INHERIT 1
| #define HAVE_PTHREAD 1
| #define HAVE_DECL_STRERROR_R 1
| #define HAVE_STRERROR_R 1
| #define STRERROR_R_CHAR_P 1
| #define HAVE_FUNC_ATTRIBUTE_VISIBILITY 1
| /* end confdefs.h.  */
| 
| int
| main ()
| {
| 
|   ;
|   return 0;
| }
configure:23793: result: no
configure:23801: checking whether the linker accepts -Wl,--nxcompat
configure:23820: g++ -m64 -std=c++11 -o conftest -pipe -O2  -I/home/administrator/walletbuilders/build_environment/pivx/3.3.0/depends/x86_64-w64-linux/share/../include/  -DHAVE_BUILD_INFO -D__STDC_FORMAT_MACROS -L/home/administrator/walletbuilders/build_environment/pivx/3.3.0/depends/x86_64-w64-linux/share/../lib   -Wl,--nxcompat conftest.cpp  >&5
/usr/bin/ld: unrecognized option '--nxcompat'
/usr/bin/ld: use the --help option for usage information
collect2: error: ld returned 1 exit status
configure:23820: $? = 1
configure: failed program was:
| /* confdefs.h */
| #define PACKAGE_NAME "BitcoinClassic Core"
| #define PACKAGE_TARNAME "bitcoinclassic"
| #define PACKAGE_VERSION "1.0.0"
| #define PACKAGE_STRING "BitcoinClassic Core 1.0.0"
| #define PACKAGE_BUGREPORT "www.bitcoinclassic.org"
| #define PACKAGE_URL ""
| #define HAVE_CXX11 1
| #define STDC_HEADERS 1
| #define HAVE_SYS_TYPES_H 1
| #define HAVE_SYS_STAT_H 1
| #define HAVE_STDLIB_H 1
| #define HAVE_STRING_H 1
| #define HAVE_MEMORY_H 1
| #define HAVE_STRINGS_H 1
| #define HAVE_INTTYPES_H 1
| #define HAVE_STDINT_H 1
| #define HAVE_UNISTD_H 1
| #define HAVE_DLFCN_H 1
| #define LT_OBJDIR ".libs/"
| #define USE_ASM 1
| #define ENABLE_SSE41 1
| #define ENABLE_AVX2 1
| #define ENABLE_SHANI 1
| #define HAVE_PTHREAD_PRIO_INHERIT 1
| #define HAVE_PTHREAD 1
| #define HAVE_DECL_STRERROR_R 1
| #define HAVE_STRERROR_R 1
| #define STRERROR_R_CHAR_P 1
| #define HAVE_FUNC_ATTRIBUTE_VISIBILITY 1
| /* end confdefs.h.  */
| 
| int
| main ()
| {
| 
|   ;
|   return 0;
| }
configure:23829: result: no
configure:23837: checking whether the linker accepts -Wl,--high-entropy-va
configure:23856: g++ -m64 -std=c++11 -o conftest -pipe -O2  -I/home/administrator/walletbuilders/build_environment/pivx/3.3.0/depends/x86_64-w64-linux/share/../include/  -DHAVE_BUILD_INFO -D__STDC_FORMAT_MACROS -L/home/administrator/walletbuilders/build_environment/pivx/3.3.0/depends/x86_64-w64-linux/share/../lib   -Wl,--high-entropy-va conftest.cpp  >&5
/usr/bin/ld: unrecognized option '--high-entropy-va'
/usr/bin/ld: use the --help option for usage information
collect2: error: ld returned 1 exit status
configure:23856: $? = 1
configure: failed program was:
| /* confdefs.h */
| #define PACKAGE_NAME "BitcoinClassic Core"
| #define PACKAGE_TARNAME "bitcoinclassic"
| #define PACKAGE_VERSION "1.0.0"
| #define PACKAGE_STRING "BitcoinClassic Core 1.0.0"
| #define PACKAGE_BUGREPORT "www.bitcoinclassic.org"
| #define PACKAGE_URL ""
| #define HAVE_CXX11 1
| #define STDC_HEADERS 1
| #define HAVE_SYS_TYPES_H 1
| #define HAVE_SYS_STAT_H 1
| #define HAVE_STDLIB_H 1
| #define HAVE_STRING_H 1
| #define HAVE_MEMORY_H 1
| #define HAVE_STRINGS_H 1
| #define HAVE_INTTYPES_H 1
| #define HAVE_STDINT_H 1
| #define HAVE_UNISTD_H 1
| #define HAVE_DLFCN_H 1
| #define LT_OBJDIR ".libs/"
| #define USE_ASM 1
| #define ENABLE_SSE41 1
| #define ENABLE_AVX2 1
| #define ENABLE_SHANI 1
| #define HAVE_PTHREAD_PRIO_INHERIT 1
| #define HAVE_PTHREAD 1
| #define HAVE_DECL_STRERROR_R 1
| #define HAVE_STRERROR_R 1
| #define STRERROR_R_CHAR_P 1
| #define HAVE_FUNC_ATTRIBUTE_VISIBILITY 1
| /* end confdefs.h.  */
| 
| int
| main ()
| {
| 
|   ;
|   return 0;
| }
configure:23865: result: no
configure:23873: checking whether the linker accepts -Wl,-z,relro
configure:23892: g++ -m64 -std=c++11 -o conftest -pipe -O2  -I/home/administrator/walletbuilders/build_environment/pivx/3.3.0/depends/x86_64-w64-linux/share/../include/  -DHAVE_BUILD_INFO -D__STDC_FORMAT_MACROS -L/home/administrator/walletbuilders/build_environment/pivx/3.3.0/depends/x86_64-w64-linux/share/../lib   -Wl,-z,relro conftest.cpp  >&5
configure:23892: $? = 0
configure:23901: result: yes
configure:23909: checking whether the linker accepts -Wl,-z,now
configure:23928: g++ -m64 -std=c++11 -o conftest -pipe -O2  -I/home/administrator/walletbuilders/build_environment/pivx/3.3.0/depends/x86_64-w64-linux/share/../include/  -DHAVE_BUILD_INFO -D__STDC_FORMAT_MACROS -L/home/administrator/walletbuilders/build_environment/pivx/3.3.0/depends/x86_64-w64-linux/share/../lib   -Wl,-z,now conftest.cpp  >&5
configure:23928: $? = 0
configure:23937: result: yes
configure:23946: checking whether the linker accepts -fPIE -pie
configure:23965: g++ -m64 -std=c++11 -o conftest -pipe -O2  -I/home/administrator/walletbuilders/build_environment/pivx/3.3.0/depends/x86_64-w64-linux/share/../include/  -DHAVE_BUILD_INFO -D__STDC_FORMAT_MACROS -L/home/administrator/walletbuilders/build_environment/pivx/3.3.0/depends/x86_64-w64-linux/share/../lib  -Werror -fPIE -pie conftest.cpp  >&5
configure:23965: $? = 0
configure:23975: result: yes
configure:24073: checking endian.h usability
configure:24073: g++ -m64 -std=c++11 -c -pipe -O2  -I/home/administrator/walletbuilders/build_environment/pivx/3.3.0/depends/x86_64-w64-linux/share/../include/  -DHAVE_BUILD_INFO -D__STDC_FORMAT_MACROS conftest.cpp >&5
configure:24073: $? = 0
configure:24073: result: yes
configure:24073: checking endian.h presence
configure:24073: g++ -m64 -std=c++11 -E -I/home/administrator/walletbuilders/build_environment/pivx/3.3.0/depends/x86_64-w64-linux/share/../include/  -DHAVE_BUILD_INFO -D__STDC_FORMAT_MACROS conftest.cpp
configure:24073: $? = 0
configure:24073: result: yes
configure:24073: checking for endian.h
configure:24073: result: yes
configure:24073: checking sys/endian.h usability
configure:24073: g++ -m64 -std=c++11 -c -pipe -O2  -I/home/administrator/walletbuilders/build_environment/pivx/3.3.0/depends/x86_64-w64-linux/share/../include/  -DHAVE_BUILD_INFO -D__STDC_FORMAT_MACROS conftest.cpp >&5
conftest.cpp:66:10: fatal error: sys/endian.h: No such file or directory
 #include <sys/endian.h>
          ^~~~~~~~~~~~~~
compilation terminated.
configure:24073: $? = 1
configure: failed program was:
| /* confdefs.h */
| #define PACKAGE_NAME "BitcoinClassic Core"
| #define PACKAGE_TARNAME "bitcoinclassic"
| #define PACKAGE_VERSION "1.0.0"
| #define PACKAGE_STRING "BitcoinClassic Core 1.0.0"
| #define PACKAGE_BUGREPORT "www.bitcoinclassic.org"
| #define PACKAGE_URL ""
| #define HAVE_CXX11 1
| #define STDC_HEADERS 1
| #define HAVE_SYS_TYPES_H 1
| #define HAVE_SYS_STAT_H 1
| #define HAVE_STDLIB_H 1
| #define HAVE_STRING_H 1
| #define HAVE_MEMORY_H 1
| #define HAVE_STRINGS_H 1
| #define HAVE_INTTYPES_H 1
| #define HAVE_STDINT_H 1
| #define HAVE_UNISTD_H 1
| #define HAVE_DLFCN_H 1
| #define LT_OBJDIR ".libs/"
| #define USE_ASM 1
| #define ENABLE_SSE41 1
| #define ENABLE_AVX2 1
| #define ENABLE_SHANI 1
| #define HAVE_PTHREAD_PRIO_INHERIT 1
| #define HAVE_PTHREAD 1
| #define HAVE_DECL_STRERROR_R 1
| #define HAVE_STRERROR_R 1
| #define STRERROR_R_CHAR_P 1
| #define HAVE_FUNC_ATTRIBUTE_VISIBILITY 1
| #define HAVE_ENDIAN_H 1
| /* end confdefs.h.  */
| #include <stdio.h>
| #ifdef HAVE_SYS_TYPES_H
| # include <sys/types.h>
| #endif
| #ifdef HAVE_SYS_STAT_H
| # include <sys/stat.h>
| #endif
| #ifdef STDC_HEADERS
| # include <stdlib.h>
| # include <stddef.h>
| #else
| # ifdef HAVE_STDLIB_H
| #  include <stdlib.h>
| # endif
| #endif
| #ifdef HAVE_STRING_H
| # if !defined STDC_HEADERS && defined HAVE_MEMORY_H
| #  include <memory.h>
| # endif
| # include <string.h>
| #endif
| #ifdef HAVE_STRINGS_H
| # include <strings.h>
| #endif
| #ifdef HAVE_INTTYPES_H
| # include <inttypes.h>
| #endif
| #ifdef HAVE_STDINT_H
| # include <stdint.h>
| #endif
| #ifdef HAVE_UNISTD_H
| # include <unistd.h>
| #endif
| #include <sys/endian.h>
configure:24073: result: no
configure:24073: checking sys/endian.h presence
configure:24073: g++ -m64 -std=c++11 -E -I/home/administrator/walletbuilders/build_environment/pivx/3.3.0/depends/x86_64-w64-linux/share/../include/  -DHAVE_BUILD_INFO -D__STDC_FORMAT_MACROS conftest.cpp
conftest.cpp:33:10: fatal error: sys/endian.h: No such file or directory
 #include <sys/endian.h>
          ^~~~~~~~~~~~~~
compilation terminated.
configure:24073: $? = 1
configure: failed program was:
| /* confdefs.h */
| #define PACKAGE_NAME "BitcoinClassic Core"
| #define PACKAGE_TARNAME "bitcoinclassic"
| #define PACKAGE_VERSION "1.0.0"
| #define PACKAGE_STRING "BitcoinClassic Core 1.0.0"
| #define PACKAGE_BUGREPORT "www.bitcoinclassic.org"
| #define PACKAGE_URL ""
| #define HAVE_CXX11 1
| #define STDC_HEADERS 1
| #define HAVE_SYS_TYPES_H 1
| #define HAVE_SYS_STAT_H 1
| #define HAVE_STDLIB_H 1
| #define HAVE_STRING_H 1
| #define HAVE_MEMORY_H 1
| #define HAVE_STRINGS_H 1
| #define HAVE_INTTYPES_H 1
| #define HAVE_STDINT_H 1
| #define HAVE_UNISTD_H 1
| #define HAVE_DLFCN_H 1
| #define LT_OBJDIR ".libs/"
| #define USE_ASM 1
| #define ENABLE_SSE41 1
| #define ENABLE_AVX2 1
| #define ENABLE_SHANI 1
| #define HAVE_PTHREAD_PRIO_INHERIT 1
| #define HAVE_PTHREAD 1
| #define HAVE_DECL_STRERROR_R 1
| #define HAVE_STRERROR_R 1
| #define STRERROR_R_CHAR_P 1
| #define HAVE_FUNC_ATTRIBUTE_VISIBILITY 1
| #define HAVE_ENDIAN_H 1
| /* end confdefs.h.  */
| #include <sys/endian.h>
configure:24073: result: no
configure:24073: checking for sys/endian.h
configure:24073: result: no
configure:24073: checking byteswap.h usability
configure:24073: g++ -m64 -std=c++11 -c -pipe -O2  -I/home/administrator/walletbuilders/build_environment/pivx/3.3.0/depends/x86_64-w64-linux/share/../include/  -DHAVE_BUILD_INFO -D__STDC_FORMAT_MACROS conftest.cpp >&5
configure:24073: $? = 0
configure:24073: result: yes
configure:24073: checking byteswap.h presence
configure:24073: g++ -m64 -std=c++11 -E -I/home/administrator/walletbuilders/build_environment/pivx/3.3.0/depends/x86_64-w64-linux/share/../include/  -DHAVE_BUILD_INFO -D__STDC_FORMAT_MACROS conftest.cpp
configure:24073: $? = 0
configure:24073: result: yes
configure:24073: checking for byteswap.h
configure:24073: result: yes
configure:24073: checking stdio.h usability
configure:24073: g++ -m64 -std=c++11 -c -pipe -O2  -I/home/administrator/walletbuilders/build_environment/pivx/3.3.0/depends/x86_64-w64-linux/share/../include/  -DHAVE_BUILD_INFO -D__STDC_FORMAT_MACROS conftest.cpp >&5
configure:24073: $? = 0
configure:24073: result: yes
configure:24073: checking stdio.h presence
configure:24073: g++ -m64 -std=c++11 -E -I/home/administrator/walletbuilders/build_environment/pivx/3.3.0/depends/x86_64-w64-linux/share/../include/  -DHAVE_BUILD_INFO -D__STDC_FORMAT_MACROS conftest.cpp
configure:24073: $? = 0
configure:24073: result: yes
configure:24073: checking for stdio.h
configure:24073: result: yes
configure:24073: checking for stdlib.h
configure:24073: result: yes
configure:24073: checking for unistd.h
configure:24073: result: yes
configure:24073: checking for strings.h
configure:24073: result: yes
configure:24073: checking for sys/types.h
configure:24073: result: yes
configure:24073: checking for sys/stat.h
configure:24073: result: yes
configure:24073: checking sys/select.h usability
configure:24073: g++ -m64 -std=c++11 -c -pipe -O2  -I/home/administrator/walletbuilders/build_environment/pivx/3.3.0/depends/x86_64-w64-linux/share/../include/  -DHAVE_BUILD_INFO -D__STDC_FORMAT_MACROS conftest.cpp >&5
configure:24073: $? = 0
configure:24073: result: yes
configure:24073: checking sys/select.h presence
configure:24073: g++ -m64 -std=c++11 -E -I/home/administrator/walletbuilders/build_environment/pivx/3.3.0/depends/x86_64-w64-linux/share/../include/  -DHAVE_BUILD_INFO -D__STDC_FORMAT_MACROS conftest.cpp
configure:24073: $? = 0
configure:24073: result: yes
configure:24073: checking for sys/select.h
configure:24073: result: yes
configure:24073: checking sys/prctl.h usability
configure:24073: g++ -m64 -std=c++11 -c -pipe -O2  -I/home/administrator/walletbuilders/build_environment/pivx/3.3.0/depends/x86_64-w64-linux/share/../include/  -DHAVE_BUILD_INFO -D__STDC_FORMAT_MACROS conftest.cpp >&5
configure:24073: $? = 0
configure:24073: result: yes
configure:24073: checking sys/prctl.h presence
configure:24073: g++ -m64 -std=c++11 -E -I/home/administrator/walletbuilders/build_environment/pivx/3.3.0/depends/x86_64-w64-linux/share/../include/  -DHAVE_BUILD_INFO -D__STDC_FORMAT_MACROS conftest.cpp
configure:24073: $? = 0
configure:24073: result: yes
configure:24073: checking for sys/prctl.h
configure:24073: result: yes
configure:24084: checking whether strnlen is declared
configure:24084: g++ -m64 -std=c++11 -c -pipe -O2  -I/home/administrator/walletbuilders/build_environment/pivx/3.3.0/depends/x86_64-w64-linux/share/../include/  -DHAVE_BUILD_INFO -D__STDC_FORMAT_MACROS conftest.cpp >&5
configure:24084: $? = 0
configure:24084: result: yes
configure:24097: checking whether daemon is declared
configure:24097: g++ -m64 -std=c++11 -c -pipe -O2  -I/home/administrator/walletbuilders/build_environment/pivx/3.3.0/depends/x86_64-w64-linux/share/../include/  -DHAVE_BUILD_INFO -D__STDC_FORMAT_MACROS conftest.cpp >&5
configure:24097: $? = 0
configure:24097: result: yes
configure:24109: checking whether le16toh is declared
configure:24109: g++ -m64 -std=c++11 -c -pipe -O2  -I/home/administrator/walletbuilders/build_environment/pivx/3.3.0/depends/x86_64-w64-linux/share/../include/  -DHAVE_BUILD_INFO -D__STDC_FORMAT_MACROS conftest.cpp >&5
configure:24109: $? = 0
configure:24109: result: yes
configure:24124: checking whether le32toh is declared
configure:24124: g++ -m64 -std=c++11 -c -pipe -O2  -I/home/administrator/walletbuilders/build_environment/pivx/3.3.0/depends/x86_64-w64-linux/share/../include/  -DHAVE_BUILD_INFO -D__STDC_FORMAT_MACROS conftest.cpp >&5
configure:24124: $? = 0
configure:24124: result: yes
configure:24139: checking whether le64toh is declared
configure:24139: g++ -m64 -std=c++11 -c -pipe -O2  -I/home/administrator/walletbuilders/build_environment/pivx/3.3.0/depends/x86_64-w64-linux/share/../include/  -DHAVE_BUILD_INFO -D__STDC_FORMAT_MACROS conftest.cpp >&5
configure:24139: $? = 0
configure:24139: result: yes
configure:24154: checking whether htole16 is declared
configure:24154: g++ -m64 -std=c++11 -c -pipe -O2  -I/home/administrator/walletbuilders/build_environment/pivx/3.3.0/depends/x86_64-w64-linux/share/../include/  -DHAVE_BUILD_INFO -D__STDC_FORMAT_MACROS conftest.cpp >&5
configure:24154: $? = 0
configure:24154: result: yes
configure:24169: checking whether htole32 is declared
configure:24169: g++ -m64 -std=c++11 -c -pipe -O2  -I/home/administrator/walletbuilders/build_environment/pivx/3.3.0/depends/x86_64-w64-linux/share/../include/  -DHAVE_BUILD_INFO -D__STDC_FORMAT_MACROS conftest.cpp >&5
configure:24169: $? = 0
configure:24169: result: yes
configure:24184: checking whether htole64 is declared
configure:24184: g++ -m64 -std=c++11 -c -pipe -O2  -I/home/administrator/walletbuilders/build_environment/pivx/3.3.0/depends/x86_64-w64-linux/share/../include/  -DHAVE_BUILD_INFO -D__STDC_FORMAT_MACROS conftest.cpp >&5
configure:24184: $? = 0
configure:24184: result: yes
configure:24199: checking whether be16toh is declared
configure:24199: g++ -m64 -std=c++11 -c -pipe -O2  -I/home/administrator/walletbuilders/build_environment/pivx/3.3.0/depends/x86_64-w64-linux/share/../include/  -DHAVE_BUILD_INFO -D__STDC_FORMAT_MACROS conftest.cpp >&5
configure:24199: $? = 0
configure:24199: result: yes
configure:24214: checking whether be32toh is declared
configure:24214: g++ -m64 -std=c++11 -c -pipe -O2  -I/home/administrator/walletbuilders/build_environment/pivx/3.3.0/depends/x86_64-w64-linux/share/../include/  -DHAVE_BUILD_INFO -D__STDC_FORMAT_MACROS conftest.cpp >&5
configure:24214: $? = 0
configure:24214: result: yes
configure:24229: checking whether be64toh is declared
configure:24229: g++ -m64 -std=c++11 -c -pipe -O2  -I/home/administrator/walletbuilders/build_environment/pivx/3.3.0/depends/x86_64-w64-linux/share/../include/  -DHAVE_BUILD_INFO -D__STDC_FORMAT_MACROS conftest.cpp >&5
configure:24229: $? = 0
configure:24229: result: yes
configure:24244: checking whether htobe16 is declared
configure:24244: g++ -m64 -std=c++11 -c -pipe -O2  -I/home/administrator/walletbuilders/build_environment/pivx/3.3.0/depends/x86_64-w64-linux/share/../include/  -DHAVE_BUILD_INFO -D__STDC_FORMAT_MACROS conftest.cpp >&5
configure:24244: $? = 0
configure:24244: result: yes
configure:24259: checking whether htobe32 is declared
configure:24259: g++ -m64 -std=c++11 -c -pipe -O2  -I/home/administrator/walletbuilders/build_environment/pivx/3.3.0/depends/x86_64-w64-linux/share/../include/  -DHAVE_BUILD_INFO -D__STDC_FORMAT_MACROS conftest.cpp >&5
configure:24259: $? = 0
configure:24259: result: yes
configure:24274: checking whether htobe64 is declared
configure:24274: g++ -m64 -std=c++11 -c -pipe -O2  -I/home/administrator/walletbuilders/build_environment/pivx/3.3.0/depends/x86_64-w64-linux/share/../include/  -DHAVE_BUILD_INFO -D__STDC_FORMAT_MACROS conftest.cpp >&5
configure:24274: $? = 0
configure:24274: result: yes
configure:24291: checking whether bswap_16 is declared
configure:24291: g++ -m64 -std=c++11 -c -pipe -O2  -I/home/administrator/walletbuilders/build_environment/pivx/3.3.0/depends/x86_64-w64-linux/share/../include/  -DHAVE_BUILD_INFO -D__STDC_FORMAT_MACROS conftest.cpp >&5
configure:24291: $? = 0
configure:24291: result: yes
configure:24304: checking whether bswap_32 is declared
configure:24304: g++ -m64 -std=c++11 -c -pipe -O2  -I/home/administrator/walletbuilders/build_environment/pivx/3.3.0/depends/x86_64-w64-linux/share/../include/  -DHAVE_BUILD_INFO -D__STDC_FORMAT_MACROS conftest.cpp >&5
configure:24304: $? = 0
configure:24304: result: yes
configure:24317: checking whether bswap_64 is declared
configure:24317: g++ -m64 -std=c++11 -c -pipe -O2  -I/home/administrator/walletbuilders/build_environment/pivx/3.3.0/depends/x86_64-w64-linux/share/../include/  -DHAVE_BUILD_INFO -D__STDC_FORMAT_MACROS conftest.cpp >&5
configure:24317: $? = 0
configure:24317: result: yes
configure:24332: checking whether __builtin_clz is declared
configure:24332: g++ -m64 -std=c++11 -c -pipe -O2  -I/home/administrator/walletbuilders/build_environment/pivx/3.3.0/depends/x86_64-w64-linux/share/../include/  -DHAVE_BUILD_INFO -D__STDC_FORMAT_MACROS conftest.cpp >&5
configure:24332: $? = 0
configure:24332: result: yes
configure:24342: checking whether __builtin_clzl is declared
configure:24342: g++ -m64 -std=c++11 -c -pipe -O2  -I/home/administrator/walletbuilders/build_environment/pivx/3.3.0/depends/x86_64-w64-linux/share/../include/  -DHAVE_BUILD_INFO -D__STDC_FORMAT_MACROS conftest.cpp >&5
configure:24342: $? = 0
configure:24342: result: yes
configure:24352: checking whether __builtin_clzll is declared
configure:24352: g++ -m64 -std=c++11 -c -pipe -O2  -I/home/administrator/walletbuilders/build_environment/pivx/3.3.0/depends/x86_64-w64-linux/share/../include/  -DHAVE_BUILD_INFO -D__STDC_FORMAT_MACROS conftest.cpp >&5
configure:24352: $? = 0
configure:24352: result: yes
configure:24364: checking for getmemoryinfo
configure:24377: g++ -m64 -std=c++11 -c -pipe -O2  -I/home/administrator/walletbuilders/build_environment/pivx/3.3.0/depends/x86_64-w64-linux/share/../include/  -DHAVE_BUILD_INFO -D__STDC_FORMAT_MACROS conftest.cpp >&5
configure:24377: $? = 0
configure:24378: result: yes
configure:24389: checking for mallopt M_ARENA_MAX
configure:24402: g++ -m64 -std=c++11 -c -pipe -O2  -I/home/administrator/walletbuilders/build_environment/pivx/3.3.0/depends/x86_64-w64-linux/share/../include/  -DHAVE_BUILD_INFO -D__STDC_FORMAT_MACROS conftest.cpp >&5
configure:24402: $? = 0
configure:24403: result: yes
configure:24414: checking for visibility attribute
configure:24423: g++ -m64 -std=c++11 -o conftest -pipe -O2  -I/home/administrator/walletbuilders/build_environment/pivx/3.3.0/depends/x86_64-w64-linux/share/../include/  -DHAVE_BUILD_INFO -D__STDC_FORMAT_MACROS -L/home/administrator/walletbuilders/build_environment/pivx/3.3.0/depends/x86_64-w64-linux/share/../lib  conftest.cpp  >&5
configure:24423: $? = 0
configure:24428: result: yes
configure:24446: checking for thread_local support
configure:24460: g++ -m64 -std=c++11 -o conftest -pipe -O2  -I/home/administrator/walletbuilders/build_environment/pivx/3.3.0/depends/x86_64-w64-linux/share/../include/  -DHAVE_BUILD_INFO -D__STDC_FORMAT_MACROS -L/home/administrator/walletbuilders/build_environment/pivx/3.3.0/depends/x86_64-w64-linux/share/../lib  -pthread conftest.cpp  >&5
configure:24460: $? = 0
configure:24465: result: yes
configure:24539: checking for Berkeley DB C++ headers
configure:24569: g++ -m64 -std=c++11 -c -pipe -O2  -I/home/administrator/walletbuilders/build_environment/pivx/3.3.0/depends/x86_64-w64-linux/share/../include/  -DHAVE_BUILD_INFO -D__STDC_FORMAT_MACROS conftest.cpp >&5
conftest.cpp:67:18: fatal error: bdb4.8/db_cxx.h: No such file or directory
         #include <bdb4.8/db_cxx.h>
                  ^~~~~~~~~~~~~~~~~
compilation terminated.
configure:24569: $? = 1
configure: failed program was:
| /* confdefs.h */
| #define PACKAGE_NAME "BitcoinClassic Core"
| #define PACKAGE_TARNAME "bitcoinclassic"
| #define PACKAGE_VERSION "1.0.0"
| #define PACKAGE_STRING "BitcoinClassic Core 1.0.0"
| #define PACKAGE_BUGREPORT "www.bitcoinclassic.org"
| #define PACKAGE_URL ""
| #define HAVE_CXX11 1
| #define STDC_HEADERS 1
| #define HAVE_SYS_TYPES_H 1
| #define HAVE_SYS_STAT_H 1
| #define HAVE_STDLIB_H 1
| #define HAVE_STRING_H 1
| #define HAVE_MEMORY_H 1
| #define HAVE_STRINGS_H 1
| #define HAVE_INTTYPES_H 1
| #define HAVE_STDINT_H 1
| #define HAVE_UNISTD_H 1
| #define HAVE_DLFCN_H 1
| #define LT_OBJDIR ".libs/"
| #define USE_ASM 1
| #define ENABLE_SSE41 1
| #define ENABLE_AVX2 1
| #define ENABLE_SHANI 1
| #define HAVE_PTHREAD_PRIO_INHERIT 1
| #define HAVE_PTHREAD 1
| #define HAVE_DECL_STRERROR_R 1
| #define HAVE_STRERROR_R 1
| #define STRERROR_R_CHAR_P 1
| #define HAVE_FUNC_ATTRIBUTE_VISIBILITY 1
| #define HAVE_ENDIAN_H 1
| #define HAVE_BYTESWAP_H 1
| #define HAVE_STDIO_H 1
| #define HAVE_STDLIB_H 1
| #define HAVE_UNISTD_H 1
| #define HAVE_STRINGS_H 1
| #define HAVE_SYS_TYPES_H 1
| #define HAVE_SYS_STAT_H 1
| #define HAVE_SYS_SELECT_H 1
| #define HAVE_SYS_PRCTL_H 1
| #define HAVE_DECL_STRNLEN 1
| #define HAVE_DECL_DAEMON 1
| #define HAVE_DECL_LE16TOH 1
| #define HAVE_DECL_LE32TOH 1
| #define HAVE_DECL_LE64TOH 1
| #define HAVE_DECL_HTOLE16 1
| #define HAVE_DECL_HTOLE32 1
| #define HAVE_DECL_HTOLE64 1
| #define HAVE_DECL_BE16TOH 1
| #define HAVE_DECL_BE32TOH 1
| #define HAVE_DECL_BE64TOH 1
| #define HAVE_DECL_HTOBE16 1
| #define HAVE_DECL_HTOBE32 1
| #define HAVE_DECL_HTOBE64 1
| #define HAVE_DECL_BSWAP_16 1
| #define HAVE_DECL_BSWAP_32 1
| #define HAVE_DECL_BSWAP_64 1
| #define HAVE_DECL___BUILTIN_CLZ 1
| #define HAVE_DECL___BUILTIN_CLZL 1
| #define HAVE_DECL___BUILTIN_CLZLL 1
| #define HAVE_MALLOC_INFO 1
| #define HAVE_MALLOPT_ARENA_MAX 1
| #define HAVE_VISIBILITY_ATTRIBUTE 1
| #define HAVE_THREAD_LOCAL 1
| /* end confdefs.h.  */
| 
|         #include <bdb4.8/db_cxx.h>
| 
| int
| main ()
| {
| 
|         #if !((DB_VERSION_MAJOR == 4 && DB_VERSION_MINOR >= 8) || DB_VERSION_MAJOR > 4)
|           #error "failed to find bdb 4.8+"
|         #endif
| 
|   ;
|   return 0;
| }
configure:24569: g++ -m64 -std=c++11 -c -pipe -O2  -I/home/administrator/walletbuilders/build_environment/pivx/3.3.0/depends/x86_64-w64-linux/share/../include/  -DHAVE_BUILD_INFO -D__STDC_FORMAT_MACROS conftest.cpp >&5
conftest.cpp:67:18: fatal error: libdb4.8/db_cxx.h: No such file or directory
         #include <libdb4.8/db_cxx.h>
                  ^~~~~~~~~~~~~~~~~~~
compilation terminated.
configure:24569: $? = 1
configure: failed program was:
| /* confdefs.h */
| #define PACKAGE_NAME "BitcoinClassic Core"
| #define PACKAGE_TARNAME "bitcoinclassic"
| #define PACKAGE_VERSION "1.0.0"
| #define PACKAGE_STRING "BitcoinClassic Core 1.0.0"
| #define PACKAGE_BUGREPORT "www.bitcoinclassic.org"
| #define PACKAGE_URL ""
| #define HAVE_CXX11 1
| #define STDC_HEADERS 1
| #define HAVE_SYS_TYPES_H 1
| #define HAVE_SYS_STAT_H 1
| #define HAVE_STDLIB_H 1
| #define HAVE_STRING_H 1
| #define HAVE_MEMORY_H 1
| #define HAVE_STRINGS_H 1
| #define HAVE_INTTYPES_H 1
| #define HAVE_STDINT_H 1
| #define HAVE_UNISTD_H 1
| #define HAVE_DLFCN_H 1
| #define LT_OBJDIR ".libs/"
| #define USE_ASM 1
| #define ENABLE_SSE41 1
| #define ENABLE_AVX2 1
| #define ENABLE_SHANI 1
| #define HAVE_PTHREAD_PRIO_INHERIT 1
| #define HAVE_PTHREAD 1
| #define HAVE_DECL_STRERROR_R 1
| #define HAVE_STRERROR_R 1
| #define STRERROR_R_CHAR_P 1
| #define HAVE_FUNC_ATTRIBUTE_VISIBILITY 1
| #define HAVE_ENDIAN_H 1
| #define HAVE_BYTESWAP_H 1
| #define HAVE_STDIO_H 1
| #define HAVE_STDLIB_H 1
| #define HAVE_UNISTD_H 1
| #define HAVE_STRINGS_H 1
| #define HAVE_SYS_TYPES_H 1
| #define HAVE_SYS_STAT_H 1
| #define HAVE_SYS_SELECT_H 1
| #define HAVE_SYS_PRCTL_H 1
| #define HAVE_DECL_STRNLEN 1
| #define HAVE_DECL_DAEMON 1
| #define HAVE_DECL_LE16TOH 1
| #define HAVE_DECL_LE32TOH 1
| #define HAVE_DECL_LE64TOH 1
| #define HAVE_DECL_HTOLE16 1
| #define HAVE_DECL_HTOLE32 1
| #define HAVE_DECL_HTOLE64 1
| #define HAVE_DECL_BE16TOH 1
| #define HAVE_DECL_BE32TOH 1
| #define HAVE_DECL_BE64TOH 1
| #define HAVE_DECL_HTOBE16 1
| #define HAVE_DECL_HTOBE32 1
| #define HAVE_DECL_HTOBE64 1
| #define HAVE_DECL_BSWAP_16 1
| #define HAVE_DECL_BSWAP_32 1
| #define HAVE_DECL_BSWAP_64 1
| #define HAVE_DECL___BUILTIN_CLZ 1
| #define HAVE_DECL___BUILTIN_CLZL 1
| #define HAVE_DECL___BUILTIN_CLZLL 1
| #define HAVE_MALLOC_INFO 1
| #define HAVE_MALLOPT_ARENA_MAX 1
| #define HAVE_VISIBILITY_ATTRIBUTE 1
| #define HAVE_THREAD_LOCAL 1
| /* end confdefs.h.  */
| 
|         #include <libdb4.8/db_cxx.h>
| 
| int
| main ()
| {
| 
|         #if !((DB_VERSION_MAJOR == 4 && DB_VERSION_MINOR >= 8) || DB_VERSION_MAJOR > 4)
|           #error "failed to find bdb 4.8+"
|         #endif
| 
|   ;
|   return 0;
| }
configure:24569: g++ -m64 -std=c++11 -c -pipe -O2  -I/home/administrator/walletbuilders/build_environment/pivx/3.3.0/depends/x86_64-w64-linux/share/../include/  -DHAVE_BUILD_INFO -D__STDC_FORMAT_MACROS conftest.cpp >&5
conftest.cpp:67:18: fatal error: db4.8/db_cxx.h: No such file or directory
         #include <db4.8/db_cxx.h>
                  ^~~~~~~~~~~~~~~~
compilation terminated.
configure:24569: $? = 1
configure: failed program was:
| /* confdefs.h */
| #define PACKAGE_NAME "BitcoinClassic Core"
| #define PACKAGE_TARNAME "bitcoinclassic"
| #define PACKAGE_VERSION "1.0.0"
| #define PACKAGE_STRING "BitcoinClassic Core 1.0.0"
| #define PACKAGE_BUGREPORT "www.bitcoinclassic.org"
| #define PACKAGE_URL ""
| #define HAVE_CXX11 1
| #define STDC_HEADERS 1
| #define HAVE_SYS_TYPES_H 1
| #define HAVE_SYS_STAT_H 1
| #define HAVE_STDLIB_H 1
| #define HAVE_STRING_H 1
| #define HAVE_MEMORY_H 1
| #define HAVE_STRINGS_H 1
| #define HAVE_INTTYPES_H 1
| #define HAVE_STDINT_H 1
| #define HAVE_UNISTD_H 1
| #define HAVE_DLFCN_H 1
| #define LT_OBJDIR ".libs/"
| #define USE_ASM 1
| #define ENABLE_SSE41 1
| #define ENABLE_AVX2 1
| #define ENABLE_SHANI 1
| #define HAVE_PTHREAD_PRIO_INHERIT 1
| #define HAVE_PTHREAD 1
| #define HAVE_DECL_STRERROR_R 1
| #define HAVE_STRERROR_R 1
| #define STRERROR_R_CHAR_P 1
| #define HAVE_FUNC_ATTRIBUTE_VISIBILITY 1
| #define HAVE_ENDIAN_H 1
| #define HAVE_BYTESWAP_H 1
| #define HAVE_STDIO_H 1
| #define HAVE_STDLIB_H 1
| #define HAVE_UNISTD_H 1
| #define HAVE_STRINGS_H 1
| #define HAVE_SYS_TYPES_H 1
| #define HAVE_SYS_STAT_H 1
| #define HAVE_SYS_SELECT_H 1
| #define HAVE_SYS_PRCTL_H 1
| #define HAVE_DECL_STRNLEN 1
| #define HAVE_DECL_DAEMON 1
| #define HAVE_DECL_LE16TOH 1
| #define HAVE_DECL_LE32TOH 1
| #define HAVE_DECL_LE64TOH 1
| #define HAVE_DECL_HTOLE16 1
| #define HAVE_DECL_HTOLE32 1
| #define HAVE_DECL_HTOLE64 1
| #define HAVE_DECL_BE16TOH 1
| #define HAVE_DECL_BE32TOH 1
| #define HAVE_DECL_BE64TOH 1
| #define HAVE_DECL_HTOBE16 1
| #define HAVE_DECL_HTOBE32 1
| #define HAVE_DECL_HTOBE64 1
| #define HAVE_DECL_BSWAP_16 1
| #define HAVE_DECL_BSWAP_32 1
| #define HAVE_DECL_BSWAP_64 1
| #define HAVE_DECL___BUILTIN_CLZ 1
| #define HAVE_DECL___BUILTIN_CLZL 1
| #define HAVE_DECL___BUILTIN_CLZLL 1
| #define HAVE_MALLOC_INFO 1
| #define HAVE_MALLOPT_ARENA_MAX 1
| #define HAVE_VISIBILITY_ATTRIBUTE 1
| #define HAVE_THREAD_LOCAL 1
| /* end confdefs.h.  */
| 
|         #include <db4.8/db_cxx.h>
| 
| int
| main ()
| {
| 
|         #if !((DB_VERSION_MAJOR == 4 && DB_VERSION_MINOR >= 8) || DB_VERSION_MAJOR > 4)
|           #error "failed to find bdb 4.8+"
|         #endif
| 
|   ;
|   return 0;
| }
configure:24569: g++ -m64 -std=c++11 -c -pipe -O2  -I/home/administrator/walletbuilders/build_environment/pivx/3.3.0/depends/x86_64-w64-linux/share/../include/  -DHAVE_BUILD_INFO -D__STDC_FORMAT_MACROS conftest.cpp >&5
conftest.cpp:67:18: fatal error: bdb48/db_cxx.h: No such file or directory
         #include <bdb48/db_cxx.h>
                  ^~~~~~~~~~~~~~~~
compilation terminated.
configure:24569: $? = 1
configure: failed program was:
| /* confdefs.h */
| #define PACKAGE_NAME "BitcoinClassic Core"
| #define PACKAGE_TARNAME "bitcoinclassic"
| #define PACKAGE_VERSION "1.0.0"
| #define PACKAGE_STRING "BitcoinClassic Core 1.0.0"
| #define PACKAGE_BUGREPORT "www.bitcoinclassic.org"
| #define PACKAGE_URL ""
| #define HAVE_CXX11 1
| #define STDC_HEADERS 1
| #define HAVE_SYS_TYPES_H 1
| #define HAVE_SYS_STAT_H 1
| #define HAVE_STDLIB_H 1
| #define HAVE_STRING_H 1
| #define HAVE_MEMORY_H 1
| #define HAVE_STRINGS_H 1
| #define HAVE_INTTYPES_H 1
| #define HAVE_STDINT_H 1
| #define HAVE_UNISTD_H 1
| #define HAVE_DLFCN_H 1
| #define LT_OBJDIR ".libs/"
| #define USE_ASM 1
| #define ENABLE_SSE41 1
| #define ENABLE_AVX2 1
| #define ENABLE_SHANI 1
| #define HAVE_PTHREAD_PRIO_INHERIT 1
| #define HAVE_PTHREAD 1
| #define HAVE_DECL_STRERROR_R 1
| #define HAVE_STRERROR_R 1
| #define STRERROR_R_CHAR_P 1
| #define HAVE_FUNC_ATTRIBUTE_VISIBILITY 1
| #define HAVE_ENDIAN_H 1
| #define HAVE_BYTESWAP_H 1
| #define HAVE_STDIO_H 1
| #define HAVE_STDLIB_H 1
| #define HAVE_UNISTD_H 1
| #define HAVE_STRINGS_H 1
| #define HAVE_SYS_TYPES_H 1
| #define HAVE_SYS_STAT_H 1
| #define HAVE_SYS_SELECT_H 1
| #define HAVE_SYS_PRCTL_H 1
| #define HAVE_DECL_STRNLEN 1
| #define HAVE_DECL_DAEMON 1
| #define HAVE_DECL_LE16TOH 1
| #define HAVE_DECL_LE32TOH 1
| #define HAVE_DECL_LE64TOH 1
| #define HAVE_DECL_HTOLE16 1
| #define HAVE_DECL_HTOLE32 1
| #define HAVE_DECL_HTOLE64 1
| #define HAVE_DECL_BE16TOH 1
| #define HAVE_DECL_BE32TOH 1
| #define HAVE_DECL_BE64TOH 1
| #define HAVE_DECL_HTOBE16 1
| #define HAVE_DECL_HTOBE32 1
| #define HAVE_DECL_HTOBE64 1
| #define HAVE_DECL_BSWAP_16 1
| #define HAVE_DECL_BSWAP_32 1
| #define HAVE_DECL_BSWAP_64 1
| #define HAVE_DECL___BUILTIN_CLZ 1
| #define HAVE_DECL___BUILTIN_CLZL 1
| #define HAVE_DECL___BUILTIN_CLZLL 1
| #define HAVE_MALLOC_INFO 1
| #define HAVE_MALLOPT_ARENA_MAX 1
| #define HAVE_VISIBILITY_ATTRIBUTE 1
| #define HAVE_THREAD_LOCAL 1
| /* end confdefs.h.  */
| 
|         #include <bdb48/db_cxx.h>
| 
| int
| main ()
| {
| 
|         #if !((DB_VERSION_MAJOR == 4 && DB_VERSION_MINOR >= 8) || DB_VERSION_MAJOR > 4)
|           #error "failed to find bdb 4.8+"
|         #endif
| 
|   ;
|   return 0;
| }
configure:24569: g++ -m64 -std=c++11 -c -pipe -O2  -I/home/administrator/walletbuilders/build_environment/pivx/3.3.0/depends/x86_64-w64-linux/share/../include/  -DHAVE_BUILD_INFO -D__STDC_FORMAT_MACROS conftest.cpp >&5
conftest.cpp:67:18: fatal error: libdb48/db_cxx.h: No such file or directory
         #include <libdb48/db_cxx.h>
                  ^~~~~~~~~~~~~~~~~~
compilation terminated.
configure:24569: $? = 1
configure: failed program was:
| /* confdefs.h */
| #define PACKAGE_NAME "BitcoinClassic Core"
| #define PACKAGE_TARNAME "bitcoinclassic"
| #define PACKAGE_VERSION "1.0.0"
| #define PACKAGE_STRING "BitcoinClassic Core 1.0.0"
| #define PACKAGE_BUGREPORT "www.bitcoinclassic.org"
| #define PACKAGE_URL ""
| #define HAVE_CXX11 1
| #define STDC_HEADERS 1
| #define HAVE_SYS_TYPES_H 1
| #define HAVE_SYS_STAT_H 1
| #define HAVE_STDLIB_H 1
| #define HAVE_STRING_H 1
| #define HAVE_MEMORY_H 1
| #define HAVE_STRINGS_H 1
| #define HAVE_INTTYPES_H 1
| #define HAVE_STDINT_H 1
| #define HAVE_UNISTD_H 1
| #define HAVE_DLFCN_H 1
| #define LT_OBJDIR ".libs/"
| #define USE_ASM 1
| #define ENABLE_SSE41 1
| #define ENABLE_AVX2 1
| #define ENABLE_SHANI 1
| #define HAVE_PTHREAD_PRIO_INHERIT 1
| #define HAVE_PTHREAD 1
| #define HAVE_DECL_STRERROR_R 1
| #define HAVE_STRERROR_R 1
| #define STRERROR_R_CHAR_P 1
| #define HAVE_FUNC_ATTRIBUTE_VISIBILITY 1
| #define HAVE_ENDIAN_H 1
| #define HAVE_BYTESWAP_H 1
| #define HAVE_STDIO_H 1
| #define HAVE_STDLIB_H 1
| #define HAVE_UNISTD_H 1
| #define HAVE_STRINGS_H 1
| #define HAVE_SYS_TYPES_H 1
| #define HAVE_SYS_STAT_H 1
| #define HAVE_SYS_SELECT_H 1
| #define HAVE_SYS_PRCTL_H 1
| #define HAVE_DECL_STRNLEN 1
| #define HAVE_DECL_DAEMON 1
| #define HAVE_DECL_LE16TOH 1
| #define HAVE_DECL_LE32TOH 1
| #define HAVE_DECL_LE64TOH 1
| #define HAVE_DECL_HTOLE16 1
| #define HAVE_DECL_HTOLE32 1
| #define HAVE_DECL_HTOLE64 1
| #define HAVE_DECL_BE16TOH 1
| #define HAVE_DECL_BE32TOH 1
| #define HAVE_DECL_BE64TOH 1
| #define HAVE_DECL_HTOBE16 1
| #define HAVE_DECL_HTOBE32 1
| #define HAVE_DECL_HTOBE64 1
| #define HAVE_DECL_BSWAP_16 1
| #define HAVE_DECL_BSWAP_32 1
| #define HAVE_DECL_BSWAP_64 1
| #define HAVE_DECL___BUILTIN_CLZ 1
| #define HAVE_DECL___BUILTIN_CLZL 1
| #define HAVE_DECL___BUILTIN_CLZLL 1
| #define HAVE_MALLOC_INFO 1
| #define HAVE_MALLOPT_ARENA_MAX 1
| #define HAVE_VISIBILITY_ATTRIBUTE 1
| #define HAVE_THREAD_LOCAL 1
| /* end confdefs.h.  */
| 
|         #include <libdb48/db_cxx.h>
| 
| int
| main ()
| {
| 
|         #if !((DB_VERSION_MAJOR == 4 && DB_VERSION_MINOR >= 8) || DB_VERSION_MAJOR > 4)
|           #error "failed to find bdb 4.8+"
|         #endif
| 
|   ;
|   return 0;
| }
configure:24569: g++ -m64 -std=c++11 -c -pipe -O2  -I/home/administrator/walletbuilders/build_environment/pivx/3.3.0/depends/x86_64-w64-linux/share/../include/  -DHAVE_BUILD_INFO -D__STDC_FORMAT_MACROS conftest.cpp >&5
conftest.cpp:67:18: fatal error: db48/db_cxx.h: No such file or directory
         #include <db48/db_cxx.h>
                  ^~~~~~~~~~~~~~~
compilation terminated.
configure:24569: $? = 1
configure: failed program was:
| /* confdefs.h */
| #define PACKAGE_NAME "BitcoinClassic Core"
| #define PACKAGE_TARNAME "bitcoinclassic"
| #define PACKAGE_VERSION "1.0.0"
| #define PACKAGE_STRING "BitcoinClassic Core 1.0.0"
| #define PACKAGE_BUGREPORT "www.bitcoinclassic.org"
| #define PACKAGE_URL ""
| #define HAVE_CXX11 1
| #define STDC_HEADERS 1
| #define HAVE_SYS_TYPES_H 1
| #define HAVE_SYS_STAT_H 1
| #define HAVE_STDLIB_H 1
| #define HAVE_STRING_H 1
| #define HAVE_MEMORY_H 1
| #define HAVE_STRINGS_H 1
| #define HAVE_INTTYPES_H 1
| #define HAVE_STDINT_H 1
| #define HAVE_UNISTD_H 1
| #define HAVE_DLFCN_H 1
| #define LT_OBJDIR ".libs/"
| #define USE_ASM 1
| #define ENABLE_SSE41 1
| #define ENABLE_AVX2 1
| #define ENABLE_SHANI 1
| #define HAVE_PTHREAD_PRIO_INHERIT 1
| #define HAVE_PTHREAD 1
| #define HAVE_DECL_STRERROR_R 1
| #define HAVE_STRERROR_R 1
| #define STRERROR_R_CHAR_P 1
| #define HAVE_FUNC_ATTRIBUTE_VISIBILITY 1
| #define HAVE_ENDIAN_H 1
| #define HAVE_BYTESWAP_H 1
| #define HAVE_STDIO_H 1
| #define HAVE_STDLIB_H 1
| #define HAVE_UNISTD_H 1
| #define HAVE_STRINGS_H 1
| #define HAVE_SYS_TYPES_H 1
| #define HAVE_SYS_STAT_H 1
| #define HAVE_SYS_SELECT_H 1
| #define HAVE_SYS_PRCTL_H 1
| #define HAVE_DECL_STRNLEN 1
| #define HAVE_DECL_DAEMON 1
| #define HAVE_DECL_LE16TOH 1
| #define HAVE_DECL_LE32TOH 1
| #define HAVE_DECL_LE64TOH 1
| #define HAVE_DECL_HTOLE16 1
| #define HAVE_DECL_HTOLE32 1
| #define HAVE_DECL_HTOLE64 1
| #define HAVE_DECL_BE16TOH 1
| #define HAVE_DECL_BE32TOH 1
| #define HAVE_DECL_BE64TOH 1
| #define HAVE_DECL_HTOBE16 1
| #define HAVE_DECL_HTOBE32 1
| #define HAVE_DECL_HTOBE64 1
| #define HAVE_DECL_BSWAP_16 1
| #define HAVE_DECL_BSWAP_32 1
| #define HAVE_DECL_BSWAP_64 1
| #define HAVE_DECL___BUILTIN_CLZ 1
| #define HAVE_DECL___BUILTIN_CLZL 1
| #define HAVE_DECL___BUILTIN_CLZLL 1
| #define HAVE_MALLOC_INFO 1
| #define HAVE_MALLOPT_ARENA_MAX 1
| #define HAVE_VISIBILITY_ATTRIBUTE 1
| #define HAVE_THREAD_LOCAL 1
| /* end confdefs.h.  */
| 
|         #include <db48/db_cxx.h>
| 
| int
| main ()
| {
| 
|         #if !((DB_VERSION_MAJOR == 4 && DB_VERSION_MINOR >= 8) || DB_VERSION_MAJOR > 4)
|           #error "failed to find bdb 4.8+"
|         #endif
| 
|   ;
|   return 0;
| }
configure:24569: g++ -m64 -std=c++11 -c -pipe -O2  -I/home/administrator/walletbuilders/build_environment/pivx/3.3.0/depends/x86_64-w64-linux/share/../include/  -DHAVE_BUILD_INFO -D__STDC_FORMAT_MACROS conftest.cpp >&5
conftest.cpp:67:18: fatal error: bdb4/db_cxx.h: No such file or directory
         #include <bdb4/db_cxx.h>
                  ^~~~~~~~~~~~~~~
compilation terminated.
configure:24569: $? = 1
configure: failed program was:
| /* confdefs.h */
| #define PACKAGE_NAME "BitcoinClassic Core"
| #define PACKAGE_TARNAME "bitcoinclassic"
| #define PACKAGE_VERSION "1.0.0"
| #define PACKAGE_STRING "BitcoinClassic Core 1.0.0"
| #define PACKAGE_BUGREPORT "www.bitcoinclassic.org"
| #define PACKAGE_URL ""
| #define HAVE_CXX11 1
| #define STDC_HEADERS 1
| #define HAVE_SYS_TYPES_H 1
| #define HAVE_SYS_STAT_H 1
| #define HAVE_STDLIB_H 1
| #define HAVE_STRING_H 1
| #define HAVE_MEMORY_H 1
| #define HAVE_STRINGS_H 1
| #define HAVE_INTTYPES_H 1
| #define HAVE_STDINT_H 1
| #define HAVE_UNISTD_H 1
| #define HAVE_DLFCN_H 1
| #define LT_OBJDIR ".libs/"
| #define USE_ASM 1
| #define ENABLE_SSE41 1
| #define ENABLE_AVX2 1
| #define ENABLE_SHANI 1
| #define HAVE_PTHREAD_PRIO_INHERIT 1
| #define HAVE_PTHREAD 1
| #define HAVE_DECL_STRERROR_R 1
| #define HAVE_STRERROR_R 1
| #define STRERROR_R_CHAR_P 1
| #define HAVE_FUNC_ATTRIBUTE_VISIBILITY 1
| #define HAVE_ENDIAN_H 1
| #define HAVE_BYTESWAP_H 1
| #define HAVE_STDIO_H 1
| #define HAVE_STDLIB_H 1
| #define HAVE_UNISTD_H 1
| #define HAVE_STRINGS_H 1
| #define HAVE_SYS_TYPES_H 1
| #define HAVE_SYS_STAT_H 1
| #define HAVE_SYS_SELECT_H 1
| #define HAVE_SYS_PRCTL_H 1
| #define HAVE_DECL_STRNLEN 1
| #define HAVE_DECL_DAEMON 1
| #define HAVE_DECL_LE16TOH 1
| #define HAVE_DECL_LE32TOH 1
| #define HAVE_DECL_LE64TOH 1
| #define HAVE_DECL_HTOLE16 1
| #define HAVE_DECL_HTOLE32 1
| #define HAVE_DECL_HTOLE64 1
| #define HAVE_DECL_BE16TOH 1
| #define HAVE_DECL_BE32TOH 1
| #define HAVE_DECL_BE64TOH 1
| #define HAVE_DECL_HTOBE16 1
| #define HAVE_DECL_HTOBE32 1
| #define HAVE_DECL_HTOBE64 1
| #define HAVE_DECL_BSWAP_16 1
| #define HAVE_DECL_BSWAP_32 1
| #define HAVE_DECL_BSWAP_64 1
| #define HAVE_DECL___BUILTIN_CLZ 1
| #define HAVE_DECL___BUILTIN_CLZL 1
| #define HAVE_DECL___BUILTIN_CLZLL 1
| #define HAVE_MALLOC_INFO 1
| #define HAVE_MALLOPT_ARENA_MAX 1
| #define HAVE_VISIBILITY_ATTRIBUTE 1
| #define HAVE_THREAD_LOCAL 1
| /* end confdefs.h.  */
| 
|         #include <bdb4/db_cxx.h>
| 
| int
| main ()
| {
| 
|         #if !((DB_VERSION_MAJOR == 4 && DB_VERSION_MINOR >= 8) || DB_VERSION_MAJOR > 4)
|           #error "failed to find bdb 4.8+"
|         #endif
| 
|   ;
|   return 0;
| }
configure:24569: g++ -m64 -std=c++11 -c -pipe -O2  -I/home/administrator/walletbuilders/build_environment/pivx/3.3.0/depends/x86_64-w64-linux/share/../include/  -DHAVE_BUILD_INFO -D__STDC_FORMAT_MACROS conftest.cpp >&5
conftest.cpp:67:18: fatal error: libdb4/db_cxx.h: No such file or directory
         #include <libdb4/db_cxx.h>
                  ^~~~~~~~~~~~~~~~~
compilation terminated.
configure:24569: $? = 1
configure: failed program was:
| /* confdefs.h */
| #define PACKAGE_NAME "BitcoinClassic Core"
| #define PACKAGE_TARNAME "bitcoinclassic"
| #define PACKAGE_VERSION "1.0.0"
| #define PACKAGE_STRING "BitcoinClassic Core 1.0.0"
| #define PACKAGE_BUGREPORT "www.bitcoinclassic.org"
| #define PACKAGE_URL ""
| #define HAVE_CXX11 1
| #define STDC_HEADERS 1
| #define HAVE_SYS_TYPES_H 1
| #define HAVE_SYS_STAT_H 1
| #define HAVE_STDLIB_H 1
| #define HAVE_STRING_H 1
| #define HAVE_MEMORY_H 1
| #define HAVE_STRINGS_H 1
| #define HAVE_INTTYPES_H 1
| #define HAVE_STDINT_H 1
| #define HAVE_UNISTD_H 1
| #define HAVE_DLFCN_H 1
| #define LT_OBJDIR ".libs/"
| #define USE_ASM 1
| #define ENABLE_SSE41 1
| #define ENABLE_AVX2 1
| #define ENABLE_SHANI 1
| #define HAVE_PTHREAD_PRIO_INHERIT 1
| #define HAVE_PTHREAD 1
| #define HAVE_DECL_STRERROR_R 1
| #define HAVE_STRERROR_R 1
| #define STRERROR_R_CHAR_P 1
| #define HAVE_FUNC_ATTRIBUTE_VISIBILITY 1
| #define HAVE_ENDIAN_H 1
| #define HAVE_BYTESWAP_H 1
| #define HAVE_STDIO_H 1
| #define HAVE_STDLIB_H 1
| #define HAVE_UNISTD_H 1
| #define HAVE_STRINGS_H 1
| #define HAVE_SYS_TYPES_H 1
| #define HAVE_SYS_STAT_H 1
| #define HAVE_SYS_SELECT_H 1
| #define HAVE_SYS_PRCTL_H 1
| #define HAVE_DECL_STRNLEN 1
| #define HAVE_DECL_DAEMON 1
| #define HAVE_DECL_LE16TOH 1
| #define HAVE_DECL_LE32TOH 1
| #define HAVE_DECL_LE64TOH 1
| #define HAVE_DECL_HTOLE16 1
| #define HAVE_DECL_HTOLE32 1
| #define HAVE_DECL_HTOLE64 1
| #define HAVE_DECL_BE16TOH 1
| #define HAVE_DECL_BE32TOH 1
| #define HAVE_DECL_BE64TOH 1
| #define HAVE_DECL_HTOBE16 1
| #define HAVE_DECL_HTOBE32 1
| #define HAVE_DECL_HTOBE64 1
| #define HAVE_DECL_BSWAP_16 1
| #define HAVE_DECL_BSWAP_32 1
| #define HAVE_DECL_BSWAP_64 1
| #define HAVE_DECL___BUILTIN_CLZ 1
| #define HAVE_DECL___BUILTIN_CLZL 1
| #define HAVE_DECL___BUILTIN_CLZLL 1
| #define HAVE_MALLOC_INFO 1
| #define HAVE_MALLOPT_ARENA_MAX 1
| #define HAVE_VISIBILITY_ATTRIBUTE 1
| #define HAVE_THREAD_LOCAL 1
| /* end confdefs.h.  */
| 
|         #include <libdb4/db_cxx.h>
| 
| int
| main ()
| {
| 
|         #if !((DB_VERSION_MAJOR == 4 && DB_VERSION_MINOR >= 8) || DB_VERSION_MAJOR > 4)
|           #error "failed to find bdb 4.8+"
|         #endif
| 
|   ;
|   return 0;
| }
configure:24569: g++ -m64 -std=c++11 -c -pipe -O2  -I/home/administrator/walletbuilders/build_environment/pivx/3.3.0/depends/x86_64-w64-linux/share/../include/  -DHAVE_BUILD_INFO -D__STDC_FORMAT_MACROS conftest.cpp >&5
conftest.cpp:67:18: fatal error: db4/db_cxx.h: No such file or directory
         #include <db4/db_cxx.h>
                  ^~~~~~~~~~~~~~
compilation terminated.
configure:24569: $? = 1
configure: failed program was:
| /* confdefs.h */
| #define PACKAGE_NAME "BitcoinClassic Core"
| #define PACKAGE_TARNAME "bitcoinclassic"
| #define PACKAGE_VERSION "1.0.0"
| #define PACKAGE_STRING "BitcoinClassic Core 1.0.0"
| #define PACKAGE_BUGREPORT "www.bitcoinclassic.org"
| #define PACKAGE_URL ""
| #define HAVE_CXX11 1
| #define STDC_HEADERS 1
| #define HAVE_SYS_TYPES_H 1
| #define HAVE_SYS_STAT_H 1
| #define HAVE_STDLIB_H 1
| #define HAVE_STRING_H 1
| #define HAVE_MEMORY_H 1
| #define HAVE_STRINGS_H 1
| #define HAVE_INTTYPES_H 1
| #define HAVE_STDINT_H 1
| #define HAVE_UNISTD_H 1
| #define HAVE_DLFCN_H 1
| #define LT_OBJDIR ".libs/"
| #define USE_ASM 1
| #define ENABLE_SSE41 1
| #define ENABLE_AVX2 1
| #define ENABLE_SHANI 1
| #define HAVE_PTHREAD_PRIO_INHERIT 1
| #define HAVE_PTHREAD 1
| #define HAVE_DECL_STRERROR_R 1
| #define HAVE_STRERROR_R 1
| #define STRERROR_R_CHAR_P 1
| #define HAVE_FUNC_ATTRIBUTE_VISIBILITY 1
| #define HAVE_ENDIAN_H 1
| #define HAVE_BYTESWAP_H 1
| #define HAVE_STDIO_H 1
| #define HAVE_STDLIB_H 1
| #define HAVE_UNISTD_H 1
| #define HAVE_STRINGS_H 1
| #define HAVE_SYS_TYPES_H 1
| #define HAVE_SYS_STAT_H 1
| #define HAVE_SYS_SELECT_H 1
| #define HAVE_SYS_PRCTL_H 1
| #define HAVE_DECL_STRNLEN 1
| #define HAVE_DECL_DAEMON 1
| #define HAVE_DECL_LE16TOH 1
| #define HAVE_DECL_LE32TOH 1
| #define HAVE_DECL_LE64TOH 1
| #define HAVE_DECL_HTOLE16 1
| #define HAVE_DECL_HTOLE32 1
| #define HAVE_DECL_HTOLE64 1
| #define HAVE_DECL_BE16TOH 1
| #define HAVE_DECL_BE32TOH 1
| #define HAVE_DECL_BE64TOH 1
| #define HAVE_DECL_HTOBE16 1
| #define HAVE_DECL_HTOBE32 1
| #define HAVE_DECL_HTOBE64 1
| #define HAVE_DECL_BSWAP_16 1
| #define HAVE_DECL_BSWAP_32 1
| #define HAVE_DECL_BSWAP_64 1
| #define HAVE_DECL___BUILTIN_CLZ 1
| #define HAVE_DECL___BUILTIN_CLZL 1
| #define HAVE_DECL___BUILTIN_CLZLL 1
| #define HAVE_MALLOC_INFO 1
| #define HAVE_MALLOPT_ARENA_MAX 1
| #define HAVE_VISIBILITY_ATTRIBUTE 1
| #define HAVE_THREAD_LOCAL 1
| /* end confdefs.h.  */
| 
|         #include <db4/db_cxx.h>
| 
| int
| main ()
| {
| 
|         #if !((DB_VERSION_MAJOR == 4 && DB_VERSION_MINOR >= 8) || DB_VERSION_MAJOR > 4)
|           #error "failed to find bdb 4.8+"
|         #endif
| 
|   ;
|   return 0;
| }
configure:24569: g++ -m64 -std=c++11 -c -pipe -O2  -I/home/administrator/walletbuilders/build_environment/pivx/3.3.0/depends/x86_64-w64-linux/share/../include/  -DHAVE_BUILD_INFO -D__STDC_FORMAT_MACROS conftest.cpp >&5
conftest.cpp:67:18: fatal error: bdb5/db_cxx.h: No such file or directory
         #include <bdb5/db_cxx.h>
                  ^~~~~~~~~~~~~~~
compilation terminated.
configure:24569: $? = 1
configure: failed program was:
| /* confdefs.h */
| #define PACKAGE_NAME "BitcoinClassic Core"
| #define PACKAGE_TARNAME "bitcoinclassic"
| #define PACKAGE_VERSION "1.0.0"
| #define PACKAGE_STRING "BitcoinClassic Core 1.0.0"
| #define PACKAGE_BUGREPORT "www.bitcoinclassic.org"
| #define PACKAGE_URL ""
| #define HAVE_CXX11 1
| #define STDC_HEADERS 1
| #define HAVE_SYS_TYPES_H 1
| #define HAVE_SYS_STAT_H 1
| #define HAVE_STDLIB_H 1
| #define HAVE_STRING_H 1
| #define HAVE_MEMORY_H 1
| #define HAVE_STRINGS_H 1
| #define HAVE_INTTYPES_H 1
| #define HAVE_STDINT_H 1
| #define HAVE_UNISTD_H 1
| #define HAVE_DLFCN_H 1
| #define LT_OBJDIR ".libs/"
| #define USE_ASM 1
| #define ENABLE_SSE41 1
| #define ENABLE_AVX2 1
| #define ENABLE_SHANI 1
| #define HAVE_PTHREAD_PRIO_INHERIT 1
| #define HAVE_PTHREAD 1
| #define HAVE_DECL_STRERROR_R 1
| #define HAVE_STRERROR_R 1
| #define STRERROR_R_CHAR_P 1
| #define HAVE_FUNC_ATTRIBUTE_VISIBILITY 1
| #define HAVE_ENDIAN_H 1
| #define HAVE_BYTESWAP_H 1
| #define HAVE_STDIO_H 1
| #define HAVE_STDLIB_H 1
| #define HAVE_UNISTD_H 1
| #define HAVE_STRINGS_H 1
| #define HAVE_SYS_TYPES_H 1
| #define HAVE_SYS_STAT_H 1
| #define HAVE_SYS_SELECT_H 1
| #define HAVE_SYS_PRCTL_H 1
| #define HAVE_DECL_STRNLEN 1
| #define HAVE_DECL_DAEMON 1
| #define HAVE_DECL_LE16TOH 1
| #define HAVE_DECL_LE32TOH 1
| #define HAVE_DECL_LE64TOH 1
| #define HAVE_DECL_HTOLE16 1
| #define HAVE_DECL_HTOLE32 1
| #define HAVE_DECL_HTOLE64 1
| #define HAVE_DECL_BE16TOH 1
| #define HAVE_DECL_BE32TOH 1
| #define HAVE_DECL_BE64TOH 1
| #define HAVE_DECL_HTOBE16 1
| #define HAVE_DECL_HTOBE32 1
| #define HAVE_DECL_HTOBE64 1
| #define HAVE_DECL_BSWAP_16 1
| #define HAVE_DECL_BSWAP_32 1
| #define HAVE_DECL_BSWAP_64 1
| #define HAVE_DECL___BUILTIN_CLZ 1
| #define HAVE_DECL___BUILTIN_CLZL 1
| #define HAVE_DECL___BUILTIN_CLZLL 1
| #define HAVE_MALLOC_INFO 1
| #define HAVE_MALLOPT_ARENA_MAX 1
| #define HAVE_VISIBILITY_ATTRIBUTE 1
| #define HAVE_THREAD_LOCAL 1
| /* end confdefs.h.  */
| 
|         #include <bdb5/db_cxx.h>
| 
| int
| main ()
| {
| 
|         #if !((DB_VERSION_MAJOR == 4 && DB_VERSION_MINOR >= 8) || DB_VERSION_MAJOR > 4)
|           #error "failed to find bdb 4.8+"
|         #endif
| 
|   ;
|   return 0;
| }
configure:24569: g++ -m64 -std=c++11 -c -pipe -O2  -I/home/administrator/walletbuilders/build_environment/pivx/3.3.0/depends/x86_64-w64-linux/share/../include/  -DHAVE_BUILD_INFO -D__STDC_FORMAT_MACROS conftest.cpp >&5
conftest.cpp:67:18: fatal error: libdb5/db_cxx.h: No such file or directory
         #include <libdb5/db_cxx.h>
                  ^~~~~~~~~~~~~~~~~
compilation terminated.
configure:24569: $? = 1
configure: failed program was:
| /* confdefs.h */
| #define PACKAGE_NAME "BitcoinClassic Core"
| #define PACKAGE_TARNAME "bitcoinclassic"
| #define PACKAGE_VERSION "1.0.0"
| #define PACKAGE_STRING "BitcoinClassic Core 1.0.0"
| #define PACKAGE_BUGREPORT "www.bitcoinclassic.org"
| #define PACKAGE_URL ""
| #define HAVE_CXX11 1
| #define STDC_HEADERS 1
| #define HAVE_SYS_TYPES_H 1
| #define HAVE_SYS_STAT_H 1
| #define HAVE_STDLIB_H 1
| #define HAVE_STRING_H 1
| #define HAVE_MEMORY_H 1
| #define HAVE_STRINGS_H 1
| #define HAVE_INTTYPES_H 1
| #define HAVE_STDINT_H 1
| #define HAVE_UNISTD_H 1
| #define HAVE_DLFCN_H 1
| #define LT_OBJDIR ".libs/"
| #define USE_ASM 1
| #define ENABLE_SSE41 1
| #define ENABLE_AVX2 1
| #define ENABLE_SHANI 1
| #define HAVE_PTHREAD_PRIO_INHERIT 1
| #define HAVE_PTHREAD 1
| #define HAVE_DECL_STRERROR_R 1
| #define HAVE_STRERROR_R 1
| #define STRERROR_R_CHAR_P 1
| #define HAVE_FUNC_ATTRIBUTE_VISIBILITY 1
| #define HAVE_ENDIAN_H 1
| #define HAVE_BYTESWAP_H 1
| #define HAVE_STDIO_H 1
| #define HAVE_STDLIB_H 1
| #define HAVE_UNISTD_H 1
| #define HAVE_STRINGS_H 1
| #define HAVE_SYS_TYPES_H 1
| #define HAVE_SYS_STAT_H 1
| #define HAVE_SYS_SELECT_H 1
| #define HAVE_SYS_PRCTL_H 1
| #define HAVE_DECL_STRNLEN 1
| #define HAVE_DECL_DAEMON 1
| #define HAVE_DECL_LE16TOH 1
| #define HAVE_DECL_LE32TOH 1
| #define HAVE_DECL_LE64TOH 1
| #define HAVE_DECL_HTOLE16 1
| #define HAVE_DECL_HTOLE32 1
| #define HAVE_DECL_HTOLE64 1
| #define HAVE_DECL_BE16TOH 1
| #define HAVE_DECL_BE32TOH 1
| #define HAVE_DECL_BE64TOH 1
| #define HAVE_DECL_HTOBE16 1
| #define HAVE_DECL_HTOBE32 1
| #define HAVE_DECL_HTOBE64 1
| #define HAVE_DECL_BSWAP_16 1
| #define HAVE_DECL_BSWAP_32 1
| #define HAVE_DECL_BSWAP_64 1
| #define HAVE_DECL___BUILTIN_CLZ 1
| #define HAVE_DECL___BUILTIN_CLZL 1
| #define HAVE_DECL___BUILTIN_CLZLL 1
| #define HAVE_MALLOC_INFO 1
| #define HAVE_MALLOPT_ARENA_MAX 1
| #define HAVE_VISIBILITY_ATTRIBUTE 1
| #define HAVE_THREAD_LOCAL 1
| /* end confdefs.h.  */
| 
|         #include <libdb5/db_cxx.h>
| 
| int
| main ()
| {
| 
|         #if !((DB_VERSION_MAJOR == 4 && DB_VERSION_MINOR >= 8) || DB_VERSION_MAJOR > 4)
|           #error "failed to find bdb 4.8+"
|         #endif
| 
|   ;
|   return 0;
| }
configure:24569: g++ -m64 -std=c++11 -c -pipe -O2  -I/home/administrator/walletbuilders/build_environment/pivx/3.3.0/depends/x86_64-w64-linux/share/../include/  -DHAVE_BUILD_INFO -D__STDC_FORMAT_MACROS conftest.cpp >&5
conftest.cpp:67:18: fatal error: db5/db_cxx.h: No such file or directory
         #include <db5/db_cxx.h>
                  ^~~~~~~~~~~~~~
compilation terminated.
configure:24569: $? = 1
configure: failed program was:
| /* confdefs.h */
| #define PACKAGE_NAME "BitcoinClassic Core"
| #define PACKAGE_TARNAME "bitcoinclassic"
| #define PACKAGE_VERSION "1.0.0"
| #define PACKAGE_STRING "BitcoinClassic Core 1.0.0"
| #define PACKAGE_BUGREPORT "www.bitcoinclassic.org"
| #define PACKAGE_URL ""
| #define HAVE_CXX11 1
| #define STDC_HEADERS 1
| #define HAVE_SYS_TYPES_H 1
| #define HAVE_SYS_STAT_H 1
| #define HAVE_STDLIB_H 1
| #define HAVE_STRING_H 1
| #define HAVE_MEMORY_H 1
| #define HAVE_STRINGS_H 1
| #define HAVE_INTTYPES_H 1
| #define HAVE_STDINT_H 1
| #define HAVE_UNISTD_H 1
| #define HAVE_DLFCN_H 1
| #define LT_OBJDIR ".libs/"
| #define USE_ASM 1
| #define ENABLE_SSE41 1
| #define ENABLE_AVX2 1
| #define ENABLE_SHANI 1
| #define HAVE_PTHREAD_PRIO_INHERIT 1
| #define HAVE_PTHREAD 1
| #define HAVE_DECL_STRERROR_R 1
| #define HAVE_STRERROR_R 1
| #define STRERROR_R_CHAR_P 1
| #define HAVE_FUNC_ATTRIBUTE_VISIBILITY 1
| #define HAVE_ENDIAN_H 1
| #define HAVE_BYTESWAP_H 1
| #define HAVE_STDIO_H 1
| #define HAVE_STDLIB_H 1
| #define HAVE_UNISTD_H 1
| #define HAVE_STRINGS_H 1
| #define HAVE_SYS_TYPES_H 1
| #define HAVE_SYS_STAT_H 1
| #define HAVE_SYS_SELECT_H 1
| #define HAVE_SYS_PRCTL_H 1
| #define HAVE_DECL_STRNLEN 1
| #define HAVE_DECL_DAEMON 1
| #define HAVE_DECL_LE16TOH 1
| #define HAVE_DECL_LE32TOH 1
| #define HAVE_DECL_LE64TOH 1
| #define HAVE_DECL_HTOLE16 1
| #define HAVE_DECL_HTOLE32 1
| #define HAVE_DECL_HTOLE64 1
| #define HAVE_DECL_BE16TOH 1
| #define HAVE_DECL_BE32TOH 1
| #define HAVE_DECL_BE64TOH 1
| #define HAVE_DECL_HTOBE16 1
| #define HAVE_DECL_HTOBE32 1
| #define HAVE_DECL_HTOBE64 1
| #define HAVE_DECL_BSWAP_16 1
| #define HAVE_DECL_BSWAP_32 1
| #define HAVE_DECL_BSWAP_64 1
| #define HAVE_DECL___BUILTIN_CLZ 1
| #define HAVE_DECL___BUILTIN_CLZL 1
| #define HAVE_DECL___BUILTIN_CLZLL 1
| #define HAVE_MALLOC_INFO 1
| #define HAVE_MALLOPT_ARENA_MAX 1
| #define HAVE_VISIBILITY_ATTRIBUTE 1
| #define HAVE_THREAD_LOCAL 1
| /* end confdefs.h.  */
| 
|         #include <db5/db_cxx.h>
| 
| int
| main ()
| {
| 
|         #if !((DB_VERSION_MAJOR == 4 && DB_VERSION_MINOR >= 8) || DB_VERSION_MAJOR > 4)
|           #error "failed to find bdb 4.8+"
|         #endif
| 
|   ;
|   return 0;
| }
configure:24569: g++ -m64 -std=c++11 -c -pipe -O2  -I/home/administrator/walletbuilders/build_environment/pivx/3.3.0/depends/x86_64-w64-linux/share/../include/  -DHAVE_BUILD_INFO -D__STDC_FORMAT_MACROS conftest.cpp >&5
conftest.cpp:67:18: fatal error: bdb5.3/db_cxx.h: No such file or directory
         #include <bdb5.3/db_cxx.h>
                  ^~~~~~~~~~~~~~~~~
compilation terminated.
configure:24569: $? = 1
configure: failed program was:
| /* confdefs.h */
| #define PACKAGE_NAME "BitcoinClassic Core"
| #define PACKAGE_TARNAME "bitcoinclassic"
| #define PACKAGE_VERSION "1.0.0"
| #define PACKAGE_STRING "BitcoinClassic Core 1.0.0"
| #define PACKAGE_BUGREPORT "www.bitcoinclassic.org"
| #define PACKAGE_URL ""
| #define HAVE_CXX11 1
| #define STDC_HEADERS 1
| #define HAVE_SYS_TYPES_H 1
| #define HAVE_SYS_STAT_H 1
| #define HAVE_STDLIB_H 1
| #define HAVE_STRING_H 1
| #define HAVE_MEMORY_H 1
| #define HAVE_STRINGS_H 1
| #define HAVE_INTTYPES_H 1
| #define HAVE_STDINT_H 1
| #define HAVE_UNISTD_H 1
| #define HAVE_DLFCN_H 1
| #define LT_OBJDIR ".libs/"
| #define USE_ASM 1
| #define ENABLE_SSE41 1
| #define ENABLE_AVX2 1
| #define ENABLE_SHANI 1
| #define HAVE_PTHREAD_PRIO_INHERIT 1
| #define HAVE_PTHREAD 1
| #define HAVE_DECL_STRERROR_R 1
| #define HAVE_STRERROR_R 1
| #define STRERROR_R_CHAR_P 1
| #define HAVE_FUNC_ATTRIBUTE_VISIBILITY 1
| #define HAVE_ENDIAN_H 1
| #define HAVE_BYTESWAP_H 1
| #define HAVE_STDIO_H 1
| #define HAVE_STDLIB_H 1
| #define HAVE_UNISTD_H 1
| #define HAVE_STRINGS_H 1
| #define HAVE_SYS_TYPES_H 1
| #define HAVE_SYS_STAT_H 1
| #define HAVE_SYS_SELECT_H 1
| #define HAVE_SYS_PRCTL_H 1
| #define HAVE_DECL_STRNLEN 1
| #define HAVE_DECL_DAEMON 1
| #define HAVE_DECL_LE16TOH 1
| #define HAVE_DECL_LE32TOH 1
| #define HAVE_DECL_LE64TOH 1
| #define HAVE_DECL_HTOLE16 1
| #define HAVE_DECL_HTOLE32 1
| #define HAVE_DECL_HTOLE64 1
| #define HAVE_DECL_BE16TOH 1
| #define HAVE_DECL_BE32TOH 1
| #define HAVE_DECL_BE64TOH 1
| #define HAVE_DECL_HTOBE16 1
| #define HAVE_DECL_HTOBE32 1
| #define HAVE_DECL_HTOBE64 1
| #define HAVE_DECL_BSWAP_16 1
| #define HAVE_DECL_BSWAP_32 1
| #define HAVE_DECL_BSWAP_64 1
| #define HAVE_DECL___BUILTIN_CLZ 1
| #define HAVE_DECL___BUILTIN_CLZL 1
| #define HAVE_DECL___BUILTIN_CLZLL 1
| #define HAVE_MALLOC_INFO 1
| #define HAVE_MALLOPT_ARENA_MAX 1
| #define HAVE_VISIBILITY_ATTRIBUTE 1
| #define HAVE_THREAD_LOCAL 1
| /* end confdefs.h.  */
| 
|         #include <bdb5.3/db_cxx.h>
| 
| int
| main ()
| {
| 
|         #if !((DB_VERSION_MAJOR == 4 && DB_VERSION_MINOR >= 8) || DB_VERSION_MAJOR > 4)
|           #error "failed to find bdb 4.8+"
|         #endif
| 
|   ;
|   return 0;
| }
configure:24569: g++ -m64 -std=c++11 -c -pipe -O2  -I/home/administrator/walletbuilders/build_environment/pivx/3.3.0/depends/x86_64-w64-linux/share/../include/  -DHAVE_BUILD_INFO -D__STDC_FORMAT_MACROS conftest.cpp >&5
conftest.cpp:67:18: fatal error: libdb5.3/db_cxx.h: No such file or directory
         #include <libdb5.3/db_cxx.h>
                  ^~~~~~~~~~~~~~~~~~~
compilation terminated.
configure:24569: $? = 1
configure: failed program was:
| /* confdefs.h */
| #define PACKAGE_NAME "BitcoinClassic Core"
| #define PACKAGE_TARNAME "bitcoinclassic"
| #define PACKAGE_VERSION "1.0.0"
| #define PACKAGE_STRING "BitcoinClassic Core 1.0.0"
| #define PACKAGE_BUGREPORT "www.bitcoinclassic.org"
| #define PACKAGE_URL ""
| #define HAVE_CXX11 1
| #define STDC_HEADERS 1
| #define HAVE_SYS_TYPES_H 1
| #define HAVE_SYS_STAT_H 1
| #define HAVE_STDLIB_H 1
| #define HAVE_STRING_H 1
| #define HAVE_MEMORY_H 1
| #define HAVE_STRINGS_H 1
| #define HAVE_INTTYPES_H 1
| #define HAVE_STDINT_H 1
| #define HAVE_UNISTD_H 1
| #define HAVE_DLFCN_H 1
| #define LT_OBJDIR ".libs/"
| #define USE_ASM 1
| #define ENABLE_SSE41 1
| #define ENABLE_AVX2 1
| #define ENABLE_SHANI 1
| #define HAVE_PTHREAD_PRIO_INHERIT 1
| #define HAVE_PTHREAD 1
| #define HAVE_DECL_STRERROR_R 1
| #define HAVE_STRERROR_R 1
| #define STRERROR_R_CHAR_P 1
| #define HAVE_FUNC_ATTRIBUTE_VISIBILITY 1
| #define HAVE_ENDIAN_H 1
| #define HAVE_BYTESWAP_H 1
| #define HAVE_STDIO_H 1
| #define HAVE_STDLIB_H 1
| #define HAVE_UNISTD_H 1
| #define HAVE_STRINGS_H 1
| #define HAVE_SYS_TYPES_H 1
| #define HAVE_SYS_STAT_H 1
| #define HAVE_SYS_SELECT_H 1
| #define HAVE_SYS_PRCTL_H 1
| #define HAVE_DECL_STRNLEN 1
| #define HAVE_DECL_DAEMON 1
| #define HAVE_DECL_LE16TOH 1
| #define HAVE_DECL_LE32TOH 1
| #define HAVE_DECL_LE64TOH 1
| #define HAVE_DECL_HTOLE16 1
| #define HAVE_DECL_HTOLE32 1
| #define HAVE_DECL_HTOLE64 1
| #define HAVE_DECL_BE16TOH 1
| #define HAVE_DECL_BE32TOH 1
| #define HAVE_DECL_BE64TOH 1
| #define HAVE_DECL_HTOBE16 1
| #define HAVE_DECL_HTOBE32 1
| #define HAVE_DECL_HTOBE64 1
| #define HAVE_DECL_BSWAP_16 1
| #define HAVE_DECL_BSWAP_32 1
| #define HAVE_DECL_BSWAP_64 1
| #define HAVE_DECL___BUILTIN_CLZ 1
| #define HAVE_DECL___BUILTIN_CLZL 1
| #define HAVE_DECL___BUILTIN_CLZLL 1
| #define HAVE_MALLOC_INFO 1
| #define HAVE_MALLOPT_ARENA_MAX 1
| #define HAVE_VISIBILITY_ATTRIBUTE 1
| #define HAVE_THREAD_LOCAL 1
| /* end confdefs.h.  */
| 
|         #include <libdb5.3/db_cxx.h>
| 
| int
| main ()
| {
| 
|         #if !((DB_VERSION_MAJOR == 4 && DB_VERSION_MINOR >= 8) || DB_VERSION_MAJOR > 4)
|           #error "failed to find bdb 4.8+"
|         #endif
| 
|   ;
|   return 0;
| }
configure:24569: g++ -m64 -std=c++11 -c -pipe -O2  -I/home/administrator/walletbuilders/build_environment/pivx/3.3.0/depends/x86_64-w64-linux/share/../include/  -DHAVE_BUILD_INFO -D__STDC_FORMAT_MACROS conftest.cpp >&5
conftest.cpp:67:18: fatal error: db5.3/db_cxx.h: No such file or directory
         #include <db5.3/db_cxx.h>
                  ^~~~~~~~~~~~~~~~
compilation terminated.
configure:24569: $? = 1
configure: failed program was:
| /* confdefs.h */
| #define PACKAGE_NAME "BitcoinClassic Core"
| #define PACKAGE_TARNAME "bitcoinclassic"
| #define PACKAGE_VERSION "1.0.0"
| #define PACKAGE_STRING "BitcoinClassic Core 1.0.0"
| #define PACKAGE_BUGREPORT "www.bitcoinclassic.org"
| #define PACKAGE_URL ""
| #define HAVE_CXX11 1
| #define STDC_HEADERS 1
| #define HAVE_SYS_TYPES_H 1
| #define HAVE_SYS_STAT_H 1
| #define HAVE_STDLIB_H 1
| #define HAVE_STRING_H 1
| #define HAVE_MEMORY_H 1
| #define HAVE_STRINGS_H 1
| #define HAVE_INTTYPES_H 1
| #define HAVE_STDINT_H 1
| #define HAVE_UNISTD_H 1
| #define HAVE_DLFCN_H 1
| #define LT_OBJDIR ".libs/"
| #define USE_ASM 1
| #define ENABLE_SSE41 1
| #define ENABLE_AVX2 1
| #define ENABLE_SHANI 1
| #define HAVE_PTHREAD_PRIO_INHERIT 1
| #define HAVE_PTHREAD 1
| #define HAVE_DECL_STRERROR_R 1
| #define HAVE_STRERROR_R 1
| #define STRERROR_R_CHAR_P 1
| #define HAVE_FUNC_ATTRIBUTE_VISIBILITY 1
| #define HAVE_ENDIAN_H 1
| #define HAVE_BYTESWAP_H 1
| #define HAVE_STDIO_H 1
| #define HAVE_STDLIB_H 1
| #define HAVE_UNISTD_H 1
| #define HAVE_STRINGS_H 1
| #define HAVE_SYS_TYPES_H 1
| #define HAVE_SYS_STAT_H 1
| #define HAVE_SYS_SELECT_H 1
| #define HAVE_SYS_PRCTL_H 1
| #define HAVE_DECL_STRNLEN 1
| #define HAVE_DECL_DAEMON 1
| #define HAVE_DECL_LE16TOH 1
| #define HAVE_DECL_LE32TOH 1
| #define HAVE_DECL_LE64TOH 1
| #define HAVE_DECL_HTOLE16 1
| #define HAVE_DECL_HTOLE32 1
| #define HAVE_DECL_HTOLE64 1
| #define HAVE_DECL_BE16TOH 1
| #define HAVE_DECL_BE32TOH 1
| #define HAVE_DECL_BE64TOH 1
| #define HAVE_DECL_HTOBE16 1
| #define HAVE_DECL_HTOBE32 1
| #define HAVE_DECL_HTOBE64 1
| #define HAVE_DECL_BSWAP_16 1
| #define HAVE_DECL_BSWAP_32 1
| #define HAVE_DECL_BSWAP_64 1
| #define HAVE_DECL___BUILTIN_CLZ 1
| #define HAVE_DECL___BUILTIN_CLZL 1
| #define HAVE_DECL___BUILTIN_CLZLL 1
| #define HAVE_MALLOC_INFO 1
| #define HAVE_MALLOPT_ARENA_MAX 1
| #define HAVE_VISIBILITY_ATTRIBUTE 1
| #define HAVE_THREAD_LOCAL 1
| /* end confdefs.h.  */
| 
|         #include <db5.3/db_cxx.h>
| 
| int
| main ()
| {
| 
|         #if !((DB_VERSION_MAJOR == 4 && DB_VERSION_MINOR >= 8) || DB_VERSION_MAJOR > 4)
|           #error "failed to find bdb 4.8+"
|         #endif
| 
|   ;
|   return 0;
| }
configure:24569: g++ -m64 -std=c++11 -c -pipe -O2  -I/home/administrator/walletbuilders/build_environment/pivx/3.3.0/depends/x86_64-w64-linux/share/../include/  -DHAVE_BUILD_INFO -D__STDC_FORMAT_MACROS conftest.cpp >&5
conftest.cpp:67:18: fatal error: bdb/db_cxx.h: No such file or directory
         #include <bdb/db_cxx.h>
                  ^~~~~~~~~~~~~~
compilation terminated.
configure:24569: $? = 1
configure: failed program was:
| /* confdefs.h */
| #define PACKAGE_NAME "BitcoinClassic Core"
| #define PACKAGE_TARNAME "bitcoinclassic"
| #define PACKAGE_VERSION "1.0.0"
| #define PACKAGE_STRING "BitcoinClassic Core 1.0.0"
| #define PACKAGE_BUGREPORT "www.bitcoinclassic.org"
| #define PACKAGE_URL ""
| #define HAVE_CXX11 1
| #define STDC_HEADERS 1
| #define HAVE_SYS_TYPES_H 1
| #define HAVE_SYS_STAT_H 1
| #define HAVE_STDLIB_H 1
| #define HAVE_STRING_H 1
| #define HAVE_MEMORY_H 1
| #define HAVE_STRINGS_H 1
| #define HAVE_INTTYPES_H 1
| #define HAVE_STDINT_H 1
| #define HAVE_UNISTD_H 1
| #define HAVE_DLFCN_H 1
| #define LT_OBJDIR ".libs/"
| #define USE_ASM 1
| #define ENABLE_SSE41 1
| #define ENABLE_AVX2 1
| #define ENABLE_SHANI 1
| #define HAVE_PTHREAD_PRIO_INHERIT 1
| #define HAVE_PTHREAD 1
| #define HAVE_DECL_STRERROR_R 1
| #define HAVE_STRERROR_R 1
| #define STRERROR_R_CHAR_P 1
| #define HAVE_FUNC_ATTRIBUTE_VISIBILITY 1
| #define HAVE_ENDIAN_H 1
| #define HAVE_BYTESWAP_H 1
| #define HAVE_STDIO_H 1
| #define HAVE_STDLIB_H 1
| #define HAVE_UNISTD_H 1
| #define HAVE_STRINGS_H 1
| #define HAVE_SYS_TYPES_H 1
| #define HAVE_SYS_STAT_H 1
| #define HAVE_SYS_SELECT_H 1
| #define HAVE_SYS_PRCTL_H 1
| #define HAVE_DECL_STRNLEN 1
| #define HAVE_DECL_DAEMON 1
| #define HAVE_DECL_LE16TOH 1
| #define HAVE_DECL_LE32TOH 1
| #define HAVE_DECL_LE64TOH 1
| #define HAVE_DECL_HTOLE16 1
| #define HAVE_DECL_HTOLE32 1
| #define HAVE_DECL_HTOLE64 1
| #define HAVE_DECL_BE16TOH 1
| #define HAVE_DECL_BE32TOH 1
| #define HAVE_DECL_BE64TOH 1
| #define HAVE_DECL_HTOBE16 1
| #define HAVE_DECL_HTOBE32 1
| #define HAVE_DECL_HTOBE64 1
| #define HAVE_DECL_BSWAP_16 1
| #define HAVE_DECL_BSWAP_32 1
| #define HAVE_DECL_BSWAP_64 1
| #define HAVE_DECL___BUILTIN_CLZ 1
| #define HAVE_DECL___BUILTIN_CLZL 1
| #define HAVE_DECL___BUILTIN_CLZLL 1
| #define HAVE_MALLOC_INFO 1
| #define HAVE_MALLOPT_ARENA_MAX 1
| #define HAVE_VISIBILITY_ATTRIBUTE 1
| #define HAVE_THREAD_LOCAL 1
| /* end confdefs.h.  */
| 
|         #include <bdb/db_cxx.h>
| 
| int
| main ()
| {
| 
|         #if !((DB_VERSION_MAJOR == 4 && DB_VERSION_MINOR >= 8) || DB_VERSION_MAJOR > 4)
|           #error "failed to find bdb 4.8+"
|         #endif
| 
|   ;
|   return 0;
| }
configure:24569: g++ -m64 -std=c++11 -c -pipe -O2  -I/home/administrator/walletbuilders/build_environment/pivx/3.3.0/depends/x86_64-w64-linux/share/../include/  -DHAVE_BUILD_INFO -D__STDC_FORMAT_MACROS conftest.cpp >&5
conftest.cpp:67:18: fatal error: libdb/db_cxx.h: No such file or directory
         #include <libdb/db_cxx.h>
                  ^~~~~~~~~~~~~~~~
compilation terminated.
configure:24569: $? = 1
configure: failed program was:
| /* confdefs.h */
| #define PACKAGE_NAME "BitcoinClassic Core"
| #define PACKAGE_TARNAME "bitcoinclassic"
| #define PACKAGE_VERSION "1.0.0"
| #define PACKAGE_STRING "BitcoinClassic Core 1.0.0"
| #define PACKAGE_BUGREPORT "www.bitcoinclassic.org"
| #define PACKAGE_URL ""
| #define HAVE_CXX11 1
| #define STDC_HEADERS 1
| #define HAVE_SYS_TYPES_H 1
| #define HAVE_SYS_STAT_H 1
| #define HAVE_STDLIB_H 1
| #define HAVE_STRING_H 1
| #define HAVE_MEMORY_H 1
| #define HAVE_STRINGS_H 1
| #define HAVE_INTTYPES_H 1
| #define HAVE_STDINT_H 1
| #define HAVE_UNISTD_H 1
| #define HAVE_DLFCN_H 1
| #define LT_OBJDIR ".libs/"
| #define USE_ASM 1
| #define ENABLE_SSE41 1
| #define ENABLE_AVX2 1
| #define ENABLE_SHANI 1
| #define HAVE_PTHREAD_PRIO_INHERIT 1
| #define HAVE_PTHREAD 1
| #define HAVE_DECL_STRERROR_R 1
| #define HAVE_STRERROR_R 1
| #define STRERROR_R_CHAR_P 1
| #define HAVE_FUNC_ATTRIBUTE_VISIBILITY 1
| #define HAVE_ENDIAN_H 1
| #define HAVE_BYTESWAP_H 1
| #define HAVE_STDIO_H 1
| #define HAVE_STDLIB_H 1
| #define HAVE_UNISTD_H 1
| #define HAVE_STRINGS_H 1
| #define HAVE_SYS_TYPES_H 1
| #define HAVE_SYS_STAT_H 1
| #define HAVE_SYS_SELECT_H 1
| #define HAVE_SYS_PRCTL_H 1
| #define HAVE_DECL_STRNLEN 1
| #define HAVE_DECL_DAEMON 1
| #define HAVE_DECL_LE16TOH 1
| #define HAVE_DECL_LE32TOH 1
| #define HAVE_DECL_LE64TOH 1
| #define HAVE_DECL_HTOLE16 1
| #define HAVE_DECL_HTOLE32 1
| #define HAVE_DECL_HTOLE64 1
| #define HAVE_DECL_BE16TOH 1
| #define HAVE_DECL_BE32TOH 1
| #define HAVE_DECL_BE64TOH 1
| #define HAVE_DECL_HTOBE16 1
| #define HAVE_DECL_HTOBE32 1
| #define HAVE_DECL_HTOBE64 1
| #define HAVE_DECL_BSWAP_16 1
| #define HAVE_DECL_BSWAP_32 1
| #define HAVE_DECL_BSWAP_64 1
| #define HAVE_DECL___BUILTIN_CLZ 1
| #define HAVE_DECL___BUILTIN_CLZL 1
| #define HAVE_DECL___BUILTIN_CLZLL 1
| #define HAVE_MALLOC_INFO 1
| #define HAVE_MALLOPT_ARENA_MAX 1
| #define HAVE_VISIBILITY_ATTRIBUTE 1
| #define HAVE_THREAD_LOCAL 1
| /* end confdefs.h.  */
| 
|         #include <libdb/db_cxx.h>
| 
| int
| main ()
| {
| 
|         #if !((DB_VERSION_MAJOR == 4 && DB_VERSION_MINOR >= 8) || DB_VERSION_MAJOR > 4)
|           #error "failed to find bdb 4.8+"
|         #endif
| 
|   ;
|   return 0;
| }
configure:24569: g++ -m64 -std=c++11 -c -pipe -O2  -I/home/administrator/walletbuilders/build_environment/pivx/3.3.0/depends/x86_64-w64-linux/share/../include/  -DHAVE_BUILD_INFO -D__STDC_FORMAT_MACROS conftest.cpp >&5
conftest.cpp:67:18: fatal error: db/db_cxx.h: No such file or directory
         #include <db/db_cxx.h>
                  ^~~~~~~~~~~~~
compilation terminated.
configure:24569: $? = 1
configure: failed program was:
| /* confdefs.h */
| #define PACKAGE_NAME "BitcoinClassic Core"
| #define PACKAGE_TARNAME "bitcoinclassic"
| #define PACKAGE_VERSION "1.0.0"
| #define PACKAGE_STRING "BitcoinClassic Core 1.0.0"
| #define PACKAGE_BUGREPORT "www.bitcoinclassic.org"
| #define PACKAGE_URL ""
| #define HAVE_CXX11 1
| #define STDC_HEADERS 1
| #define HAVE_SYS_TYPES_H 1
| #define HAVE_SYS_STAT_H 1
| #define HAVE_STDLIB_H 1
| #define HAVE_STRING_H 1
| #define HAVE_MEMORY_H 1
| #define HAVE_STRINGS_H 1
| #define HAVE_INTTYPES_H 1
| #define HAVE_STDINT_H 1
| #define HAVE_UNISTD_H 1
| #define HAVE_DLFCN_H 1
| #define LT_OBJDIR ".libs/"
| #define USE_ASM 1
| #define ENABLE_SSE41 1
| #define ENABLE_AVX2 1
| #define ENABLE_SHANI 1
| #define HAVE_PTHREAD_PRIO_INHERIT 1
| #define HAVE_PTHREAD 1
| #define HAVE_DECL_STRERROR_R 1
| #define HAVE_STRERROR_R 1
| #define STRERROR_R_CHAR_P 1
| #define HAVE_FUNC_ATTRIBUTE_VISIBILITY 1
| #define HAVE_ENDIAN_H 1
| #define HAVE_BYTESWAP_H 1
| #define HAVE_STDIO_H 1
| #define HAVE_STDLIB_H 1
| #define HAVE_UNISTD_H 1
| #define HAVE_STRINGS_H 1
| #define HAVE_SYS_TYPES_H 1
| #define HAVE_SYS_STAT_H 1
| #define HAVE_SYS_SELECT_H 1
| #define HAVE_SYS_PRCTL_H 1
| #define HAVE_DECL_STRNLEN 1
| #define HAVE_DECL_DAEMON 1
| #define HAVE_DECL_LE16TOH 1
| #define HAVE_DECL_LE32TOH 1
| #define HAVE_DECL_LE64TOH 1
| #define HAVE_DECL_HTOLE16 1
| #define HAVE_DECL_HTOLE32 1
| #define HAVE_DECL_HTOLE64 1
| #define HAVE_DECL_BE16TOH 1
| #define HAVE_DECL_BE32TOH 1
| #define HAVE_DECL_BE64TOH 1
| #define HAVE_DECL_HTOBE16 1
| #define HAVE_DECL_HTOBE32 1
| #define HAVE_DECL_HTOBE64 1
| #define HAVE_DECL_BSWAP_16 1
| #define HAVE_DECL_BSWAP_32 1
| #define HAVE_DECL_BSWAP_64 1
| #define HAVE_DECL___BUILTIN_CLZ 1
| #define HAVE_DECL___BUILTIN_CLZL 1
| #define HAVE_DECL___BUILTIN_CLZLL 1
| #define HAVE_MALLOC_INFO 1
| #define HAVE_MALLOPT_ARENA_MAX 1
| #define HAVE_VISIBILITY_ATTRIBUTE 1
| #define HAVE_THREAD_LOCAL 1
| /* end confdefs.h.  */
| 
|         #include <db/db_cxx.h>
| 
| int
| main ()
| {
| 
|         #if !((DB_VERSION_MAJOR == 4 && DB_VERSION_MINOR >= 8) || DB_VERSION_MAJOR > 4)
|           #error "failed to find bdb 4.8+"
|         #endif
| 
|   ;
|   return 0;
| }
configure:24569: g++ -m64 -std=c++11 -c -pipe -O2  -I/home/administrator/walletbuilders/build_environment/pivx/3.3.0/depends/x86_64-w64-linux/share/../include/  -DHAVE_BUILD_INFO -D__STDC_FORMAT_MACROS conftest.cpp >&5
configure:24569: $? = 0
configure:24598: g++ -m64 -std=c++11 -c -pipe -O2  -I/home/administrator/walletbuilders/build_environment/pivx/3.3.0/depends/x86_64-w64-linux/share/../include/  -DHAVE_BUILD_INFO -D__STDC_FORMAT_MACROS conftest.cpp >&5
configure:24598: $? = 0
configure:24641: result: default
configure:24664: checking for main in -ldb_cxx-4.8
configure:24683: g++ -m64 -std=c++11 -o conftest -pipe -O2  -I/home/administrator/walletbuilders/build_environment/pivx/3.3.0/depends/x86_64-w64-linux/share/../include/  -DHAVE_BUILD_INFO -D__STDC_FORMAT_MACROS -L/home/administrator/walletbuilders/build_environment/pivx/3.3.0/depends/x86_64-w64-linux/share/../lib  conftest.cpp -ldb_cxx-4.8   >&5
configure:24683: $? = 0
configure:24693: result: yes
configure:24715: checking miniupnpc/miniwget.h usability
configure:24715: g++ -m64 -std=c++11 -c -pipe -O2  -I/home/administrator/walletbuilders/build_environment/pivx/3.3.0/depends/x86_64-w64-linux/share/../include/  -DHAVE_BUILD_INFO -D__STDC_FORMAT_MACROS conftest.cpp >&5
configure:24715: $? = 0
configure:24715: result: yes
configure:24715: checking miniupnpc/miniwget.h presence
configure:24715: g++ -m64 -std=c++11 -E -I/home/administrator/walletbuilders/build_environment/pivx/3.3.0/depends/x86_64-w64-linux/share/../include/  -DHAVE_BUILD_INFO -D__STDC_FORMAT_MACROS conftest.cpp
configure:24715: $? = 0
configure:24715: result: yes
configure:24715: checking for miniupnpc/miniwget.h
configure:24715: result: yes
configure:24720: checking for upnpDiscover in -lminiupnpc
configure:24745: g++ -m64 -std=c++11 -o conftest -pipe -O2  -I/home/administrator/walletbuilders/build_environment/pivx/3.3.0/depends/x86_64-w64-linux/share/../include/  -DHAVE_BUILD_INFO -D__STDC_FORMAT_MACROS -L/home/administrator/walletbuilders/build_environment/pivx/3.3.0/depends/x86_64-w64-linux/share/../lib  conftest.cpp -lminiupnpc   >&5
configure:24745: $? = 0
configure:24754: result: yes
configure:24715: checking miniupnpc/miniupnpc.h usability
configure:24715: g++ -m64 -std=c++11 -c -pipe -O2  -I/home/administrator/walletbuilders/build_environment/pivx/3.3.0/depends/x86_64-w64-linux/share/../include/  -DHAVE_BUILD_INFO -D__STDC_FORMAT_MACROS conftest.cpp >&5
configure:24715: $? = 0
configure:24715: result: yes
configure:24715: checking miniupnpc/miniupnpc.h presence
configure:24715: g++ -m64 -std=c++11 -E -I/home/administrator/walletbuilders/build_environment/pivx/3.3.0/depends/x86_64-w64-linux/share/../include/  -DHAVE_BUILD_INFO -D__STDC_FORMAT_MACROS conftest.cpp
configure:24715: $? = 0
configure:24715: result: yes
configure:24715: checking for miniupnpc/miniupnpc.h
configure:24715: result: yes
configure:24720: checking for upnpDiscover in -lminiupnpc
configure:24754: result: yes
configure:24715: checking miniupnpc/upnpcommands.h usability
configure:24715: g++ -m64 -std=c++11 -c -pipe -O2  -I/home/administrator/walletbuilders/build_environment/pivx/3.3.0/depends/x86_64-w64-linux/share/../include/  -DHAVE_BUILD_INFO -D__STDC_FORMAT_MACROS conftest.cpp >&5
configure:24715: $? = 0
configure:24715: result: yes
configure:24715: checking miniupnpc/upnpcommands.h presence
configure:24715: g++ -m64 -std=c++11 -E -I/home/administrator/walletbuilders/build_environment/pivx/3.3.0/depends/x86_64-w64-linux/share/../include/  -DHAVE_BUILD_INFO -D__STDC_FORMAT_MACROS conftest.cpp
configure:24715: $? = 0
configure:24715: result: yes
configure:24715: checking for miniupnpc/upnpcommands.h
configure:24715: result: yes
configure:24720: checking for upnpDiscover in -lminiupnpc
configure:24754: result: yes
configure:24715: checking miniupnpc/upnperrors.h usability
configure:24715: g++ -m64 -std=c++11 -c -pipe -O2  -I/home/administrator/walletbuilders/build_environment/pivx/3.3.0/depends/x86_64-w64-linux/share/../include/  -DHAVE_BUILD_INFO -D__STDC_FORMAT_MACROS conftest.cpp >&5
configure:24715: $? = 0
configure:24715: result: yes
configure:24715: checking miniupnpc/upnperrors.h presence
configure:24715: g++ -m64 -std=c++11 -E -I/home/administrator/walletbuilders/build_environment/pivx/3.3.0/depends/x86_64-w64-linux/share/../include/  -DHAVE_BUILD_INFO -D__STDC_FORMAT_MACROS conftest.cpp
configure:24715: $? = 0
configure:24715: result: yes
configure:24715: checking for miniupnpc/upnperrors.h
configure:24715: result: yes
configure:24720: checking for upnpDiscover in -lminiupnpc
configure:24754: result: yes
configure:24852: checking for QT5
configure:24859: $PKG_CONFIG --exists --print-errors "$qt5_modules"
configure:24862: $? = 0
configure:24876: $PKG_CONFIG --exists --print-errors "$qt5_modules"
configure:24879: $? = 0
configure:24917: result: yes
configure:24949: checking for QT_TEST
configure:24956: $PKG_CONFIG --exists --print-errors "${QT_LIB_PREFIX}Test"
configure:24959: $? = 0
configure:24973: $PKG_CONFIG --exists --print-errors "${QT_LIB_PREFIX}Test"
configure:24976: $? = 0
configure:25014: result: yes
configure:25021: checking for QT_DBUS
configure:25028: $PKG_CONFIG --exists --print-errors "${QT_LIB_PREFIX}DBus"
configure:25031: $? = 0
configure:25045: $PKG_CONFIG --exists --print-errors "${QT_LIB_PREFIX}DBus"
configure:25048: $? = 0
configure:25086: result: yes
configure:26220: checking for static Qt
configure:26246: g++ -m64 -std=c++11 -c -fPIC -pipe -O2  -I/home/administrator/walletbuilders/build_environment/pivx/3.3.0/depends/x86_64-w64-linux/include/QtNetwork -I/home/administrator/walletbuilders/build_environment/pivx/3.3.0/depends/x86_64-w64-linux/include/QtWidgets -I/home/administrator/walletbuilders/build_environment/pivx/3.3.0/depends/x86_64-w64-linux/include/QtGui -I/home/administrator/walletbuilders/build_environment/pivx/3.3.0/depends/x86_64-w64-linux/include/QtCore -I/home/administrator/walletbuilders/build_environment/pivx/3.3.0/depends/x86_64-w64-linux/share/../include/  -DHAVE_BUILD_INFO -D__STDC_FORMAT_MACROS conftest.cpp >&5
conftest.cpp:72:28: warning: extra tokens at end of #ifndef directive
         #ifndef QT_VERSION OR QT_VERSION_STR
                            ^~
configure:26246: $? = 0
configure:26254: result: yes
configure:26366: checking for QTFONTDATABASE
configure:26373: $PKG_CONFIG --exists --print-errors "Qt5FontDatabaseSupport"
configure:26376: $? = 0
configure:26390: $PKG_CONFIG --exists --print-errors "Qt5FontDatabaseSupport"
configure:26393: $? = 0
configure:26451: result: yes
configure:26457: checking for QTEVENTDISPATCHER
configure:26464: $PKG_CONFIG --exists --print-errors "Qt5EventDispatcherSupport"
configure:26467: $? = 0
configure:26481: $PKG_CONFIG --exists --print-errors "Qt5EventDispatcherSupport"
configure:26484: $? = 0
configure:26542: result: yes
configure:26548: checking for QTTHEME
configure:26555: $PKG_CONFIG --exists --print-errors "Qt5ThemeSupport"
configure:26558: $? = 0
configure:26572: $PKG_CONFIG --exists --print-errors "Qt5ThemeSupport"
configure:26575: $? = 0
configure:26633: result: yes
configure:26639: checking for QTDEVICEDISCOVERY
configure:26646: $PKG_CONFIG --exists --print-errors "Qt5DeviceDiscoverySupport"
configure:26649: $? = 0
configure:26663: $PKG_CONFIG --exists --print-errors "Qt5DeviceDiscoverySupport"
configure:26666: $? = 0
configure:26724: result: yes
configure:26730: checking for QTACCESSIBILITY
configure:26737: $PKG_CONFIG --exists --print-errors "Qt5AccessibilitySupport"
configure:26740: $? = 0
configure:26754: $PKG_CONFIG --exists --print-errors "Qt5AccessibilitySupport"
configure:26757: $? = 0
configure:26815: result: yes
configure:26821: checking for QTFB
configure:26828: $PKG_CONFIG --exists --print-errors "Qt5FbSupport"
configure:26831: $? = 0
configure:26845: $PKG_CONFIG --exists --print-errors "Qt5FbSupport"
configure:26848: $? = 0
configure:26906: result: yes
configure:26914: checking for X11XCB
configure:26921: $PKG_CONFIG --exists --print-errors "x11-xcb"
configure:26924: $? = 0
configure:26938: $PKG_CONFIG --exists --print-errors "x11-xcb"
configure:26941: $? = 0
configure:26999: result: yes
configure:27006: checking for QTXCBQPA
configure:27013: $PKG_CONFIG --exists --print-errors "Qt5XcbQpa"
configure:27016: $? = 0
configure:27030: $PKG_CONFIG --exists --print-errors "Qt5XcbQpa"
configure:27033: $? = 0
configure:27091: result: yes
configure:27857: checking for Qt < 5.4
configure:27883: g++ -m64 -std=c++11 -c -fPIC -pipe -O2  -I/home/administrator/walletbuilders/build_environment/pivx/3.3.0/depends/x86_64-w64-linux/include/QtNetwork -I/home/administrator/walletbuilders/build_environment/pivx/3.3.0/depends/x86_64-w64-linux/include/QtWidgets -I/home/administrator/walletbuilders/build_environment/pivx/3.3.0/depends/x86_64-w64-linux/include/QtGui -I/home/administrator/walletbuilders/build_environment/pivx/3.3.0/depends/x86_64-w64-linux/include/QtCore -I/home/administrator/walletbuilders/build_environment/pivx/3.3.0/depends/x86_64-w64-linux/share/../include/  -DHAVE_BUILD_INFO -D__STDC_FORMAT_MACROS conftest.cpp >&5
conftest.cpp: In function 'int main()':
conftest.cpp:83:11: error: 'choke' was not declared in this scope
           choke
           ^~~~~
configure:27883: $? = 1
configure: failed program was:
| /* confdefs.h */
| #define PACKAGE_NAME "BitcoinClassic Core"
| #define PACKAGE_TARNAME "bitcoinclassic"
| #define PACKAGE_VERSION "1.0.0"
| #define PACKAGE_STRING "BitcoinClassic Core 1.0.0"
| #define PACKAGE_BUGREPORT "www.bitcoinclassic.org"
| #define PACKAGE_URL ""
| #define HAVE_CXX11 1
| #define STDC_HEADERS 1
| #define HAVE_SYS_TYPES_H 1
| #define HAVE_SYS_STAT_H 1
| #define HAVE_STDLIB_H 1
| #define HAVE_STRING_H 1
| #define HAVE_MEMORY_H 1
| #define HAVE_STRINGS_H 1
| #define HAVE_INTTYPES_H 1
| #define HAVE_STDINT_H 1
| #define HAVE_UNISTD_H 1
| #define HAVE_DLFCN_H 1
| #define LT_OBJDIR ".libs/"
| #define USE_ASM 1
| #define ENABLE_SSE41 1
| #define ENABLE_AVX2 1
| #define ENABLE_SHANI 1
| #define HAVE_PTHREAD_PRIO_INHERIT 1
| #define HAVE_PTHREAD 1
| #define HAVE_DECL_STRERROR_R 1
| #define HAVE_STRERROR_R 1
| #define STRERROR_R_CHAR_P 1
| #define HAVE_FUNC_ATTRIBUTE_VISIBILITY 1
| #define HAVE_ENDIAN_H 1
| #define HAVE_BYTESWAP_H 1
| #define HAVE_STDIO_H 1
| #define HAVE_STDLIB_H 1
| #define HAVE_UNISTD_H 1
| #define HAVE_STRINGS_H 1
| #define HAVE_SYS_TYPES_H 1
| #define HAVE_SYS_STAT_H 1
| #define HAVE_SYS_SELECT_H 1
| #define HAVE_SYS_PRCTL_H 1
| #define HAVE_DECL_STRNLEN 1
| #define HAVE_DECL_DAEMON 1
| #define HAVE_DECL_LE16TOH 1
| #define HAVE_DECL_LE32TOH 1
| #define HAVE_DECL_LE64TOH 1
| #define HAVE_DECL_HTOLE16 1
| #define HAVE_DECL_HTOLE32 1
| #define HAVE_DECL_HTOLE64 1
| #define HAVE_DECL_BE16TOH 1
| #define HAVE_DECL_BE32TOH 1
| #define HAVE_DECL_BE64TOH 1
| #define HAVE_DECL_HTOBE16 1
| #define HAVE_DECL_HTOBE32 1
| #define HAVE_DECL_HTOBE64 1
| #define HAVE_DECL_BSWAP_16 1
| #define HAVE_DECL_BSWAP_32 1
| #define HAVE_DECL_BSWAP_64 1
| #define HAVE_DECL___BUILTIN_CLZ 1
| #define HAVE_DECL___BUILTIN_CLZL 1
| #define HAVE_DECL___BUILTIN_CLZLL 1
| #define HAVE_MALLOC_INFO 1
| #define HAVE_MALLOPT_ARENA_MAX 1
| #define HAVE_VISIBILITY_ATTRIBUTE 1
| #define HAVE_THREAD_LOCAL 1
| #define HAVE_MINIUPNPC_MINIWGET_H 1
| #define HAVE_MINIUPNPC_MINIUPNPC_H 1
| #define HAVE_MINIUPNPC_UPNPCOMMANDS_H 1
| #define HAVE_MINIUPNPC_UPNPERRORS_H 1
| #define QT_STATICPLUGIN 1
| #define QT_STATICPLUGIN 1
| /* end confdefs.h.  */
| 
|           #include <QtCore/qconfig.h>
|           #ifndef QT_VERSION
|           #  include <QtCore/qglobal.h>
|           #endif
| 
| int
| main ()
| {
| 
|           #if QT_VERSION >= 0x050400
|           choke
|           #endif
| 
|   ;
|   return 0;
| }
configure:27891: result: no
configure:27937: checking for static Qt plugins: -lqminimal
configure:27955: g++ -m64 -std=c++11 -o conftest -fPIC -pipe -O2  -I/home/administrator/walletbuilders/build_environment/pivx/3.3.0/depends/x86_64-w64-linux/include/QtNetwork -I/home/administrator/walletbuilders/build_environment/pivx/3.3.0/depends/x86_64-w64-linux/include/QtWidgets -I/home/administrator/walletbuilders/build_environment/pivx/3.3.0/depends/x86_64-w64-linux/include/QtGui -I/home/administrator/walletbuilders/build_environment/pivx/3.3.0/depends/x86_64-w64-linux/include/QtCore -I/home/administrator/walletbuilders/build_environment/pivx/3.3.0/depends/x86_64-w64-linux/share/../include/  -DHAVE_BUILD_INFO -D__STDC_FORMAT_MACROS -L/home/administrator/walletbuilders/build_environment/pivx/3.3.0/depends/x86_64-w64-linux/share/../lib  conftest.cpp -lqminimal -L/home/administrator/walletbuilders/build_environment/pivx/3.3.0/depends/x86_64-w64-linux/lib -L//home/administrator/walletbuilders/build_environment/pivx/3.3.0/depends/x86_64-w64-linux/lib -L/home/administrator/walletbuilders/build_environment/pivx/3.3.0/depends/x86_64-w64-linux/lib -L//home/administrator/walletbuilders/build_environment/pivx/3.3.0/depends/x86_64-w64-linux/lib -L/home/administrator/walletbuilders/build_environment/pivx/3.3.0/depends/x86_64-w64-linux/lib -lQt5XcbQpa -lQt5ServiceSupport -lQt5ThemeSupport -lQt5DBus -lQt5EventDispatcherSupport -lQt5FontDatabaseSupport -lfontconfig -lfreetype -lQt5Gui -lqtlibpng -lqtharfbuzz -lQt5Core -lm -lz -lqtpcre2 -lpthread -lX11-xcb -lX11 -lxcb-static -lxcb -ldl -lQt5ServiceSupport -lQt5Gui -lqtlibpng -lqtharfbuzz -lQt5Core -lm -lz -lqtpcre2 -ldl -lpthread -lQt5ThemeSupport -lQt5Gui -lqtlibpng -lqtharfbuzz -lQt5Core -lm -lz -lqtpcre2 -ldl -lpthread -lQt5DBus -lQt5Core -lpthread -lm -lz -lqtpcre2 -ldl -lQt5EventDispatcherSupport -lQt5Gui -lqtlibpng -lqtharfbuzz -lQt5Core -lm -lz -lqtpcre2 -ldl -lpthread -lQt5FontDatabaseSupport -lQt5Gui -lqtlibpng -lqtharfbuzz -lQt5Core -lm -lz -lqtpcre2 -ldl -lpthread -lfontconfig -lfreetype -lQt5Gui -lQt5Core -lm -lz -lqtpcre2 -ldl -lpthread -lqtlibpng -lqtharfbuzz -lz -lQt5Core -lpthread -lm -lz -lqtpcre2 -ldl -L/home/administrator/walletbuilders/build_environment/pivx/3.3.0/depends/x86_64-w64-linux/lib -lX11-xcb -lX11 -lpthread -lxcb -lXau -lQt5FbSupport -lQt5AccessibilitySupport -lQt5DeviceDiscoverySupport -lQt5ThemeSupport -lQt5EventDispatcherSupport -lQt5FontDatabaseSupport -L/home/administrator/walletbuilders/build_environment/pivx/3.3.0/depends/x86_64-w64-linux/lib -lQt5Network -lQt5Core -lm -lz -lqtpcre2 -ldl -lpthread -lz -lssl -lcrypto -lQt5Widgets -lQt5Gui -lqtlibpng -lqtharfbuzz -lQt5Core -lm -lz -lqtpcre2 -ldl -lpthread -lQt5Gui -lQt5Core -lm -lz -lqtpcre2 -ldl -lpthread -lqtlibpng -lqtharfbuzz -lz -lQt5Core -lpthread -lm -lz -lqtpcre2 -ldl -L/home/administrator/walletbuilders/build_environment/pivx/3.3.0/depends/x86_64-w64-linux/share/../plugins/platforms  >&5
conftest.cpp:73:0: warning: "QT_STATICPLUGIN" redefined
     #define QT_STATICPLUGIN
 
conftest.cpp:70:0: note: this is the location of the previous definition
 #define QT_STATICPLUGIN 1
 
configure:27955: $? = 0
configure:27956: result: yes
configure:28027: checking for static Qt plugins: -lqxcb -lxcb-static
configure:28045: g++ -m64 -std=c++11 -o conftest -fPIC -pipe -O2  -I/home/administrator/walletbuilders/build_environment/pivx/3.3.0/depends/x86_64-w64-linux/include/QtNetwork -I/home/administrator/walletbuilders/build_environment/pivx/3.3.0/depends/x86_64-w64-linux/include/QtWidgets -I/home/administrator/walletbuilders/build_environment/pivx/3.3.0/depends/x86_64-w64-linux/include/QtGui -I/home/administrator/walletbuilders/build_environment/pivx/3.3.0/depends/x86_64-w64-linux/include/QtCore -I/home/administrator/walletbuilders/build_environment/pivx/3.3.0/depends/x86_64-w64-linux/share/../include/  -DHAVE_BUILD_INFO -D__STDC_FORMAT_MACROS -L/home/administrator/walletbuilders/build_environment/pivx/3.3.0/depends/x86_64-w64-linux/share/../lib  conftest.cpp -lqxcb -lxcb-static -lqminimal -L/home/administrator/walletbuilders/build_environment/pivx/3.3.0/depends/x86_64-w64-linux/lib -L//home/administrator/walletbuilders/build_environment/pivx/3.3.0/depends/x86_64-w64-linux/lib -L/home/administrator/walletbuilders/build_environment/pivx/3.3.0/depends/x86_64-w64-linux/lib -L//home/administrator/walletbuilders/build_environment/pivx/3.3.0/depends/x86_64-w64-linux/lib -L/home/administrator/walletbuilders/build_environment/pivx/3.3.0/depends/x86_64-w64-linux/lib -lQt5XcbQpa -lQt5ServiceSupport -lQt5ThemeSupport -lQt5DBus -lQt5EventDispatcherSupport -lQt5FontDatabaseSupport -lfontconfig -lfreetype -lQt5Gui -lqtlibpng -lqtharfbuzz -lQt5Core -lm -lz -lqtpcre2 -lpthread -lX11-xcb -lX11 -lxcb-static -lxcb -ldl -lQt5ServiceSupport -lQt5Gui -lqtlibpng -lqtharfbuzz -lQt5Core -lm -lz -lqtpcre2 -ldl -lpthread -lQt5ThemeSupport -lQt5Gui -lqtlibpng -lqtharfbuzz -lQt5Core -lm -lz -lqtpcre2 -ldl -lpthread -lQt5DBus -lQt5Core -lpthread -lm -lz -lqtpcre2 -ldl -lQt5EventDispatcherSupport -lQt5Gui -lqtlibpng -lqtharfbuzz -lQt5Core -lm -lz -lqtpcre2 -ldl -lpthread -lQt5FontDatabaseSupport -lQt5Gui -lqtlibpng -lqtharfbuzz -lQt5Core -lm -lz -lqtpcre2 -ldl -lpthread -lfontconfig -lfreetype -lQt5Gui -lQt5Core -lm -lz -lqtpcre2 -ldl -lpthread -lqtlibpng -lqtharfbuzz -lz -lQt5Core -lpthread -lm -lz -lqtpcre2 -ldl -L/home/administrator/walletbuilders/build_environment/pivx/3.3.0/depends/x86_64-w64-linux/lib -lX11-xcb -lX11 -lpthread -lxcb -lXau -lQt5FbSupport -lQt5AccessibilitySupport -lQt5DeviceDiscoverySupport -lQt5ThemeSupport -lQt5EventDispatcherSupport -lQt5FontDatabaseSupport -L/home/administrator/walletbuilders/build_environment/pivx/3.3.0/depends/x86_64-w64-linux/lib -lQt5Network -lQt5Core -lm -lz -lqtpcre2 -ldl -lpthread -lz -lssl -lcrypto -lQt5Widgets -lQt5Gui -lqtlibpng -lqtharfbuzz -lQt5Core -lm -lz -lqtpcre2 -ldl -lpthread -lQt5Gui -lQt5Core -lm -lz -lqtpcre2 -ldl -lpthread -lqtlibpng -lqtharfbuzz -lz -lQt5Core -lpthread -lm -lz -lqtpcre2 -ldl -L/home/administrator/walletbuilders/build_environment/pivx/3.3.0/depends/x86_64-w64-linux/share/../plugins/platforms  >&5
conftest.cpp:74:0: warning: "QT_STATICPLUGIN" redefined
     #define QT_STATICPLUGIN
 
conftest.cpp:70:0: note: this is the location of the previous definition
 #define QT_STATICPLUGIN 1
 
configure:28045: $? = 0
configure:28046: result: yes
configure:28171: checking whether -fPIE can be used with this Qt config
configure:28197: g++ -m64 -std=c++11 -c -fPIE -pipe -O2  -I/home/administrator/walletbuilders/build_environment/pivx/3.3.0/depends/x86_64-w64-linux/include/QtNetwork -I/home/administrator/walletbuilders/build_environment/pivx/3.3.0/depends/x86_64-w64-linux/include/QtWidgets -I/home/administrator/walletbuilders/build_environment/pivx/3.3.0/depends/x86_64-w64-linux/include/QtGui -I/home/administrator/walletbuilders/build_environment/pivx/3.3.0/depends/x86_64-w64-linux/include/QtCore -I/home/administrator/walletbuilders/build_environment/pivx/3.3.0/depends/x86_64-w64-linux/share/../include/  -DHAVE_BUILD_INFO -D__STDC_FORMAT_MACROS conftest.cpp >&5
configure:28197: $? = 0
configure:28198: result: yes
configure:28271: checking for moc-qt5
configure:28304: result: no
configure:28271: checking for moc5
configure:28304: result: no
configure:28271: checking for moc
configure:28289: found /home/administrator/walletbuilders/build_environment/pivx/3.3.0/depends/x86_64-w64-linux/share/../native/bin/moc
configure:28301: result: /home/administrator/walletbuilders/build_environment/pivx/3.3.0/depends/x86_64-w64-linux/share/../native/bin/moc
configure:28390: checking for uic-qt5
configure:28423: result: no
configure:28390: checking for uic5
configure:28423: result: no
configure:28390: checking for uic
configure:28408: found /home/administrator/walletbuilders/build_environment/pivx/3.3.0/depends/x86_64-w64-linux/share/../native/bin/uic
configure:28420: result: /home/administrator/walletbuilders/build_environment/pivx/3.3.0/depends/x86_64-w64-linux/share/../native/bin/uic
configure:28509: checking for rcc-qt5
configure:28542: result: no
configure:28509: checking for rcc5
configure:28542: result: no
configure:28509: checking for rcc
configure:28527: found /home/administrator/walletbuilders/build_environment/pivx/3.3.0/depends/x86_64-w64-linux/share/../native/bin/rcc
configure:28539: result: /home/administrator/walletbuilders/build_environment/pivx/3.3.0/depends/x86_64-w64-linux/share/../native/bin/rcc
configure:28628: checking for lrelease-qt5
configure:28661: result: no
configure:28628: checking for lrelease5
configure:28661: result: no
configure:28628: checking for lrelease
configure:28646: found /home/administrator/walletbuilders/build_environment/pivx/3.3.0/depends/x86_64-w64-linux/share/../native/bin/lrelease
configure:28658: result: /home/administrator/walletbuilders/build_environment/pivx/3.3.0/depends/x86_64-w64-linux/share/../native/bin/lrelease
configure:28747: checking for lupdate-qt5
configure:28780: result: no
configure:28747: checking for lupdate5
configure:28780: result: no
configure:28747: checking for lupdate
configure:28765: found /home/administrator/walletbuilders/build_environment/pivx/3.3.0/depends/x86_64-w64-linux/share/../native/bin/lupdate
configure:28777: result: /home/administrator/walletbuilders/build_environment/pivx/3.3.0/depends/x86_64-w64-linux/share/../native/bin/lupdate
configure:28962: checking whether to build BitcoinClassic Core GUI
configure:28992: result: yes (Qt5)
configure:29066: checking for boostlib >= 1.47.0
configure:29151: g++ -m64 -std=c++11 -c -pipe -O2  -I/home/administrator/walletbuilders/build_environment/pivx/3.3.0/depends/x86_64-w64-linux/share/../include/  -DHAVE_BUILD_INFO -D__STDC_FORMAT_MACROS -I/home/administrator/walletbuilders/build_environment/pivx/3.3.0/depends/x86_64-w64-linux/share/../include conftest.cpp >&5
configure:29151: $? = 0
configure:29153: result: yes
configure:29343: checking whether the Boost::System library is available
configure:29368: g++ -m64 -std=c++11 -c  -I/home/administrator/walletbuilders/build_environment/pivx/3.3.0/depends/x86_64-w64-linux/share/../include/  -DHAVE_BUILD_INFO -D__STDC_FORMAT_MACROS -I/home/administrator/walletbuilders/build_environment/pivx/3.3.0/depends/x86_64-w64-linux/share/../include conftest.cpp >&5
configure:29368: $? = 0
configure:29383: result: yes
configure:29399: checking for exit in -lboost_system-mt
configure:29424: g++ -m64 -std=c++11 -o conftest -pipe -O2  -I/home/administrator/walletbuilders/build_environment/pivx/3.3.0/depends/x86_64-w64-linux/share/../include/  -DHAVE_BUILD_INFO -D__STDC_FORMAT_MACROS -I/home/administrator/walletbuilders/build_environment/pivx/3.3.0/depends/x86_64-w64-linux/share/../include -L/home/administrator/walletbuilders/build_environment/pivx/3.3.0/depends/x86_64-w64-linux/share/../lib  -L/home/administrator/walletbuilders/build_environment/pivx/3.3.0/depends/x86_64-w64-linux/share/../lib conftest.cpp -lboost_system-mt   >&5
conftest.cpp:83:6: warning: declaration of 'char exit()' conflicts with built-in declaration 'void exit(int)' [-Wbuiltin-declaration-mismatch]
 char exit ();
      ^~~~
configure:29424: $? = 0
configure:29434: result: yes
configure:29589: checking whether the Boost::Filesystem library is available
configure:29613: g++ -m64 -std=c++11 -c -pipe -O2  -I/home/administrator/walletbuilders/build_environment/pivx/3.3.0/depends/x86_64-w64-linux/share/../include/  -DHAVE_BUILD_INFO -D__STDC_FORMAT_MACROS -I/home/administrator/walletbuilders/build_environment/pivx/3.3.0/depends/x86_64-w64-linux/share/../include conftest.cpp >&5
configure:29613: $? = 0
configure:29627: result: yes
configure:29639: checking for exit in -lboost_filesystem-mt
configure:29664: g++ -m64 -std=c++11 -o conftest -pipe -O2  -I/home/administrator/walletbuilders/build_environment/pivx/3.3.0/depends/x86_64-w64-linux/share/../include/  -DHAVE_BUILD_INFO -D__STDC_FORMAT_MACROS -I/home/administrator/walletbuilders/build_environment/pivx/3.3.0/depends/x86_64-w64-linux/share/../include -L/home/administrator/walletbuilders/build_environment/pivx/3.3.0/depends/x86_64-w64-linux/share/../lib  -L/home/administrator/walletbuilders/build_environment/pivx/3.3.0/depends/x86_64-w64-linux/share/../lib conftest.cpp -lboost_filesystem-mt   -lboost_system-mt >&5
conftest.cpp:84:6: warning: declaration of 'char exit()' conflicts with built-in declaration 'void exit(int)' [-Wbuiltin-declaration-mismatch]
 char exit ();
      ^~~~
configure:29664: $? = 0
configure:29674: result: yes
configure:29824: checking whether the Boost::Program_Options library is available
configure:29848: g++ -m64 -std=c++11 -c -pipe -O2  -I/home/administrator/walletbuilders/build_environment/pivx/3.3.0/depends/x86_64-w64-linux/share/../include/  -DHAVE_BUILD_INFO -D__STDC_FORMAT_MACROS -I/home/administrator/walletbuilders/build_environment/pivx/3.3.0/depends/x86_64-w64-linux/share/../include conftest.cpp >&5
configure:29848: $? = 0
configure:29862: result: yes
configure:29873: checking for exit in -lboost_program_options-mt
configure:29898: g++ -m64 -std=c++11 -o conftest -pipe -O2  -I/home/administrator/walletbuilders/build_environment/pivx/3.3.0/depends/x86_64-w64-linux/share/../include/  -DHAVE_BUILD_INFO -D__STDC_FORMAT_MACROS -I/home/administrator/walletbuilders/build_environment/pivx/3.3.0/depends/x86_64-w64-linux/share/../include -L/home/administrator/walletbuilders/build_environment/pivx/3.3.0/depends/x86_64-w64-linux/share/../lib  -L/home/administrator/walletbuilders/build_environment/pivx/3.3.0/depends/x86_64-w64-linux/share/../lib conftest.cpp -lboost_program_options-mt   >&5
conftest.cpp:85:6: warning: declaration of 'char exit()' conflicts with built-in declaration 'void exit(int)' [-Wbuiltin-declaration-mismatch]
 char exit ();
      ^~~~
configure:29898: $? = 0
configure:29908: result: yes
configure:30051: checking whether the Boost::Thread library is available
configure:30083: g++ -m64 -std=c++11 -c -pthread -pipe -O2  -I/home/administrator/walletbuilders/build_environment/pivx/3.3.0/depends/x86_64-w64-linux/share/../include/  -DHAVE_BUILD_INFO -D__STDC_FORMAT_MACROS -I/home/administrator/walletbuilders/build_environment/pivx/3.3.0/depends/x86_64-w64-linux/share/../include conftest.cpp >&5
configure:30083: $? = 0
configure:30098: result: yes
configure:30128: checking for exit in -lboost_thread-mt
configure:30153: g++ -m64 -std=c++11 -o conftest -pipe -O2  -I/home/administrator/walletbuilders/build_environment/pivx/3.3.0/depends/x86_64-w64-linux/share/../include/  -DHAVE_BUILD_INFO -D__STDC_FORMAT_MACROS -I/home/administrator/walletbuilders/build_environment/pivx/3.3.0/depends/x86_64-w64-linux/share/../include -L/home/administrator/walletbuilders/build_environment/pivx/3.3.0/depends/x86_64-w64-linux/share/../lib  -L/home/administrator/walletbuilders/build_environment/pivx/3.3.0/depends/x86_64-w64-linux/share/../lib conftest.cpp -lboost_thread-mt   >&5
conftest.cpp:86:6: warning: declaration of 'char exit()' conflicts with built-in declaration 'void exit(int)' [-Wbuiltin-declaration-mismatch]
 char exit ();
      ^~~~
configure:30153: $? = 0
configure:30163: result: yes
configure:30323: checking whether the Boost::Chrono library is available
configure:30347: g++ -m64 -std=c++11 -c -pipe -O2  -I/home/administrator/walletbuilders/build_environment/pivx/3.3.0/depends/x86_64-w64-linux/share/../include/  -DHAVE_BUILD_INFO -D__STDC_FORMAT_MACROS -pthread -I/home/administrator/walletbuilders/build_environment/pivx/3.3.0/depends/x86_64-w64-linux/share/../include conftest.cpp >&5
configure:30347: $? = 0
configure:30362: result: yes
configure:30377: checking for exit in -lboost_chrono-mt
configure:30402: g++ -m64 -std=c++11 -o conftest -pipe -O2  -I/home/administrator/walletbuilders/build_environment/pivx/3.3.0/depends/x86_64-w64-linux/share/../include/  -DHAVE_BUILD_INFO -D__STDC_FORMAT_MACROS -pthread -I/home/administrator/walletbuilders/build_environment/pivx/3.3.0/depends/x86_64-w64-linux/share/../include -L/home/administrator/walletbuilders/build_environment/pivx/3.3.0/depends/x86_64-w64-linux/share/../lib  -L/home/administrator/walletbuilders/build_environment/pivx/3.3.0/depends/x86_64-w64-linux/share/../lib conftest.cpp -lboost_chrono-mt   >&5
conftest.cpp:87:6: warning: declaration of 'char exit()' conflicts with built-in declaration 'void exit(int)' [-Wbuiltin-declaration-mismatch]
 char exit ();
      ^~~~
configure:30402: $? = 0
configure:30412: result: yes
configure:30844: checking for mismatched boost c++11 scoped enums
configure:30872: g++ -m64 -std=c++11 -o conftest -pipe -O2  -I/home/administrator/walletbuilders/build_environment/pivx/3.3.0/depends/x86_64-w64-linux/share/../include/  -DHAVE_BUILD_INFO -D__STDC_FORMAT_MACROS -DBOOST_SP_USE_STD_ATOMIC -DBOOST_AC_USE_STD_ATOMIC -pthread -I/home/administrator/walletbuilders/build_environment/pivx/3.3.0/depends/x86_64-w64-linux/share/../include -L/home/administrator/walletbuilders/build_environment/pivx/3.3.0/depends/x86_64-w64-linux/share/../lib  conftest.cpp -L/home/administrator/walletbuilders/build_environment/pivx/3.3.0/depends/x86_64-w64-linux/share/../lib -lboost_system-mt -lboost_filesystem-mt -lboost_program_options-mt -lboost_thread-mt -lboost_chrono-mt  >&5
conftest.cpp: In function 'int main()':
conftest.cpp:97:5: error: 'choke' was not declared in this scope
     choke;
     ^~~~~
conftest.cpp:97:5: note: suggested alternative: 'clone'
     choke;
     ^~~~~
     clone
configure:30872: $? = 1
configure: failed program was:
| /* confdefs.h */
| #define PACKAGE_NAME "BitcoinClassic Core"
| #define PACKAGE_TARNAME "bitcoinclassic"
| #define PACKAGE_VERSION "1.0.0"
| #define PACKAGE_STRING "BitcoinClassic Core 1.0.0"
| #define PACKAGE_BUGREPORT "www.bitcoinclassic.org"
| #define PACKAGE_URL ""
| #define HAVE_CXX11 1
| #define STDC_HEADERS 1
| #define HAVE_SYS_TYPES_H 1
| #define HAVE_SYS_STAT_H 1
| #define HAVE_STDLIB_H 1
| #define HAVE_STRING_H 1
| #define HAVE_MEMORY_H 1
| #define HAVE_STRINGS_H 1
| #define HAVE_INTTYPES_H 1
| #define HAVE_STDINT_H 1
| #define HAVE_UNISTD_H 1
| #define HAVE_DLFCN_H 1
| #define LT_OBJDIR ".libs/"
| #define USE_ASM 1
| #define ENABLE_SSE41 1
| #define ENABLE_AVX2 1
| #define ENABLE_SHANI 1
| #define HAVE_PTHREAD_PRIO_INHERIT 1
| #define HAVE_PTHREAD 1
| #define HAVE_DECL_STRERROR_R 1
| #define HAVE_STRERROR_R 1
| #define STRERROR_R_CHAR_P 1
| #define HAVE_FUNC_ATTRIBUTE_VISIBILITY 1
| #define HAVE_ENDIAN_H 1
| #define HAVE_BYTESWAP_H 1
| #define HAVE_STDIO_H 1
| #define HAVE_STDLIB_H 1
| #define HAVE_UNISTD_H 1
| #define HAVE_STRINGS_H 1
| #define HAVE_SYS_TYPES_H 1
| #define HAVE_SYS_STAT_H 1
| #define HAVE_SYS_SELECT_H 1
| #define HAVE_SYS_PRCTL_H 1
| #define HAVE_DECL_STRNLEN 1
| #define HAVE_DECL_DAEMON 1
| #define HAVE_DECL_LE16TOH 1
| #define HAVE_DECL_LE32TOH 1
| #define HAVE_DECL_LE64TOH 1
| #define HAVE_DECL_HTOLE16 1
| #define HAVE_DECL_HTOLE32 1
| #define HAVE_DECL_HTOLE64 1
| #define HAVE_DECL_BE16TOH 1
| #define HAVE_DECL_BE32TOH 1
| #define HAVE_DECL_BE64TOH 1
| #define HAVE_DECL_HTOBE16 1
| #define HAVE_DECL_HTOBE32 1
| #define HAVE_DECL_HTOBE64 1
| #define HAVE_DECL_BSWAP_16 1
| #define HAVE_DECL_BSWAP_32 1
| #define HAVE_DECL_BSWAP_64 1
| #define HAVE_DECL___BUILTIN_CLZ 1
| #define HAVE_DECL___BUILTIN_CLZL 1
| #define HAVE_DECL___BUILTIN_CLZLL 1
| #define HAVE_MALLOC_INFO 1
| #define HAVE_MALLOPT_ARENA_MAX 1
| #define HAVE_VISIBILITY_ATTRIBUTE 1
| #define HAVE_THREAD_LOCAL 1
| #define HAVE_MINIUPNPC_MINIWGET_H 1
| #define HAVE_MINIUPNPC_MINIUPNPC_H 1
| #define HAVE_MINIUPNPC_UPNPCOMMANDS_H 1
| #define HAVE_MINIUPNPC_UPNPERRORS_H 1
| #define QT_STATICPLUGIN 1
| #define QT_STATICPLUGIN 1
| #define QT_QPA_PLATFORM_MINIMAL 1
| #define QT_QPA_PLATFORM_XCB 1
| #define HAVE_BOOST /**/
| #define HAVE_BOOST_SYSTEM /**/
| #define HAVE_BOOST_FILESYSTEM /**/
| #define HAVE_BOOST_PROGRAM_OPTIONS /**/
| #define HAVE_BOOST_THREAD /**/
| #define HAVE_BOOST_CHRONO /**/
| /* end confdefs.h.  */
| 
|   #include <boost/config.hpp>
|   #include <boost/version.hpp>
|   #if !defined(BOOST_NO_SCOPED_ENUMS) && !defined(BOOST_NO_CXX11_SCOPED_ENUMS) && BOOST_VERSION < 105700
|   #define BOOST_NO_SCOPED_ENUMS
|   #define BOOST_NO_CXX11_SCOPED_ENUMS
|   #define CHECK
|   #endif
|   #include <boost/filesystem.hpp>
| 
| int
| main ()
| {
| 
|   #if defined(CHECK)
|     boost::filesystem::copy_file("foo", "bar");
|   #else
|     choke;
|   #endif
| 
|   ;
|   return 0;
| }
configure:30876: result: ok
configure:30908: g++ -m64 -std=c++11 -o conftest -pipe -O2  -I/home/administrator/walletbuilders/build_environment/pivx/3.3.0/depends/x86_64-w64-linux/share/../include/  -DHAVE_BUILD_INFO -D__STDC_FORMAT_MACROS -DBOOST_SP_USE_STD_ATOMIC -DBOOST_AC_USE_STD_ATOMIC -pthread -I/home/administrator/walletbuilders/build_environment/pivx/3.3.0/depends/x86_64-w64-linux/share/../include -L/home/administrator/walletbuilders/build_environment/pivx/3.3.0/depends/x86_64-w64-linux/share/../lib  conftest.cpp -L/home/administrator/walletbuilders/build_environment/pivx/3.3.0/depends/x86_64-w64-linux/share/../lib -lboost_system-mt -lboost_filesystem-mt -lboost_program_options-mt -lboost_thread-mt -lboost_chrono-mt  >&5
configure:30908: $? = 0
configure:30970: checking for SSL
configure:30977: $PKG_CONFIG --exists --print-errors "libssl"
configure:30980: $? = 0
configure:30994: $PKG_CONFIG --exists --print-errors "libssl"
configure:30997: $? = 0
configure:31035: result: yes
configure:31041: checking for CRYPTO
configure:31048: $PKG_CONFIG --exists --print-errors "libcrypto"
configure:31051: $? = 0
configure:31065: $PKG_CONFIG --exists --print-errors "libcrypto"
configure:31068: $? = 0
configure:31106: result: yes
configure:31115: checking for PROTOBUF
configure:31122: $PKG_CONFIG --exists --print-errors "protobuf"
configure:31125: $? = 0
configure:31139: $PKG_CONFIG --exists --print-errors "protobuf"
configure:31142: $? = 0
configure:31202: result: yes
configure:31217: checking for QR
configure:31224: $PKG_CONFIG --exists --print-errors "libqrencode"
configure:31227: $? = 0
configure:31241: $PKG_CONFIG --exists --print-errors "libqrencode"
configure:31244: $? = 0
configure:31282: result: yes
configure:31295: checking for EVENT
configure:31302: $PKG_CONFIG --exists --print-errors "libevent"
configure:31305: $? = 0
configure:31319: $PKG_CONFIG --exists --print-errors "libevent"
configure:31322: $? = 0
configure:31360: result: yes
configure:31367: checking for EVENT_PTHREADS
configure:31374: $PKG_CONFIG --exists --print-errors "libevent_pthreads"
configure:31377: $? = 0
configure:31391: $PKG_CONFIG --exists --print-errors "libevent_pthreads"
configure:31394: $? = 0
configure:31432: result: yes
configure:31442: checking for ZMQ
configure:31449: $PKG_CONFIG --exists --print-errors "libzmq >= 4"
configure:31452: $? = 0
configure:31466: $PKG_CONFIG --exists --print-errors "libzmq >= 4"
configure:31469: $? = 0
configure:31517: result: yes
configure:31910: checking whether EVP_MD_CTX_new is declared
configure:31910: g++ -m64 -std=c++11 -c -pipe -O2  -I/home/administrator/walletbuilders/build_environment/pivx/3.3.0/depends/x86_64-w64-linux/include -I/home/administrator/walletbuilders/build_environment/pivx/3.3.0/depends/x86_64-w64-linux/include -I/home/administrator/walletbuilders/build_environment/pivx/3.3.0/depends/x86_64-w64-linux/share/../include/  -DHAVE_BUILD_INFO -D__STDC_FORMAT_MACROS conftest.cpp >&5
conftest.cpp: In function 'int main()':
conftest.cpp:123:10: error: 'EVP_MD_CTX_new' was not declared in this scope
   (void) EVP_MD_CTX_new;
          ^~~~~~~~~~~~~~
conftest.cpp:123:10: note: suggested alternative: 'EVP_MD_CTX_init'
   (void) EVP_MD_CTX_new;
          ^~~~~~~~~~~~~~
          EVP_MD_CTX_init
configure:31910: $? = 1
configure: failed program was:
| /* confdefs.h */
| #define PACKAGE_NAME "BitcoinClassic Core"
| #define PACKAGE_TARNAME "bitcoinclassic"
| #define PACKAGE_VERSION "1.0.0"
| #define PACKAGE_STRING "BitcoinClassic Core 1.0.0"
| #define PACKAGE_BUGREPORT "www.bitcoinclassic.org"
| #define PACKAGE_URL ""
| #define HAVE_CXX11 1
| #define STDC_HEADERS 1
| #define HAVE_SYS_TYPES_H 1
| #define HAVE_SYS_STAT_H 1
| #define HAVE_STDLIB_H 1
| #define HAVE_STRING_H 1
| #define HAVE_MEMORY_H 1
| #define HAVE_STRINGS_H 1
| #define HAVE_INTTYPES_H 1
| #define HAVE_STDINT_H 1
| #define HAVE_UNISTD_H 1
| #define HAVE_DLFCN_H 1
| #define LT_OBJDIR ".libs/"
| #define USE_ASM 1
| #define ENABLE_SSE41 1
| #define ENABLE_AVX2 1
| #define ENABLE_SHANI 1
| #define HAVE_PTHREAD_PRIO_INHERIT 1
| #define HAVE_PTHREAD 1
| #define HAVE_DECL_STRERROR_R 1
| #define HAVE_STRERROR_R 1
| #define STRERROR_R_CHAR_P 1
| #define HAVE_FUNC_ATTRIBUTE_VISIBILITY 1
| #define HAVE_ENDIAN_H 1
| #define HAVE_BYTESWAP_H 1
| #define HAVE_STDIO_H 1
| #define HAVE_STDLIB_H 1
| #define HAVE_UNISTD_H 1
| #define HAVE_STRINGS_H 1
| #define HAVE_SYS_TYPES_H 1
| #define HAVE_SYS_STAT_H 1
| #define HAVE_SYS_SELECT_H 1
| #define HAVE_SYS_PRCTL_H 1
| #define HAVE_DECL_STRNLEN 1
| #define HAVE_DECL_DAEMON 1
| #define HAVE_DECL_LE16TOH 1
| #define HAVE_DECL_LE32TOH 1
| #define HAVE_DECL_LE64TOH 1
| #define HAVE_DECL_HTOLE16 1
| #define HAVE_DECL_HTOLE32 1
| #define HAVE_DECL_HTOLE64 1
| #define HAVE_DECL_BE16TOH 1
| #define HAVE_DECL_BE32TOH 1
| #define HAVE_DECL_BE64TOH 1
| #define HAVE_DECL_HTOBE16 1
| #define HAVE_DECL_HTOBE32 1
| #define HAVE_DECL_HTOBE64 1
| #define HAVE_DECL_BSWAP_16 1
| #define HAVE_DECL_BSWAP_32 1
| #define HAVE_DECL_BSWAP_64 1
| #define HAVE_DECL___BUILTIN_CLZ 1
| #define HAVE_DECL___BUILTIN_CLZL 1
| #define HAVE_DECL___BUILTIN_CLZLL 1
| #define HAVE_MALLOC_INFO 1
| #define HAVE_MALLOPT_ARENA_MAX 1
| #define HAVE_VISIBILITY_ATTRIBUTE 1
| #define HAVE_THREAD_LOCAL 1
| #define HAVE_MINIUPNPC_MINIWGET_H 1
| #define HAVE_MINIUPNPC_MINIUPNPC_H 1
| #define HAVE_MINIUPNPC_UPNPCOMMANDS_H 1
| #define HAVE_MINIUPNPC_UPNPERRORS_H 1
| #define QT_STATICPLUGIN 1
| #define QT_STATICPLUGIN 1
| #define QT_QPA_PLATFORM_MINIMAL 1
| #define QT_QPA_PLATFORM_XCB 1
| #define HAVE_BOOST /**/
| #define HAVE_BOOST_SYSTEM /**/
| #define HAVE_BOOST_FILESYSTEM /**/
| #define HAVE_BOOST_PROGRAM_OPTIONS /**/
| #define HAVE_BOOST_THREAD /**/
| #define HAVE_BOOST_CHRONO /**/
| #define HAVE_WORKING_BOOST_SLEEP_FOR 1
| #define ENABLE_ZMQ 1
| /* end confdefs.h.  */
| #include <stdio.h>
| #ifdef HAVE_SYS_TYPES_H
| # include <sys/types.h>
| #endif
| #ifdef HAVE_SYS_STAT_H
| # include <sys/stat.h>
| #endif
| #ifdef STDC_HEADERS
| # include <stdlib.h>
| # include <stddef.h>
| #else
| # ifdef HAVE_STDLIB_H
| #  include <stdlib.h>
| # endif
| #endif
| #ifdef HAVE_STRING_H
| # if !defined STDC_HEADERS && defined HAVE_MEMORY_H
| #  include <memory.h>
| # endif
| # include <string.h>
| #endif
| #ifdef HAVE_STRINGS_H
| # include <strings.h>
| #endif
| #ifdef HAVE_INTTYPES_H
| # include <inttypes.h>
| #endif
| #ifdef HAVE_STDINT_H
| # include <stdint.h>
| #endif
| #ifdef HAVE_UNISTD_H
| # include <unistd.h>
| #endif
| #include <openssl/x509_vfy.h>
| 
| 
| int
| main ()
| {
| #ifndef EVP_MD_CTX_new
| #ifdef __cplusplus
|   (void) EVP_MD_CTX_new;
| #else
|   (void) EVP_MD_CTX_new;
| #endif
| #endif
| 
|   ;
|   return 0;
| }
configure:31910: result: no
configure:31926: checking for RAND_egd in -lcrypto
configure:31951: g++ -m64 -std=c++11 -o conftest -pipe -O2  -I/home/administrator/walletbuilders/build_environment/pivx/3.3.0/depends/x86_64-w64-linux/share/../include/  -DHAVE_BUILD_INFO -D__STDC_FORMAT_MACROS -L/home/administrator/walletbuilders/build_environment/pivx/3.3.0/depends/x86_64-w64-linux/share/../lib  conftest.cpp -lcrypto   >&5
configure:31951: $? = 0
configure:31960: result: yes
configure:32159: checking for protoc
configure:32177: found /home/administrator/walletbuilders/build_environment/pivx/3.3.0/depends/x86_64-w64-linux/share/../native/bin/protoc
configure:32189: result: /home/administrator/walletbuilders/build_environment/pivx/3.3.0/depends/x86_64-w64-linux/share/../native/bin/protoc
configure:32269: checking whether to build bitcoinclassicd
configure:32279: result: yes
configure:32282: checking whether to build utils (bitcoinclassic-cli bitcoinclassic-tx)
configure:32292: result: yes
configure:32295: checking whether to build libraries
configure:32312: result: no
configure:32323: checking if ccache should be used
configure:32336: result: no
configure:32382: checking gmp.h usability
configure:32382: gcc -m64 -c -pipe -O2  -I/home/administrator/walletbuilders/build_environment/pivx/3.3.0/depends/x86_64-w64-linux/share/../include/  -DHAVE_BUILD_INFO -D__STDC_FORMAT_MACROS conftest.c >&5
configure:32382: $? = 0
configure:32382: result: yes
configure:32382: checking gmp.h presence
configure:32382: gcc -m64 -E -I/home/administrator/walletbuilders/build_environment/pivx/3.3.0/depends/x86_64-w64-linux/share/../include/  -DHAVE_BUILD_INFO -D__STDC_FORMAT_MACROS conftest.c
configure:32382: $? = 0
configure:32382: result: yes
configure:32382: checking for gmp.h
configure:32382: result: yes
configure:32385: checking for __gmpz_init in -lgmp
configure:32410: gcc -m64 -o conftest -pipe -O2  -I/home/administrator/walletbuilders/build_environment/pivx/3.3.0/depends/x86_64-w64-linux/share/../include/  -DHAVE_BUILD_INFO -D__STDC_FORMAT_MACROS -L/home/administrator/walletbuilders/build_environment/pivx/3.3.0/depends/x86_64-w64-linux/share/../lib  conftest.c -lgmp  -lcrypto  >&5
configure:32410: $? = 0
configure:32419: result: yes
configure:32515: checking if wallet should be enabled
configure:32518: result: yes
configure:32531: checking whether to build with support for UPnP
configure:32541: result: yes
configure:32543: checking whether to build with UPnP enabled by default
configure:32551: result: no
configure:32569: checking whether to build GUI with support for D-Bus
configure:32576: result: yes
configure:32579: checking whether to build GUI with support for QR codes
configure:32589: result: yes
configure:32602: WARNING: "xgettext is required to update qt translations"
configure:32606: checking whether to build test_bitcoinclassic-qt
configure:32613: result: no
configure:32661: checking whether to build test_bitcoinclassic
configure:32668: result: no
configure:32673: checking whether to reduce exports
configure:32679: result: no
configure:33053: checking that generated files are newer than configure
configure:33059: result: done
configure:33203: creating ./config.status

## ---------------------- ##
## Running config.status. ##
## ---------------------- ##

This file was extended by BitcoinClassic Core config.status 1.0.0, which was
generated by GNU Autoconf 2.69.  Invocation command line was

  CONFIG_FILES    = 
  CONFIG_HEADERS  = 
  CONFIG_LINKS    = 
  CONFIG_COMMANDS = 
  $ ./config.status 

on bld

config.status:1518: creating Makefile
config.status:1518: creating src/Makefile
config.status:1518: creating doc/man/Makefile
config.status:1518: creating share/setup.nsi
config.status:1518: creating share/qt/Info.plist
config.status:1518: creating test/config.ini
config.status:1518: creating contrib/devtools/split-debug.sh
config.status:1518: creating doc/Doxyfile
config.status:1518: creating src/config/bitcoinclassic-config.h
config.status:1778: executing depfiles commands
config.status:1778: executing libtool commands
configure:35725: === configuring in src/univalue (/tmp/BitcoinClassic/src/univalue)
configure:35788: running /bin/bash ./configure --disable-option-checking '--prefix=/usr/local'  '--disable-tests' '--disable-bench' '--with-unsupported-ssl' '--disable-shared' '--with-pic' '--with-bignum=no' '--enable-module-recovery' '--disable-jni' --cache-file=/dev/null --srcdir=.
configure:35725: === configuring in src/secp256k1 (/tmp/BitcoinClassic/src/secp256k1)
configure:35788: running /bin/bash ./configure --disable-option-checking '--prefix=/usr/local'  '--disable-tests' '--disable-bench' '--with-unsupported-ssl' '--disable-shared' '--with-pic' '--with-bignum=no' '--enable-module-recovery' '--disable-jni' --cache-file=/dev/null --srcdir=.
configure:35807: result: Fixing libtool for -rpath problems.

## ---------------- ##
## Cache variables. ##
## ---------------- ##

ac_cv_build=x86_64-pc-linux-gnu
ac_cv_c_bigendian=no
ac_cv_c_compiler_gnu=yes
ac_cv_cxx_compiler_gnu=yes
ac_cv_env_ARFLAGS_set=
ac_cv_env_ARFLAGS_value=
ac_cv_env_BDB_CFLAGS_set=
ac_cv_env_BDB_CFLAGS_value=
ac_cv_env_BDB_LIBS_set=
ac_cv_env_BDB_LIBS_value=
ac_cv_env_CCC_set=
ac_cv_env_CCC_value=
ac_cv_env_CC_set=
ac_cv_env_CC_value=
ac_cv_env_CFLAGS_set=
ac_cv_env_CFLAGS_value=
ac_cv_env_CPPFLAGS_set=
ac_cv_env_CPPFLAGS_value=
ac_cv_env_CPP_set=
ac_cv_env_CPP_value=
ac_cv_env_CRYPTO_CFLAGS_set=
ac_cv_env_CRYPTO_CFLAGS_value=
ac_cv_env_CRYPTO_LIBS_set=
ac_cv_env_CRYPTO_LIBS_value=
ac_cv_env_CXXCPP_set=
ac_cv_env_CXXCPP_value=
ac_cv_env_CXXFLAGS_set=
ac_cv_env_CXXFLAGS_value=
ac_cv_env_CXX_set=
ac_cv_env_CXX_value=
ac_cv_env_EVENT_CFLAGS_set=
ac_cv_env_EVENT_CFLAGS_value=
ac_cv_env_EVENT_LIBS_set=
ac_cv_env_EVENT_LIBS_value=
ac_cv_env_EVENT_PTHREADS_CFLAGS_set=
ac_cv_env_EVENT_PTHREADS_CFLAGS_value=
ac_cv_env_EVENT_PTHREADS_LIBS_set=
ac_cv_env_EVENT_PTHREADS_LIBS_value=
ac_cv_env_LDFLAGS_set=
ac_cv_env_LDFLAGS_value=
ac_cv_env_LIBS_set=
ac_cv_env_LIBS_value=
ac_cv_env_LT_SYS_LIBRARY_PATH_set=
ac_cv_env_LT_SYS_LIBRARY_PATH_value=
ac_cv_env_OBJCXXFLAGS_set=
ac_cv_env_OBJCXXFLAGS_value=
ac_cv_env_OBJCXX_set=
ac_cv_env_OBJCXX_value=
ac_cv_env_PKG_CONFIG_LIBDIR_set=
ac_cv_env_PKG_CONFIG_LIBDIR_value=
ac_cv_env_PKG_CONFIG_PATH_set=
ac_cv_env_PKG_CONFIG_PATH_value=
ac_cv_env_PKG_CONFIG_set=
ac_cv_env_PKG_CONFIG_value=
ac_cv_env_PROTOBUF_CFLAGS_set=
ac_cv_env_PROTOBUF_CFLAGS_value=
ac_cv_env_PROTOBUF_LIBS_set=
ac_cv_env_PROTOBUF_LIBS_value=
ac_cv_env_PYTHONPATH_set=
ac_cv_env_PYTHONPATH_value=
ac_cv_env_QR_CFLAGS_set=
ac_cv_env_QR_CFLAGS_value=
ac_cv_env_QR_LIBS_set=
ac_cv_env_QR_LIBS_value=
ac_cv_env_QT5_CFLAGS_set=
ac_cv_env_QT5_CFLAGS_value=
ac_cv_env_QT5_LIBS_set=
ac_cv_env_QT5_LIBS_value=
ac_cv_env_QTACCESSIBILITY_CFLAGS_set=
ac_cv_env_QTACCESSIBILITY_CFLAGS_value=
ac_cv_env_QTACCESSIBILITY_LIBS_set=
ac_cv_env_QTACCESSIBILITY_LIBS_value=
ac_cv_env_QTCGL_CFLAGS_set=
ac_cv_env_QTCGL_CFLAGS_value=
ac_cv_env_QTCGL_LIBS_set=
ac_cv_env_QTCGL_LIBS_value=
ac_cv_env_QTCLIPBOARD_CFLAGS_set=
ac_cv_env_QTCLIPBOARD_CFLAGS_value=
ac_cv_env_QTCLIPBOARD_LIBS_set=
ac_cv_env_QTCLIPBOARD_LIBS_value=
ac_cv_env_QTDEVICEDISCOVERY_CFLAGS_set=
ac_cv_env_QTDEVICEDISCOVERY_CFLAGS_value=
ac_cv_env_QTDEVICEDISCOVERY_LIBS_set=
ac_cv_env_QTDEVICEDISCOVERY_LIBS_value=
ac_cv_env_QTEVENTDISPATCHER_CFLAGS_set=
ac_cv_env_QTEVENTDISPATCHER_CFLAGS_value=
ac_cv_env_QTEVENTDISPATCHER_LIBS_set=
ac_cv_env_QTEVENTDISPATCHER_LIBS_value=
ac_cv_env_QTFB_CFLAGS_set=
ac_cv_env_QTFB_CFLAGS_value=
ac_cv_env_QTFB_LIBS_set=
ac_cv_env_QTFB_LIBS_value=
ac_cv_env_QTFONTDATABASE_CFLAGS_set=
ac_cv_env_QTFONTDATABASE_CFLAGS_value=
ac_cv_env_QTFONTDATABASE_LIBS_set=
ac_cv_env_QTFONTDATABASE_LIBS_value=
ac_cv_env_QTGRAPHICS_CFLAGS_set=
ac_cv_env_QTGRAPHICS_CFLAGS_value=
ac_cv_env_QTGRAPHICS_LIBS_set=
ac_cv_env_QTGRAPHICS_LIBS_value=
ac_cv_env_QTPLATFORM_CFLAGS_set=
ac_cv_env_QTPLATFORM_CFLAGS_value=
ac_cv_env_QTPLATFORM_LIBS_set=
ac_cv_env_QTPLATFORM_LIBS_value=
ac_cv_env_QTTHEME_CFLAGS_set=
ac_cv_env_QTTHEME_CFLAGS_value=
ac_cv_env_QTTHEME_LIBS_set=
ac_cv_env_QTTHEME_LIBS_value=
ac_cv_env_QTXCBQPA_CFLAGS_set=
ac_cv_env_QTXCBQPA_CFLAGS_value=
ac_cv_env_QTXCBQPA_LIBS_set=
ac_cv_env_QTXCBQPA_LIBS_value=
ac_cv_env_QT_DBUS_CFLAGS_set=
ac_cv_env_QT_DBUS_CFLAGS_value=
ac_cv_env_QT_DBUS_LIBS_set=
ac_cv_env_QT_DBUS_LIBS_value=
ac_cv_env_QT_TEST_CFLAGS_set=
ac_cv_env_QT_TEST_CFLAGS_value=
ac_cv_env_QT_TEST_LIBS_set=
ac_cv_env_QT_TEST_LIBS_value=
ac_cv_env_SSL_CFLAGS_set=
ac_cv_env_SSL_CFLAGS_value=
ac_cv_env_SSL_LIBS_set=
ac_cv_env_SSL_LIBS_value=
ac_cv_env_UNIVALUE_CFLAGS_set=
ac_cv_env_UNIVALUE_CFLAGS_value=
ac_cv_env_UNIVALUE_LIBS_set=
ac_cv_env_UNIVALUE_LIBS_value=
ac_cv_env_X11XCB_CFLAGS_set=
ac_cv_env_X11XCB_CFLAGS_value=
ac_cv_env_X11XCB_LIBS_set=
ac_cv_env_X11XCB_LIBS_value=
ac_cv_env_ZMQ_CFLAGS_set=
ac_cv_env_ZMQ_CFLAGS_value=
ac_cv_env_ZMQ_LIBS_set=
ac_cv_env_ZMQ_LIBS_value=
ac_cv_env_build_alias_set=
ac_cv_env_build_alias_value=
ac_cv_env_host_alias_set=
ac_cv_env_host_alias_value=
ac_cv_env_target_alias_set=
ac_cv_env_target_alias_value=
ac_cv_func_strerror_r=yes
ac_cv_func_strerror_r_char_p=yes
ac_cv_have_decl_EVP_MD_CTX_new=no
ac_cv_have_decl___builtin_clz=yes
ac_cv_have_decl___builtin_clzl=yes
ac_cv_have_decl___builtin_clzll=yes
ac_cv_have_decl_be16toh=yes
ac_cv_have_decl_be32toh=yes
ac_cv_have_decl_be64toh=yes
ac_cv_have_decl_bswap_16=yes
ac_cv_have_decl_bswap_32=yes
ac_cv_have_decl_bswap_64=yes
ac_cv_have_decl_daemon=yes
ac_cv_have_decl_htobe16=yes
ac_cv_have_decl_htobe32=yes
ac_cv_have_decl_htobe64=yes
ac_cv_have_decl_htole16=yes
ac_cv_have_decl_htole32=yes
ac_cv_have_decl_htole64=yes
ac_cv_have_decl_le16toh=yes
ac_cv_have_decl_le32toh=yes
ac_cv_have_decl_le64toh=yes
ac_cv_have_decl_strerror_r=yes
ac_cv_have_decl_strnlen=yes
ac_cv_header_byteswap_h=yes
ac_cv_header_dlfcn_h=yes
ac_cv_header_endian_h=yes
ac_cv_header_gmp_h=yes
ac_cv_header_inttypes_h=yes
ac_cv_header_memory_h=yes
ac_cv_header_miniupnpc_miniupnpc_h=yes
ac_cv_header_miniupnpc_miniwget_h=yes
ac_cv_header_miniupnpc_upnpcommands_h=yes
ac_cv_header_miniupnpc_upnperrors_h=yes
ac_cv_header_stdc=yes
ac_cv_header_stdint_h=yes
ac_cv_header_stdio_h=yes
ac_cv_header_stdlib_h=yes
ac_cv_header_string_h=yes
ac_cv_header_strings_h=yes
ac_cv_header_sys_endian_h=no
ac_cv_header_sys_prctl_h=yes
ac_cv_header_sys_select_h=yes
ac_cv_header_sys_stat_h=yes
ac_cv_header_sys_types_h=yes
ac_cv_header_unistd_h=yes
ac_cv_host=x86_64-w64-linux-gnu
ac_cv_lib_boost_chrono_mt___exit=yes
ac_cv_lib_boost_filesystem_mt___exit=yes
ac_cv_lib_boost_program_options_mt___exit=yes
ac_cv_lib_boost_system_mt___exit=yes
ac_cv_lib_boost_thread_mt___exit=yes
ac_cv_lib_crypto_RAND_egd=yes
ac_cv_lib_db_cxx_4_8___main=yes
ac_cv_lib_gmp___gmpz_init=yes
ac_cv_lib_miniupnpc_upnpDiscover=yes
ac_cv_objcxx_compiler_gnu=no
ac_cv_objext=o
ac_cv_path_DOXYGEN=/usr/bin/doxygen
ac_cv_path_EGREP='/bin/grep -E'
ac_cv_path_FGREP='/bin/grep -F'
ac_cv_path_GIT=/usr/bin/git
ac_cv_path_GREP=/bin/grep
ac_cv_path_HEXDUMP=/usr/bin/hexdump
ac_cv_path_LRELEASE=/home/administrator/walletbuilders/build_environment/pivx/3.3.0/depends/x86_64-w64-linux/share/../native/bin/lrelease
ac_cv_path_LUPDATE=/home/administrator/walletbuilders/build_environment/pivx/3.3.0/depends/x86_64-w64-linux/share/../native/bin/lupdate
ac_cv_path_MOC=/home/administrator/walletbuilders/build_environment/pivx/3.3.0/depends/x86_64-w64-linux/share/../native/bin/moc
ac_cv_path_PKG_CONFIG='/usr/bin/pkg-config --static'
ac_cv_path_PROTOC=/home/administrator/walletbuilders/build_environment/pivx/3.3.0/depends/x86_64-w64-linux/share/../native/bin/protoc
ac_cv_path_PYTHON=/usr/bin/python3.6
ac_cv_path_RCC=/home/administrator/walletbuilders/build_environment/pivx/3.3.0/depends/x86_64-w64-linux/share/../native/bin/rcc
ac_cv_path_SED=/bin/sed
ac_cv_path_UIC=/home/administrator/walletbuilders/build_environment/pivx/3.3.0/depends/x86_64-w64-linux/share/../native/bin/uic
ac_cv_path_ac_pt_AR=ar
ac_cv_path_ac_pt_CPPFILT=/usr/bin/c++filt
ac_cv_path_ac_pt_GCOV=/usr/bin/gcov
ac_cv_path_ac_pt_NM=nm
ac_cv_path_ac_pt_OBJCOPY=/usr/bin/objcopy
ac_cv_path_ac_pt_RANLIB=ranlib
ac_cv_path_ac_pt_READELF=/usr/bin/readelf
ac_cv_path_ac_pt_STRIP=/usr/bin/strip
ac_cv_path_install='/usr/bin/install -c'
ac_cv_path_lt_DD=/bin/dd
ac_cv_path_mkdir=/bin/mkdir
ac_cv_prog_AR=ar
ac_cv_prog_AWK=gawk
ac_cv_prog_CC='gcc -m64'
ac_cv_prog_CPP='gcc -m64 -E'
ac_cv_prog_CXXCPP='g++ -m64 -std=c++11 -E'
ac_cv_prog_OBJCXX='g++ -m64 -std=c++11'
ac_cv_prog_RANLIB=ranlib
ac_cv_prog_STRIP=strip
ac_cv_prog_ac_ct_MANIFEST_TOOL=mt
ac_cv_prog_ac_ct_OBJDUMP=objdump
ac_cv_prog_ac_ct_STRIP=strip
ac_cv_prog_cc_c89=
ac_cv_prog_cc_g=yes
ac_cv_prog_cxx_g=yes
ac_cv_prog_make_make_set=yes
ac_cv_prog_objcxx_g=no
ac_cv_search_clock_gettime='none required'
ac_cv_sys_file_offset_bits=no
ac_cv_sys_largefile_CC=no
am_cv_CC_dependencies_compiler_type=gcc3
am_cv_CXX_dependencies_compiler_type=gcc3
am_cv_OBJCXX_dependencies_compiler_type=gcc3
am_cv_make_support_nested_variables=yes
am_cv_prog_cc_c_o=yes
ax_cv_PTHREAD_CLANG=no
ax_cv_PTHREAD_JOINABLE_ATTR=PTHREAD_CREATE_JOINABLE
ax_cv_PTHREAD_PRIO_INHERIT=yes
ax_cv_PTHREAD_SPECIAL_FLAGS=no
ax_cv_boost_chrono=yes
ax_cv_boost_filesystem=yes
ax_cv_boost_program_options=yes
ax_cv_boost_system=yes
ax_cv_boost_thread=yes
ax_cv_check_cxxcppflags___D_FORTIFY_SOURCE_2=yes
ax_cv_check_cxxcppflags___U_FORTIFY_SOURCE=yes
ax_cv_check_cxxflags___Werror=yes
ax_cv_check_cxxflags___Wstack_protector=yes
ax_cv_check_cxxflags___fPIC=yes
ax_cv_check_cxxflags___fstack_protector_all=yes
ax_cv_check_cxxflags__mavx__mavx2=yes
ax_cv_check_cxxflags__msse4_1=yes
ax_cv_check_cxxflags__msse4_2=yes
ax_cv_check_cxxflags__msse4__msha=yes
ax_cv_check_ldflags___Wl___dynamicbase=no
ax_cv_check_ldflags___Wl___high_entropy_va=no
ax_cv_check_ldflags___Wl___large_address_aware=no
ax_cv_check_ldflags___Wl___nxcompat=no
ax_cv_check_ldflags___Wl__z_now=yes
ax_cv_check_ldflags___Wl__z_relro=yes
ax_cv_check_ldflags__fPIE__pie=yes
ax_cv_cxx_compile_cxx11__std_cpp11=yes
ax_cv_have_func_attribute_dllexport=no
ax_cv_have_func_attribute_dllimport=no
ax_cv_have_func_attribute_visibility=yes
bitcoin_cv_need_acc_widget=no
bitcoin_cv_static_qt=yes
lt_cv_ar_at_file=@
lt_cv_archive_cmds_need_lc=no
lt_cv_deplibs_check_method=pass_all
lt_cv_file_magic_cmd='$MAGIC_CMD'
lt_cv_file_magic_test_file=
lt_cv_ld_reload_flag=-r
lt_cv_nm_interface='BSD nm'
lt_cv_objdir=.libs
lt_cv_path_LD=/usr/bin/ld
lt_cv_path_LDCXX='/usr/bin/ld -m elf_x86_64'
lt_cv_path_NM=nm
lt_cv_path_mainfest_tool=no
lt_cv_prog_compiler_c_o=yes
lt_cv_prog_compiler_c_o_CXX=yes
lt_cv_prog_compiler_pic='-fPIC -DPIC'
lt_cv_prog_compiler_pic_CXX='-fPIC -DPIC'
lt_cv_prog_compiler_pic_works=yes
lt_cv_prog_compiler_pic_works_CXX=yes
lt_cv_prog_compiler_rtti_exceptions=no
lt_cv_prog_compiler_static_works=yes
lt_cv_prog_compiler_static_works_CXX=yes
lt_cv_prog_gnu_ld=yes
lt_cv_prog_gnu_ldcxx=yes
lt_cv_sharedlib_from_linklib_cmd='printf %s\n'
lt_cv_shlibpath_overrides_runpath=yes
lt_cv_sys_global_symbol_pipe='sed -n -e '\''s/^.*[	 ]\([ABCDGIRSTW][ABCDGIRSTW]*\)[	 ][	 ]*\([_A-Za-z][_A-Za-z0-9]*\)$/\1 \2 \2/p'\'' | sed '\''/ __gnu_lto/d'\'''
lt_cv_sys_global_symbol_to_c_name_address='sed -n -e '\''s/^: \(.*\) .*$/  {"\1", (void *) 0},/p'\'' -e '\''s/^[ABCDGIRSTW][ABCDGIRSTW]* .* \(.*\)$/  {"\1", (void *) \&\1},/p'\'''
lt_cv_sys_global_symbol_to_c_name_address_lib_prefix='sed -n -e '\''s/^: \(.*\) .*$/  {"\1", (void *) 0},/p'\'' -e '\''s/^[ABCDGIRSTW][ABCDGIRSTW]* .* \(lib.*\)$/  {"\1", (void *) \&\1},/p'\'' -e '\''s/^[ABCDGIRSTW][ABCDGIRSTW]* .* \(.*\)$/  {"lib\1", (void *) \&\1},/p'\'''
lt_cv_sys_global_symbol_to_cdecl='sed -n -e '\''s/^T .* \(.*\)$/extern int \1();/p'\'' -e '\''s/^[ABCDGIRSTW][ABCDGIRSTW]* .* \(.*\)$/extern char \1;/p'\'''
lt_cv_sys_global_symbol_to_import=
lt_cv_sys_max_cmd_len=1572864
lt_cv_to_host_file_cmd=func_convert_file_noop
lt_cv_to_tool_file_cmd=func_convert_file_noop
lt_cv_truncate_bin='/bin/dd bs=4096 count=1'
pkg_cv_CRYPTO_CFLAGS=-I/home/administrator/walletbuilders/build_environment/pivx/3.3.0/depends/x86_64-w64-linux/include
pkg_cv_CRYPTO_LIBS='-L/home/administrator/walletbuilders/build_environment/pivx/3.3.0/depends/x86_64-w64-linux/lib -lcrypto -ldl'
pkg_cv_EVENT_CFLAGS=-I/home/administrator/walletbuilders/build_environment/pivx/3.3.0/depends/x86_64-w64-linux/include
pkg_cv_EVENT_LIBS='-L/home/administrator/walletbuilders/build_environment/pivx/3.3.0/depends/x86_64-w64-linux/lib -levent'
pkg_cv_EVENT_PTHREADS_CFLAGS='-pthread -I/home/administrator/walletbuilders/build_environment/pivx/3.3.0/depends/x86_64-w64-linux/include'
pkg_cv_EVENT_PTHREADS_LIBS='-L/home/administrator/walletbuilders/build_environment/pivx/3.3.0/depends/x86_64-w64-linux/lib -levent_pthreads -levent'
pkg_cv_PROTOBUF_CFLAGS='-pthread -I/home/administrator/walletbuilders/build_environment/pivx/3.3.0/depends/x86_64-w64-linux/include'
pkg_cv_PROTOBUF_LIBS='-L/home/administrator/walletbuilders/build_environment/pivx/3.3.0/depends/x86_64-w64-linux/lib -lprotobuf -pthread -lpthread -lz'
pkg_cv_QR_CFLAGS=-I/home/administrator/walletbuilders/build_environment/pivx/3.3.0/depends/x86_64-w64-linux/include
pkg_cv_QR_LIBS='-L/home/administrator/walletbuilders/build_environment/pivx/3.3.0/depends/x86_64-w64-linux/lib -lqrencode -lpthread'
pkg_cv_QT5_CFLAGS='-I/home/administrator/walletbuilders/build_environment/pivx/3.3.0/depends/x86_64-w64-linux/include/QtNetwork -I/home/administrator/walletbuilders/build_environment/pivx/3.3.0/depends/x86_64-w64-linux/include/QtWidgets -I/home/administrator/walletbuilders/build_environment/pivx/3.3.0/depends/x86_64-w64-linux/include/QtGui -I/home/administrator/walletbuilders/build_environment/pivx/3.3.0/depends/x86_64-w64-linux/include/QtCore'
pkg_cv_QT5_LIBS='-L/home/administrator/walletbuilders/build_environment/pivx/3.3.0/depends/x86_64-w64-linux/lib -lQt5Network -lQt5Core -lm -lz -lqtpcre2 -ldl -lpthread -lz -lssl -lcrypto -lQt5Widgets -lQt5Gui -lqtlibpng -lqtharfbuzz -lQt5Core -lm -lz -lqtpcre2 -ldl -lpthread -lQt5Gui -lQt5Core -lm -lz -lqtpcre2 -ldl -lpthread -lqtlibpng -lqtharfbuzz -lz -lQt5Core -lpthread -lm -lz -lqtpcre2 -ldl'
pkg_cv_QTACCESSIBILITY_CFLAGS='-I/home/administrator/walletbuilders/build_environment/pivx/3.3.0/depends/x86_64-w64-linux/include/QtAccessibilitySupport -I/home/administrator/walletbuilders/build_environment/pivx/3.3.0/depends/x86_64-w64-linux/include/QtGui -I/home/administrator/walletbuilders/build_environment/pivx/3.3.0/depends/x86_64-w64-linux/include/QtCore'
pkg_cv_QTACCESSIBILITY_LIBS='-L/home/administrator/walletbuilders/build_environment/pivx/3.3.0/depends/x86_64-w64-linux/lib -lQt5AccessibilitySupport -lQt5Gui -lqtlibpng -lqtharfbuzz -lQt5Core -lm -lz -lqtpcre2 -ldl -lpthread -lQt5Gui -lQt5Core -lm -lz -lqtpcre2 -ldl -lpthread -lqtlibpng -lqtharfbuzz -lz -lQt5Core -lpthread -lm -lz -lqtpcre2 -ldl'
pkg_cv_QTDEVICEDISCOVERY_CFLAGS='-I/home/administrator/walletbuilders/build_environment/pivx/3.3.0/depends/x86_64-w64-linux/include/QtDeviceDiscoverySupport -I/home/administrator/walletbuilders/build_environment/pivx/3.3.0/depends/x86_64-w64-linux/include/QtCore'
pkg_cv_QTDEVICEDISCOVERY_LIBS='-L/home/administrator/walletbuilders/build_environment/pivx/3.3.0/depends/x86_64-w64-linux/lib -lQt5DeviceDiscoverySupport -lQt5Core -lm -lz -lqtpcre2 -ldl -lpthread -lQt5Core -lpthread -lm -lz -lqtpcre2 -ldl'
pkg_cv_QTEVENTDISPATCHER_CFLAGS='-I/home/administrator/walletbuilders/build_environment/pivx/3.3.0/depends/x86_64-w64-linux/include/QtEventDispatcherSupport -I/home/administrator/walletbuilders/build_environment/pivx/3.3.0/depends/x86_64-w64-linux/include/QtGui -I/home/administrator/walletbuilders/build_environment/pivx/3.3.0/depends/x86_64-w64-linux/include/QtCore'
pkg_cv_QTEVENTDISPATCHER_LIBS='-L/home/administrator/walletbuilders/build_environment/pivx/3.3.0/depends/x86_64-w64-linux/lib -lQt5EventDispatcherSupport -lQt5Gui -lqtlibpng -lqtharfbuzz -lQt5Core -lm -lz -lqtpcre2 -ldl -lpthread -lQt5Gui -lQt5Core -lm -lz -lqtpcre2 -ldl -lpthread -lqtlibpng -lqtharfbuzz -lz -lQt5Core -lpthread -lm -lz -lqtpcre2 -ldl'
pkg_cv_QTFB_CFLAGS='-I/home/administrator/walletbuilders/build_environment/pivx/3.3.0/depends/x86_64-w64-linux/include/QtFbSupport -I/home/administrator/walletbuilders/build_environment/pivx/3.3.0/depends/x86_64-w64-linux/include/QtGui -I/home/administrator/walletbuilders/build_environment/pivx/3.3.0/depends/x86_64-w64-linux/include/QtCore'
pkg_cv_QTFB_LIBS='-L/home/administrator/walletbuilders/build_environment/pivx/3.3.0/depends/x86_64-w64-linux/lib -lQt5FbSupport -lQt5Gui -lqtlibpng -lqtharfbuzz -lQt5Core -lm -lz -lqtpcre2 -ldl -lpthread -lQt5Gui -lQt5Core -lm -lz -lqtpcre2 -ldl -lpthread -lqtlibpng -lqtharfbuzz -lz -lQt5Core -lpthread -lm -lz -lqtpcre2 -ldl'
pkg_cv_QTFONTDATABASE_CFLAGS='-I/home/administrator/walletbuilders/build_environment/pivx/3.3.0/depends/x86_64-w64-linux/include/QtFontDatabaseSupport -I/home/administrator/walletbuilders/build_environment/pivx/3.3.0/depends/x86_64-w64-linux/include/QtGui -I/home/administrator/walletbuilders/build_environment/pivx/3.3.0/depends/x86_64-w64-linux/include/QtCore'
pkg_cv_QTFONTDATABASE_LIBS='-L/home/administrator/walletbuilders/build_environment/pivx/3.3.0/depends/x86_64-w64-linux/lib -L//home/administrator/walletbuilders/build_environment/pivx/3.3.0/depends/x86_64-w64-linux/lib -L/home/administrator/walletbuilders/build_environment/pivx/3.3.0/depends/x86_64-w64-linux/lib -lQt5FontDatabaseSupport -lQt5Gui -lqtlibpng -lqtharfbuzz -lQt5Core -lm -lz -lqtpcre2 -ldl -lpthread -lfontconfig -lfreetype -lQt5Gui -lQt5Core -lm -lz -lqtpcre2 -ldl -lpthread -lqtlibpng -lqtharfbuzz -lz -lQt5Core -lpthread -lm -lz -lqtpcre2 -ldl'
pkg_cv_QTTHEME_CFLAGS='-I/home/administrator/walletbuilders/build_environment/pivx/3.3.0/depends/x86_64-w64-linux/include/QtThemeSupport -I/home/administrator/walletbuilders/build_environment/pivx/3.3.0/depends/x86_64-w64-linux/include/QtGui -I/home/administrator/walletbuilders/build_environment/pivx/3.3.0/depends/x86_64-w64-linux/include/QtCore'
pkg_cv_QTTHEME_LIBS='-L/home/administrator/walletbuilders/build_environment/pivx/3.3.0/depends/x86_64-w64-linux/lib -lQt5ThemeSupport -lQt5Gui -lqtlibpng -lqtharfbuzz -lQt5Core -lm -lz -lqtpcre2 -ldl -lpthread -lQt5DBus -lQt5Core -lpthread -lm -lz -lqtpcre2 -ldl -lQt5Gui -lQt5Core -lm -lz -lqtpcre2 -ldl -lpthread -lqtlibpng -lqtharfbuzz -lz -lQt5Core -lpthread -lm -lz -lqtpcre2 -ldl'
pkg_cv_QTXCBQPA_CFLAGS='-I/home/administrator/walletbuilders/build_environment/pivx/3.3.0/depends/x86_64-w64-linux/include/QtXcbQpa -I/home/administrator/walletbuilders/build_environment/pivx/3.3.0/depends/x86_64-w64-linux/include/QtServiceSupport -I/home/administrator/walletbuilders/build_environment/pivx/3.3.0/depends/x86_64-w64-linux/include/QtThemeSupport -I/home/administrator/walletbuilders/build_environment/pivx/3.3.0/depends/x86_64-w64-linux/include/QtEventDispatcherSupport -I/home/administrator/walletbuilders/build_environment/pivx/3.3.0/depends/x86_64-w64-linux/include/QtFontDatabaseSupport -I/home/administrator/walletbuilders/build_environment/pivx/3.3.0/depends/x86_64-w64-linux/include/QtGui -I/home/administrator/walletbuilders/build_environment/pivx/3.3.0/depends/x86_64-w64-linux/include/QtCore'
pkg_cv_QTXCBQPA_LIBS='-L/home/administrator/walletbuilders/build_environment/pivx/3.3.0/depends/x86_64-w64-linux/lib -L//home/administrator/walletbuilders/build_environment/pivx/3.3.0/depends/x86_64-w64-linux/lib -L/home/administrator/walletbuilders/build_environment/pivx/3.3.0/depends/x86_64-w64-linux/lib -L//home/administrator/walletbuilders/build_environment/pivx/3.3.0/depends/x86_64-w64-linux/lib -L/home/administrator/walletbuilders/build_environment/pivx/3.3.0/depends/x86_64-w64-linux/lib -lQt5XcbQpa -lQt5ServiceSupport -lQt5ThemeSupport -lQt5DBus -lQt5EventDispatcherSupport -lQt5FontDatabaseSupport -lfontconfig -lfreetype -lQt5Gui -lqtlibpng -lqtharfbuzz -lQt5Core -lm -lz -lqtpcre2 -lpthread -lX11-xcb -lX11 -lxcb-static -lxcb -ldl -lQt5ServiceSupport -lQt5Gui -lqtlibpng -lqtharfbuzz -lQt5Core -lm -lz -lqtpcre2 -ldl -lpthread -lQt5ThemeSupport -lQt5Gui -lqtlibpng -lqtharfbuzz -lQt5Core -lm -lz -lqtpcre2 -ldl -lpthread -lQt5DBus -lQt5Core -lpthread -lm -lz -lqtpcre2 -ldl -lQt5EventDispatcherSupport -lQt5Gui -lqtlibpng -lqtharfbuzz -lQt5Core -lm -lz -lqtpcre2 -ldl -lpthread -lQt5FontDatabaseSupport -lQt5Gui -lqtlibpng -lqtharfbuzz -lQt5Core -lm -lz -lqtpcre2 -ldl -lpthread -lfontconfig -lfreetype -lQt5Gui -lQt5Core -lm -lz -lqtpcre2 -ldl -lpthread -lqtlibpng -lqtharfbuzz -lz -lQt5Core -lpthread -lm -lz -lqtpcre2 -ldl'
pkg_cv_QT_DBUS_CFLAGS='-I/home/administrator/walletbuilders/build_environment/pivx/3.3.0/depends/x86_64-w64-linux/include/QtDBus -I/home/administrator/walletbuilders/build_environment/pivx/3.3.0/depends/x86_64-w64-linux/include/QtCore'
pkg_cv_QT_DBUS_LIBS='-L/home/administrator/walletbuilders/build_environment/pivx/3.3.0/depends/x86_64-w64-linux/lib -lQt5DBus -lQt5Core -lm -lz -lqtpcre2 -ldl -lpthread -lQt5Core -lpthread -lm -lz -lqtpcre2 -ldl'
pkg_cv_QT_TEST_CFLAGS='-I/home/administrator/walletbuilders/build_environment/pivx/3.3.0/depends/x86_64-w64-linux/include/QtTest -I/home/administrator/walletbuilders/build_environment/pivx/3.3.0/depends/x86_64-w64-linux/include/QtCore'
pkg_cv_QT_TEST_LIBS='-L/home/administrator/walletbuilders/build_environment/pivx/3.3.0/depends/x86_64-w64-linux/lib -lQt5Test -lQt5Core -lm -lz -lqtpcre2 -ldl -lpthread -lQt5Core -lpthread -lm -lz -lqtpcre2 -ldl'
pkg_cv_SSL_CFLAGS=-I/home/administrator/walletbuilders/build_environment/pivx/3.3.0/depends/x86_64-w64-linux/include
pkg_cv_SSL_LIBS='-L/home/administrator/walletbuilders/build_environment/pivx/3.3.0/depends/x86_64-w64-linux/lib -lssl -lcrypto -ldl'
pkg_cv_X11XCB_CFLAGS='-I/home/administrator/walletbuilders/build_environment/pivx/3.3.0/depends/x86_64-w64-linux/include -I/home/administrator/walletbuilders/build_environment/pivx/3.3.0/depends/x86_64-w64-linux/include/xcb-shared -I/home/administrator/walletbuilders/build_environment/pivx/3.3.0/depends/x86_64-w64-linux/include'
pkg_cv_X11XCB_LIBS='-L/home/administrator/walletbuilders/build_environment/pivx/3.3.0/depends/x86_64-w64-linux/lib -lX11-xcb -lX11 -lpthread -lxcb -lXau'
pkg_cv_ZMQ_CFLAGS=-I/home/administrator/walletbuilders/build_environment/pivx/3.3.0/depends/x86_64-w64-linux/include
pkg_cv_ZMQ_LIBS='-L/home/administrator/walletbuilders/build_environment/pivx/3.3.0/depends/x86_64-w64-linux/lib -lzmq -lpthread -lrt'

## ----------------- ##
## Output variables. ##
## ----------------- ##

ACLOCAL='${SHELL} /tmp/BitcoinClassic/build-aux/missing aclocal-1.15'
AMDEPBACKSLASH='\'
AMDEP_FALSE='#'
AMDEP_TRUE=''
AMTAR='$${TAR-tar}'
AM_BACKSLASH='\'
AM_DEFAULT_V='$(AM_DEFAULT_VERBOSITY)'
AM_DEFAULT_VERBOSITY='0'
AM_V='$(V)'
AR='ar'
ARFLAGS='cr'
AUTOCONF='${SHELL} /tmp/BitcoinClassic/build-aux/missing autoconf'
AUTOHEADER='${SHELL} /tmp/BitcoinClassic/build-aux/missing autoheader'
AUTOMAKE='${SHELL} /tmp/BitcoinClassic/build-aux/missing automake-1.15'
AVX2_CXXFLAGS='-mavx -mavx2'
AWK='gawk'
BDB_CFLAGS=''
BDB_CPPFLAGS=''
BDB_LIBS='-ldb_cxx-4.8'
BITCOIN_CLI_NAME='bitcoinclassic-cli'
BITCOIN_DAEMON_NAME='bitcoinclassicd'
BITCOIN_GUI_NAME='bitcoinclassic-qt'
BITCOIN_TX_NAME='bitcoinclassic-tx'
BOOST_CHRONO_LIB='-lboost_chrono-mt'
BOOST_CPPFLAGS='-DBOOST_SP_USE_STD_ATOMIC -DBOOST_AC_USE_STD_ATOMIC -pthread -I/home/administrator/walletbuilders/build_environment/pivx/3.3.0/depends/x86_64-w64-linux/share/../include'
BOOST_FILESYSTEM_LIB='-lboost_filesystem-mt'
BOOST_LDFLAGS='-L/home/administrator/walletbuilders/build_environment/pivx/3.3.0/depends/x86_64-w64-linux/share/../lib'
BOOST_LIBS='-L/home/administrator/walletbuilders/build_environment/pivx/3.3.0/depends/x86_64-w64-linux/share/../lib -lboost_system-mt -lboost_filesystem-mt -lboost_program_options-mt -lboost_thread-mt -lboost_chrono-mt'
BOOST_PROGRAM_OPTIONS_LIB='-lboost_program_options-mt'
BOOST_SYSTEM_LIB='-lboost_system-mt'
BOOST_THREAD_LIB='-lboost_thread-mt'
BOOST_UNIT_TEST_FRAMEWORK_LIB=''
BREW=''
BUILD_BITCOIND_FALSE='#'
BUILD_BITCOIND_TRUE=''
BUILD_BITCOIN_LIBS_FALSE=''
BUILD_BITCOIN_LIBS_TRUE='#'
BUILD_BITCOIN_UTILS_FALSE='#'
BUILD_BITCOIN_UTILS_TRUE=''
BUILD_DARWIN_FALSE=''
BUILD_DARWIN_TRUE='#'
CC='gcc -m64'
CCACHE=''
CCDEPMODE='depmode=gcc3'
CFLAGS='-pipe -O2 '
CLIENT_VERSION_BUILD='0'
CLIENT_VERSION_IS_RELEASE='true'
CLIENT_VERSION_MAJOR='1'
CLIENT_VERSION_MINOR='0'
CLIENT_VERSION_REVISION='0'
COMPAT_LDFLAGS=''
COPYRIGHT_YEAR='2019'
CPP='gcc -m64 -E'
CPPFILT='/usr/bin/c++filt'
CPPFLAGS='-I/home/administrator/walletbuilders/build_environment/pivx/3.3.0/depends/x86_64-w64-linux/share/../include/  -DHAVE_BUILD_INFO -D__STDC_FORMAT_MACROS'
CRYPTO_CFLAGS='-I/home/administrator/walletbuilders/build_environment/pivx/3.3.0/depends/x86_64-w64-linux/include'
CRYPTO_LIBS='-L/home/administrator/walletbuilders/build_environment/pivx/3.3.0/depends/x86_64-w64-linux/lib -lcrypto -ldl'
CXX='g++ -m64 -std=c++11'
CXXCPP='g++ -m64 -std=c++11 -E'
CXXDEPMODE='depmode=gcc3'
CXXFLAGS='-pipe -O2 '
CYGPATH_W='echo'
DEBUG_CPPFLAGS=''
DEBUG_CXXFLAGS=''
DEFS='-DHAVE_CONFIG_H'
DEPDIR='.deps'
DLLTOOL='false'
DOXYGEN='/usr/bin/doxygen'
DSYMUTIL=''
DUMPBIN=''
ECHO_C=''
ECHO_N='-n'
ECHO_T=''
EGREP='/bin/grep -E'
EMBEDDED_LEVELDB_FALSE='#'
EMBEDDED_LEVELDB_TRUE=''
EMBEDDED_UNIVALUE_FALSE='#'
EMBEDDED_UNIVALUE_TRUE=''
ENABLE_AVX2_FALSE='#'
ENABLE_AVX2_TRUE=''
ENABLE_BENCH_FALSE=''
ENABLE_BENCH_TRUE='#'
ENABLE_HWCRC32_FALSE='#'
ENABLE_HWCRC32_TRUE=''
ENABLE_MAN_FALSE='#'
ENABLE_MAN_TRUE=''
ENABLE_QT_FALSE='#'
ENABLE_QT_TESTS_FALSE=''
ENABLE_QT_TESTS_TRUE='#'
ENABLE_QT_TRUE=''
ENABLE_SHANI_FALSE='#'
ENABLE_SHANI_TRUE=''
ENABLE_SSE41_FALSE='#'
ENABLE_SSE41_TRUE=''
ENABLE_TESTS_FALSE=''
ENABLE_TESTS_TRUE='#'
ENABLE_WALLET_FALSE='#'
ENABLE_WALLET_TRUE=''
ENABLE_ZMQ_FALSE='#'
ENABLE_ZMQ_TRUE=''
ERROR_CXXFLAGS=''
EVENT_CFLAGS='-I/home/administrator/walletbuilders/build_environment/pivx/3.3.0/depends/x86_64-w64-linux/include'
EVENT_LIBS='-L/home/administrator/walletbuilders/build_environment/pivx/3.3.0/depends/x86_64-w64-linux/lib -levent'
EVENT_PTHREADS_CFLAGS='-pthread -I/home/administrator/walletbuilders/build_environment/pivx/3.3.0/depends/x86_64-w64-linux/include'
EVENT_PTHREADS_LIBS='-L/home/administrator/walletbuilders/build_environment/pivx/3.3.0/depends/x86_64-w64-linux/lib -levent_pthreads -levent'
EXEEXT=''
EXTENDED_FUNCTIONAL_TESTS=''
FGREP='/bin/grep -F'
GCOV='/usr/bin/gcov'
GENHTML=''
GENISOIMAGE=''
GIT='/usr/bin/git'
GLIBC_BACK_COMPAT_FALSE=''
GLIBC_BACK_COMPAT_TRUE='#'
GPROF_CXXFLAGS=''
GPROF_LDFLAGS=''
GREP='/bin/grep'
HARDENED_CPPFLAGS=' -U_FORTIFY_SOURCE -D_FORTIFY_SOURCE=2'
HARDENED_CXXFLAGS=' -Wstack-protector -fstack-protector-all'
HARDENED_LDFLAGS=' -Wl,-z,relro -Wl,-z,now -pie'
HARDEN_FALSE='#'
HARDEN_TRUE=''
HAVE_CXX11='1'
HAVE_DOXYGEN_FALSE='#'
HAVE_DOXYGEN_TRUE=''
HEXDUMP='/usr/bin/hexdump'
IMAGEMAGICK_CONVERT=''
INSTALLNAMETOOL=''
INSTALL_DATA='${INSTALL} -m 644'
INSTALL_PROGRAM='${INSTALL}'
INSTALL_SCRIPT='${INSTALL}'
INSTALL_STRIP_PROGRAM='$(install_sh) -c -s'
LCOV=''
LCOV_OPTS=''
LD='/usr/bin/ld -m elf_x86_64'
LDFLAGS='-L/home/administrator/walletbuilders/build_environment/pivx/3.3.0/depends/x86_64-w64-linux/share/../lib '
LEVELDB_CPPFLAGS=''
LEVELDB_TARGET_FLAGS='-DOS_LINUX'
LIBLEVELDB=''
LIBMEMENV=''
LIBOBJS=''
LIBS='-lcrypto  -lgmp'
LIBTOOL='$(SHELL) $(top_builddir)/libtool'
LIBTOOL_APP_LDFLAGS=''
LIPO=''
LN_S='ln -s'
LRELEASE='/home/administrator/walletbuilders/build_environment/pivx/3.3.0/depends/x86_64-w64-linux/share/../native/bin/lrelease'
LTLIBOBJS=''
LT_SYS_LIBRARY_PATH=''
LUPDATE='/home/administrator/walletbuilders/build_environment/pivx/3.3.0/depends/x86_64-w64-linux/share/../native/bin/lupdate'
MAINT=''
MAINTAINER_MODE_FALSE='#'
MAINTAINER_MODE_TRUE=''
MAKEINFO='${SHELL} /tmp/BitcoinClassic/build-aux/missing makeinfo'
MAKENSIS=''
MANIFEST_TOOL=':'
MINIUPNPC_CPPFLAGS=''
MINIUPNPC_LIBS='-lminiupnpc'
MKDIR_P='/bin/mkdir -p'
MOC='/home/administrator/walletbuilders/build_environment/pivx/3.3.0/depends/x86_64-w64-linux/share/../native/bin/moc'
MOC_DEFS='-DHAVE_CONFIG_H -I$(srcdir)'
NM='nm'
NMEDIT=''
NOWARN_CXXFLAGS=''
OBJCOPY='/usr/bin/objcopy'
OBJCXX='g++ -m64 -std=c++11'
OBJCXXDEPMODE='depmode=gcc3'
OBJCXXFLAGS=''
OBJDUMP='objdump'
OBJEXT='o'
OTOOL64=''
OTOOL=''
PACKAGE='bitcoinclassic'
PACKAGE_BUGREPORT='www.bitcoinclassic.org'
PACKAGE_NAME='BitcoinClassic Core'
PACKAGE_STRING='BitcoinClassic Core 1.0.0'
PACKAGE_TARNAME='bitcoinclassic'
PACKAGE_URL=''
PACKAGE_VERSION='1.0.0'
PATH_SEPARATOR=':'
PIC_FLAGS='-fPIC'
PIE_FLAGS='-fPIE'
PKG_CONFIG='/usr/bin/pkg-config --static'
PKG_CONFIG_LIBDIR=''
PKG_CONFIG_PATH='/home/administrator/walletbuilders/build_environment/pivx/3.3.0/depends/x86_64-w64-linux/share/../share/pkgconfig:/home/administrator/walletbuilders/build_environment/pivx/3.3.0/depends/x86_64-w64-linux/share/../lib/pkgconfig'
PORT=''
PROTOBUF_CFLAGS='-pthread -I/home/administrator/walletbuilders/build_environment/pivx/3.3.0/depends/x86_64-w64-linux/include'
PROTOBUF_LIBS='-L/home/administrator/walletbuilders/build_environment/pivx/3.3.0/depends/x86_64-w64-linux/lib -lprotobuf -pthread -lpthread -lz'
PROTOC='/home/administrator/walletbuilders/build_environment/pivx/3.3.0/depends/x86_64-w64-linux/share/../native/bin/protoc'
PTHREAD_CC='gcc -m64'
PTHREAD_CFLAGS='-pthread'
PTHREAD_LIBS=''
PYTHON='/usr/bin/python3.6'
PYTHONPATH='/home/administrator/walletbuilders/build_environment/pivx/3.3.0/depends/x86_64-w64-linux/share/../native/lib/python3/dist-packages:'
QR_CFLAGS='-I/home/administrator/walletbuilders/build_environment/pivx/3.3.0/depends/x86_64-w64-linux/include'
QR_LIBS='-L/home/administrator/walletbuilders/build_environment/pivx/3.3.0/depends/x86_64-w64-linux/lib -lqrencode -lpthread'
QT5_CFLAGS='-I/home/administrator/walletbuilders/build_environment/pivx/3.3.0/depends/x86_64-w64-linux/include/QtNetwork -I/home/administrator/walletbuilders/build_environment/pivx/3.3.0/depends/x86_64-w64-linux/include/QtWidgets -I/home/administrator/walletbuilders/build_environment/pivx/3.3.0/depends/x86_64-w64-linux/include/QtGui -I/home/administrator/walletbuilders/build_environment/pivx/3.3.0/depends/x86_64-w64-linux/include/QtCore'
QT5_LIBS='-L/home/administrator/walletbuilders/build_environment/pivx/3.3.0/depends/x86_64-w64-linux/lib -lQt5Network -lQt5Core -lm -lz -lqtpcre2 -ldl -lpthread -lz -lssl -lcrypto -lQt5Widgets -lQt5Gui -lqtlibpng -lqtharfbuzz -lQt5Core -lm -lz -lqtpcre2 -ldl -lpthread -lQt5Gui -lQt5Core -lm -lz -lqtpcre2 -ldl -lpthread -lqtlibpng -lqtharfbuzz -lz -lQt5Core -lpthread -lm -lz -lqtpcre2 -ldl'
QTACCESSIBILITY_CFLAGS='-I/home/administrator/walletbuilders/build_environment/pivx/3.3.0/depends/x86_64-w64-linux/include/QtAccessibilitySupport -I/home/administrator/walletbuilders/build_environment/pivx/3.3.0/depends/x86_64-w64-linux/include/QtGui -I/home/administrator/walletbuilders/build_environment/pivx/3.3.0/depends/x86_64-w64-linux/include/QtCore'
QTACCESSIBILITY_LIBS='-L/home/administrator/walletbuilders/build_environment/pivx/3.3.0/depends/x86_64-w64-linux/lib -lQt5AccessibilitySupport -lQt5Gui -lqtlibpng -lqtharfbuzz -lQt5Core -lm -lz -lqtpcre2 -ldl -lpthread -lQt5Gui -lQt5Core -lm -lz -lqtpcre2 -ldl -lpthread -lqtlibpng -lqtharfbuzz -lz -lQt5Core -lpthread -lm -lz -lqtpcre2 -ldl'
QTCGL_CFLAGS=''
QTCGL_LIBS=''
QTCLIPBOARD_CFLAGS=''
QTCLIPBOARD_LIBS=''
QTDEVICEDISCOVERY_CFLAGS='-I/home/administrator/walletbuilders/build_environment/pivx/3.3.0/depends/x86_64-w64-linux/include/QtDeviceDiscoverySupport -I/home/administrator/walletbuilders/build_environment/pivx/3.3.0/depends/x86_64-w64-linux/include/QtCore'
QTDEVICEDISCOVERY_LIBS='-L/home/administrator/walletbuilders/build_environment/pivx/3.3.0/depends/x86_64-w64-linux/lib -lQt5DeviceDiscoverySupport -lQt5Core -lm -lz -lqtpcre2 -ldl -lpthread -lQt5Core -lpthread -lm -lz -lqtpcre2 -ldl'
QTEVENTDISPATCHER_CFLAGS='-I/home/administrator/walletbuilders/build_environment/pivx/3.3.0/depends/x86_64-w64-linux/include/QtEventDispatcherSupport -I/home/administrator/walletbuilders/build_environment/pivx/3.3.0/depends/x86_64-w64-linux/include/QtGui -I/home/administrator/walletbuilders/build_environment/pivx/3.3.0/depends/x86_64-w64-linux/include/QtCore'
QTEVENTDISPATCHER_LIBS='-L/home/administrator/walletbuilders/build_environment/pivx/3.3.0/depends/x86_64-w64-linux/lib -lQt5EventDispatcherSupport -lQt5Gui -lqtlibpng -lqtharfbuzz -lQt5Core -lm -lz -lqtpcre2 -ldl -lpthread -lQt5Gui -lQt5Core -lm -lz -lqtpcre2 -ldl -lpthread -lqtlibpng -lqtharfbuzz -lz -lQt5Core -lpthread -lm -lz -lqtpcre2 -ldl'
QTFB_CFLAGS='-I/home/administrator/walletbuilders/build_environment/pivx/3.3.0/depends/x86_64-w64-linux/include/QtFbSupport -I/home/administrator/walletbuilders/build_environment/pivx/3.3.0/depends/x86_64-w64-linux/include/QtGui -I/home/administrator/walletbuilders/build_environment/pivx/3.3.0/depends/x86_64-w64-linux/include/QtCore'
QTFB_LIBS='-L/home/administrator/walletbuilders/build_environment/pivx/3.3.0/depends/x86_64-w64-linux/lib -lQt5FbSupport -lQt5Gui -lqtlibpng -lqtharfbuzz -lQt5Core -lm -lz -lqtpcre2 -ldl -lpthread -lQt5Gui -lQt5Core -lm -lz -lqtpcre2 -ldl -lpthread -lqtlibpng -lqtharfbuzz -lz -lQt5Core -lpthread -lm -lz -lqtpcre2 -ldl'
QTFONTDATABASE_CFLAGS='-I/home/administrator/walletbuilders/build_environment/pivx/3.3.0/depends/x86_64-w64-linux/include/QtFontDatabaseSupport -I/home/administrator/walletbuilders/build_environment/pivx/3.3.0/depends/x86_64-w64-linux/include/QtGui -I/home/administrator/walletbuilders/build_environment/pivx/3.3.0/depends/x86_64-w64-linux/include/QtCore'
QTFONTDATABASE_LIBS='-L/home/administrator/walletbuilders/build_environment/pivx/3.3.0/depends/x86_64-w64-linux/lib -L//home/administrator/walletbuilders/build_environment/pivx/3.3.0/depends/x86_64-w64-linux/lib -L/home/administrator/walletbuilders/build_environment/pivx/3.3.0/depends/x86_64-w64-linux/lib -lQt5FontDatabaseSupport -lQt5Gui -lqtlibpng -lqtharfbuzz -lQt5Core -lm -lz -lqtpcre2 -ldl -lpthread -lfontconfig -lfreetype -lQt5Gui -lQt5Core -lm -lz -lqtpcre2 -ldl -lpthread -lqtlibpng -lqtharfbuzz -lz -lQt5Core -lpthread -lm -lz -lqtpcre2 -ldl'
QTGRAPHICS_CFLAGS=''
QTGRAPHICS_LIBS=''
QTPLATFORM_CFLAGS=''
QTPLATFORM_LIBS=''
QTTHEME_CFLAGS='-I/home/administrator/walletbuilders/build_environment/pivx/3.3.0/depends/x86_64-w64-linux/include/QtThemeSupport -I/home/administrator/walletbuilders/build_environment/pivx/3.3.0/depends/x86_64-w64-linux/include/QtGui -I/home/administrator/walletbuilders/build_environment/pivx/3.3.0/depends/x86_64-w64-linux/include/QtCore'
QTTHEME_LIBS='-L/home/administrator/walletbuilders/build_environment/pivx/3.3.0/depends/x86_64-w64-linux/lib -lQt5ThemeSupport -lQt5Gui -lqtlibpng -lqtharfbuzz -lQt5Core -lm -lz -lqtpcre2 -ldl -lpthread -lQt5DBus -lQt5Core -lpthread -lm -lz -lqtpcre2 -ldl -lQt5Gui -lQt5Core -lm -lz -lqtpcre2 -ldl -lpthread -lqtlibpng -lqtharfbuzz -lz -lQt5Core -lpthread -lm -lz -lqtpcre2 -ldl'
QTXCBQPA_CFLAGS='-I/home/administrator/walletbuilders/build_environment/pivx/3.3.0/depends/x86_64-w64-linux/include/QtXcbQpa -I/home/administrator/walletbuilders/build_environment/pivx/3.3.0/depends/x86_64-w64-linux/include/QtServiceSupport -I/home/administrator/walletbuilders/build_environment/pivx/3.3.0/depends/x86_64-w64-linux/include/QtThemeSupport -I/home/administrator/walletbuilders/build_environment/pivx/3.3.0/depends/x86_64-w64-linux/include/QtEventDispatcherSupport -I/home/administrator/walletbuilders/build_environment/pivx/3.3.0/depends/x86_64-w64-linux/include/QtFontDatabaseSupport -I/home/administrator/walletbuilders/build_environment/pivx/3.3.0/depends/x86_64-w64-linux/include/QtGui -I/home/administrator/walletbuilders/build_environment/pivx/3.3.0/depends/x86_64-w64-linux/include/QtCore'
QTXCBQPA_LIBS='-L/home/administrator/walletbuilders/build_environment/pivx/3.3.0/depends/x86_64-w64-linux/lib -L//home/administrator/walletbuilders/build_environment/pivx/3.3.0/depends/x86_64-w64-linux/lib -L/home/administrator/walletbuilders/build_environment/pivx/3.3.0/depends/x86_64-w64-linux/lib -L//home/administrator/walletbuilders/build_environment/pivx/3.3.0/depends/x86_64-w64-linux/lib -L/home/administrator/walletbuilders/build_environment/pivx/3.3.0/depends/x86_64-w64-linux/lib -lQt5XcbQpa -lQt5ServiceSupport -lQt5ThemeSupport -lQt5DBus -lQt5EventDispatcherSupport -lQt5FontDatabaseSupport -lfontconfig -lfreetype -lQt5Gui -lqtlibpng -lqtharfbuzz -lQt5Core -lm -lz -lqtpcre2 -lpthread -lX11-xcb -lX11 -lxcb-static -lxcb -ldl -lQt5ServiceSupport -lQt5Gui -lqtlibpng -lqtharfbuzz -lQt5Core -lm -lz -lqtpcre2 -ldl -lpthread -lQt5ThemeSupport -lQt5Gui -lqtlibpng -lqtharfbuzz -lQt5Core -lm -lz -lqtpcre2 -ldl -lpthread -lQt5DBus -lQt5Core -lpthread -lm -lz -lqtpcre2 -ldl -lQt5EventDispatcherSupport -lQt5Gui -lqtlibpng -lqtharfbuzz -lQt5Core -lm -lz -lqtpcre2 -ldl -lpthread -lQt5FontDatabaseSupport -lQt5Gui -lqtlibpng -lqtharfbuzz -lQt5Core -lm -lz -lqtpcre2 -ldl -lpthread -lfontconfig -lfreetype -lQt5Gui -lQt5Core -lm -lz -lqtpcre2 -ldl -lpthread -lqtlibpng -lqtharfbuzz -lz -lQt5Core -lpthread -lm -lz -lqtpcre2 -ldl'
QT_DBUS_CFLAGS='-I/home/administrator/walletbuilders/build_environment/pivx/3.3.0/depends/x86_64-w64-linux/include/QtDBus -I/home/administrator/walletbuilders/build_environment/pivx/3.3.0/depends/x86_64-w64-linux/include/QtCore'
QT_DBUS_INCLUDES='-I/home/administrator/walletbuilders/build_environment/pivx/3.3.0/depends/x86_64-w64-linux/include/QtDBus -I/home/administrator/walletbuilders/build_environment/pivx/3.3.0/depends/x86_64-w64-linux/include/QtCore'
QT_DBUS_LIBS='-L/home/administrator/walletbuilders/build_environment/pivx/3.3.0/depends/x86_64-w64-linux/lib -lQt5DBus -lQt5Core -lm -lz -lqtpcre2 -ldl -lpthread -lQt5Core -lpthread -lm -lz -lqtpcre2 -ldl'
QT_INCLUDES='-I/home/administrator/walletbuilders/build_environment/pivx/3.3.0/depends/x86_64-w64-linux/include/QtNetwork -I/home/administrator/walletbuilders/build_environment/pivx/3.3.0/depends/x86_64-w64-linux/include/QtWidgets -I/home/administrator/walletbuilders/build_environment/pivx/3.3.0/depends/x86_64-w64-linux/include/QtGui -I/home/administrator/walletbuilders/build_environment/pivx/3.3.0/depends/x86_64-w64-linux/include/QtCore'
QT_LDFLAGS=''
QT_LIBS='-lqxcb -lxcb-static -lqminimal -L/home/administrator/walletbuilders/build_environment/pivx/3.3.0/depends/x86_64-w64-linux/lib -L//home/administrator/walletbuilders/build_environment/pivx/3.3.0/depends/x86_64-w64-linux/lib -L/home/administrator/walletbuilders/build_environment/pivx/3.3.0/depends/x86_64-w64-linux/lib -L//home/administrator/walletbuilders/build_environment/pivx/3.3.0/depends/x86_64-w64-linux/lib -L/home/administrator/walletbuilders/build_environment/pivx/3.3.0/depends/x86_64-w64-linux/lib -lQt5XcbQpa -lQt5ServiceSupport -lQt5ThemeSupport -lQt5DBus -lQt5EventDispatcherSupport -lQt5FontDatabaseSupport -lfontconfig -lfreetype -lQt5Gui -lqtlibpng -lqtharfbuzz -lQt5Core -lm -lz -lqtpcre2 -lpthread -lX11-xcb -lX11 -lxcb-static -lxcb -ldl -lQt5ServiceSupport -lQt5Gui -lqtlibpng -lqtharfbuzz -lQt5Core -lm -lz -lqtpcre2 -ldl -lpthread -lQt5ThemeSupport -lQt5Gui -lqtlibpng -lqtharfbuzz -lQt5Core -lm -lz -lqtpcre2 -ldl -lpthread -lQt5DBus -lQt5Core -lpthread -lm -lz -lqtpcre2 -ldl -lQt5EventDispatcherSupport -lQt5Gui -lqtlibpng -lqtharfbuzz -lQt5Core -lm -lz -lqtpcre2 -ldl -lpthread -lQt5FontDatabaseSupport -lQt5Gui -lqtlibpng -lqtharfbuzz -lQt5Core -lm -lz -lqtpcre2 -ldl -lpthread -lfontconfig -lfreetype -lQt5Gui -lQt5Core -lm -lz -lqtpcre2 -ldl -lpthread -lqtlibpng -lqtharfbuzz -lz -lQt5Core -lpthread -lm -lz -lqtpcre2 -ldl -L/home/administrator/walletbuilders/build_environment/pivx/3.3.0/depends/x86_64-w64-linux/lib -lX11-xcb -lX11 -lpthread -lxcb -lXau -lQt5FbSupport -lQt5AccessibilitySupport -lQt5DeviceDiscoverySupport -lQt5ThemeSupport -lQt5EventDispatcherSupport -lQt5FontDatabaseSupport -L/home/administrator/walletbuilders/build_environment/pivx/3.3.0/depends/x86_64-w64-linux/lib -lQt5Network -lQt5Core -lm -lz -lqtpcre2 -ldl -lpthread -lz -lssl -lcrypto -lQt5Widgets -lQt5Gui -lqtlibpng -lqtharfbuzz -lQt5Core -lm -lz -lqtpcre2 -ldl -lpthread -lQt5Gui -lQt5Core -lm -lz -lqtpcre2 -ldl -lpthread -lqtlibpng -lqtharfbuzz -lz -lQt5Core -lpthread -lm -lz -lqtpcre2 -ldl -L/home/administrator/walletbuilders/build_environment/pivx/3.3.0/depends/x86_64-w64-linux/share/../plugins/platforms'
QT_PIE_FLAGS='-fPIE'
QT_SELECT='qt5'
QT_TEST_CFLAGS='-I/home/administrator/walletbuilders/build_environment/pivx/3.3.0/depends/x86_64-w64-linux/include/QtTest -I/home/administrator/walletbuilders/build_environment/pivx/3.3.0/depends/x86_64-w64-linux/include/QtCore'
QT_TEST_INCLUDES='-I/home/administrator/walletbuilders/build_environment/pivx/3.3.0/depends/x86_64-w64-linux/include/QtTest -I/home/administrator/walletbuilders/build_environment/pivx/3.3.0/depends/x86_64-w64-linux/include/QtCore'
QT_TEST_LIBS='-L/home/administrator/walletbuilders/build_environment/pivx/3.3.0/depends/x86_64-w64-linux/lib -lQt5Test -lQt5Core -lm -lz -lqtpcre2 -ldl -lpthread -lQt5Core -lpthread -lm -lz -lqtpcre2 -ldl'
QT_TRANSLATION_DIR='/home/administrator/walletbuilders/build_environment/pivx/3.3.0/depends/x86_64-w64-linux/share/../translations'
RANLIB='ranlib'
RCC='/home/administrator/walletbuilders/build_environment/pivx/3.3.0/depends/x86_64-w64-linux/share/../native/bin/rcc'
READELF='/usr/bin/readelf'
RELDFLAGS=''
RSVG_CONVERT=''
SANITIZER_CXXFLAGS=''
SANITIZER_LDFLAGS=''
SED='/bin/sed'
SET_MAKE=''
SHANI_CXXFLAGS='-msse4 -msha'
SHELL='/bin/bash'
SSE41_CXXFLAGS='-msse4.1'
SSE42_CXXFLAGS='-msse4.2'
SSL_CFLAGS='-I/home/administrator/walletbuilders/build_environment/pivx/3.3.0/depends/x86_64-w64-linux/include'
SSL_LIBS='-L/home/administrator/walletbuilders/build_environment/pivx/3.3.0/depends/x86_64-w64-linux/lib -lssl -lcrypto -ldl'
STRIP='/usr/bin/strip'
TARGET_DARWIN_FALSE=''
TARGET_DARWIN_TRUE='#'
TARGET_WINDOWS_FALSE=''
TARGET_WINDOWS_TRUE='#'
TESTDEFS=''
TIFFCP=''
UIC='/home/administrator/walletbuilders/build_environment/pivx/3.3.0/depends/x86_64-w64-linux/share/../native/bin/uic'
UNIVALUE_CFLAGS='-I$(srcdir)/univalue/include'
UNIVALUE_LIBS='univalue/libunivalue.la'
USE_ASM_FALSE='#'
USE_ASM_TRUE=''
USE_LCOV_FALSE=''
USE_LCOV_TRUE='#'
USE_NUM_GMP=''
USE_NUM_GMP_FALSE='#'
USE_NUM_GMP_TRUE=''
USE_NUM_OPENSSL=''
USE_NUM_OPENSSL_FALSE=''
USE_NUM_OPENSSL_TRUE='#'
USE_QRCODE=''
USE_QRCODE_FALSE='#'
USE_QRCODE_TRUE=''
USE_UPNP=''
VERSION='1.0.0'
WARN_CXXFLAGS=''
WINDOWS_BITS=''
WINDRES=''
X11XCB_CFLAGS='-I/home/administrator/walletbuilders/build_environment/pivx/3.3.0/depends/x86_64-w64-linux/include -I/home/administrator/walletbuilders/build_environment/pivx/3.3.0/depends/x86_64-w64-linux/include/xcb-shared -I/home/administrator/walletbuilders/build_environment/pivx/3.3.0/depends/x86_64-w64-linux/include'
X11XCB_LIBS='-L/home/administrator/walletbuilders/build_environment/pivx/3.3.0/depends/x86_64-w64-linux/lib -lX11-xcb -lX11 -lpthread -lxcb -lXau'
XGETTEXT=''
ZMQ_CFLAGS='-I/home/administrator/walletbuilders/build_environment/pivx/3.3.0/depends/x86_64-w64-linux/include'
ZMQ_LIBS='-L/home/administrator/walletbuilders/build_environment/pivx/3.3.0/depends/x86_64-w64-linux/lib -lzmq -lpthread -lrt'
ac_ct_AR=''
ac_ct_CC=''
ac_ct_CXX=''
ac_ct_DUMPBIN=''
ac_ct_OBJCXX=''
am__EXEEXT_FALSE=''
am__EXEEXT_TRUE='#'
am__fastdepCC_FALSE='#'
am__fastdepCC_TRUE=''
am__fastdepCXX_FALSE='#'
am__fastdepCXX_TRUE=''
am__fastdepOBJCXX_FALSE='#'
am__fastdepOBJCXX_TRUE=''
am__include='include'
am__isrc=''
am__leading_dot='.'
am__nodep='_no'
am__quote=''
am__tar='$${TAR-tar} chof - "$$tardir"'
am__untar='$${TAR-tar} xf -'
ax_pthread_config=''
bindir='${exec_prefix}/bin'
build='x86_64-pc-linux-gnu'
build_alias=''
build_cpu='x86_64'
build_os='linux-gnu'
build_vendor='pc'
datadir='${datarootdir}'
datarootdir='${prefix}/share'
docdir='${datarootdir}/doc/${PACKAGE_TARNAME}'
dvidir='${docdir}'
exec_prefix='${prefix}'
host='x86_64-w64-linux-gnu'
host_alias='x86_64-w64-linux'
host_cpu='x86_64'
host_os='linux-gnu'
host_vendor='w64'
htmldir='${docdir}'
includedir='${prefix}/include'
infodir='${datarootdir}/info'
install_sh='${SHELL} /tmp/BitcoinClassic/build-aux/install-sh'
libdir='${exec_prefix}/lib'
libexecdir='${exec_prefix}/libexec'
localedir='${datarootdir}/locale'
localstatedir='${prefix}/var'
mandir='${datarootdir}/man'
mkdir_p='$(MKDIR_P)'
oldincludedir='/usr/include'
pdfdir='${docdir}'
prefix='/usr/local'
program_transform_name='s,x,x,'
psdir='${docdir}'
runstatedir='${localstatedir}/run'
sbindir='${exec_prefix}/sbin'
sharedstatedir='${prefix}/com'
subdirs=' src/univalue src/secp256k1'
sysconfdir='${prefix}/etc'
target_alias=''

## ----------- ##
## confdefs.h. ##
## ----------- ##

/* confdefs.h */
#define PACKAGE_NAME "BitcoinClassic Core"
#define PACKAGE_TARNAME "bitcoinclassic"
#define PACKAGE_VERSION "1.0.0"
#define PACKAGE_STRING "BitcoinClassic Core 1.0.0"
#define PACKAGE_BUGREPORT "www.bitcoinclassic.org"
#define PACKAGE_URL ""
#define HAVE_CXX11 1
#define STDC_HEADERS 1
#define HAVE_SYS_TYPES_H 1
#define HAVE_SYS_STAT_H 1
#define HAVE_STDLIB_H 1
#define HAVE_STRING_H 1
#define HAVE_MEMORY_H 1
#define HAVE_STRINGS_H 1
#define HAVE_INTTYPES_H 1
#define HAVE_STDINT_H 1
#define HAVE_UNISTD_H 1
#define HAVE_DLFCN_H 1
#define LT_OBJDIR ".libs/"
#define USE_ASM 1
#define ENABLE_SSE41 1
#define ENABLE_AVX2 1
#define ENABLE_SHANI 1
#define HAVE_PTHREAD_PRIO_INHERIT 1
#define HAVE_PTHREAD 1
#define HAVE_DECL_STRERROR_R 1
#define HAVE_STRERROR_R 1
#define STRERROR_R_CHAR_P 1
#define HAVE_FUNC_ATTRIBUTE_VISIBILITY 1
#define HAVE_ENDIAN_H 1
#define HAVE_BYTESWAP_H 1
#define HAVE_STDIO_H 1
#define HAVE_STDLIB_H 1
#define HAVE_UNISTD_H 1
#define HAVE_STRINGS_H 1
#define HAVE_SYS_TYPES_H 1
#define HAVE_SYS_STAT_H 1
#define HAVE_SYS_SELECT_H 1
#define HAVE_SYS_PRCTL_H 1
#define HAVE_DECL_STRNLEN 1
#define HAVE_DECL_DAEMON 1
#define HAVE_DECL_LE16TOH 1
#define HAVE_DECL_LE32TOH 1
#define HAVE_DECL_LE64TOH 1
#define HAVE_DECL_HTOLE16 1
#define HAVE_DECL_HTOLE32 1
#define HAVE_DECL_HTOLE64 1
#define HAVE_DECL_BE16TOH 1
#define HAVE_DECL_BE32TOH 1
#define HAVE_DECL_BE64TOH 1
#define HAVE_DECL_HTOBE16 1
#define HAVE_DECL_HTOBE32 1
#define HAVE_DECL_HTOBE64 1
#define HAVE_DECL_BSWAP_16 1
#define HAVE_DECL_BSWAP_32 1
#define HAVE_DECL_BSWAP_64 1
#define HAVE_DECL___BUILTIN_CLZ 1
#define HAVE_DECL___BUILTIN_CLZL 1
#define HAVE_DECL___BUILTIN_CLZLL 1
#define HAVE_MALLOC_INFO 1
#define HAVE_MALLOPT_ARENA_MAX 1
#define HAVE_VISIBILITY_ATTRIBUTE 1
#define HAVE_THREAD_LOCAL 1
#define HAVE_MINIUPNPC_MINIWGET_H 1
#define HAVE_MINIUPNPC_MINIUPNPC_H 1
#define HAVE_MINIUPNPC_UPNPCOMMANDS_H 1
#define HAVE_MINIUPNPC_UPNPERRORS_H 1
#define QT_STATICPLUGIN 1
#define QT_STATICPLUGIN 1
#define QT_QPA_PLATFORM_MINIMAL 1
#define QT_QPA_PLATFORM_XCB 1
#define HAVE_BOOST /**/
#define HAVE_BOOST_SYSTEM /**/
#define HAVE_BOOST_FILESYSTEM /**/
#define HAVE_BOOST_PROGRAM_OPTIONS /**/
#define HAVE_BOOST_THREAD /**/
#define HAVE_BOOST_CHRONO /**/
#define HAVE_WORKING_BOOST_SLEEP_FOR 1
#define ENABLE_ZMQ 1
#define HAVE_DECL_EVP_MD_CTX_NEW 0
#define HAVE_LIBCRYPTO 1
#define HAVE_LIBGMP 1
#define ENABLE_WALLET 1
#define USE_UPNP 0
#define USE_DBUS 1
#define USE_QRCODE 1
#define USE_NUM_GMP 1
#define CLIENT_VERSION_MAJOR 1
#define CLIENT_VERSION_MINOR 0
#define CLIENT_VERSION_REVISION 0
#define CLIENT_VERSION_BUILD 0
#define CLIENT_VERSION_IS_RELEASE true
#define COPYRIGHT_YEAR 2019

configure: exit 0
